[0.228s] DEBUG:colcon:Command line arguments: ['/usr/bin/colcon', 'build']
[0.228s] DEBUG:colcon:Parsed command line arguments: Namespace(log_base=None, log_level=None, verb_name='build', build_base='build', install_base='install', merge_install=False, symlink_install=False, test_result_base=None, continue_on_error=False, executor='parallel', parallel_workers=4, event_handlers=None, ignore_user_meta=False, metas=['./colcon.meta'], base_paths=['.'], packages_ignore=None, packages_ignore_regex=None, paths=None, packages_up_to=None, packages_up_to_regex=None, packages_above=None, packages_above_and_dependencies=None, packages_above_depth=None, packages_select_by_dep=None, packages_skip_by_dep=None, packages_skip_up_to=None, packages_select_build_failed=False, packages_skip_build_finished=False, packages_select_test_failures=False, packages_skip_test_passed=False, packages_select=None, packages_skip=None, packages_select_regex=None, packages_skip_regex=None, packages_start=None, packages_end=None, allow_overriding=[], cmake_args=None, cmake_target=None, cmake_target_skip_unavailable=False, cmake_clean_cache=False, cmake_clean_first=False, cmake_force_configure=False, ament_cmake_args=None, catkin_cmake_args=None, catkin_skip_building_tests=False, verb_parser=<colcon_defaults.argument_parser.defaults.DefaultArgumentsDecorator object at 0x788eceeb96d0>, verb_extension=<colcon_core.verb.build.BuildVerb object at 0x788eceeb9310>, main=<bound method BuildVerb.main of <colcon_core.verb.build.BuildVerb object at 0x788eceeb9310>>)
[0.312s] Level 1:colcon.colcon_core.package_discovery:discover_packages(colcon_meta) check parameters
[0.313s] Level 1:colcon.colcon_core.package_discovery:discover_packages(recursive) check parameters
[0.313s] Level 1:colcon.colcon_core.package_discovery:discover_packages(ignore) check parameters
[0.313s] Level 1:colcon.colcon_core.package_discovery:discover_packages(path) check parameters
[0.313s] Level 1:colcon.colcon_core.package_discovery:discover_packages(colcon_meta) discover
[0.313s] Level 1:colcon.colcon_core.package_discovery:discover_packages(recursive) discover
[0.313s] INFO:colcon.colcon_core.package_discovery:Crawling recursively for packages in '/home/push/CODe/ros2_ws/jazzy_default_ws/src/minimum_plugins'
[0.313s] Level 1:colcon.colcon_core.package_identification:_identify(.) by extensions ['ignore', 'ignore_ament_install']
[0.314s] Level 1:colcon.colcon_core.package_identification:_identify(.) by extension 'ignore'
[0.314s] Level 1:colcon.colcon_core.package_identification:_identify(.) by extension 'ignore_ament_install'
[0.314s] Level 1:colcon.colcon_core.package_identification:_identify(.) by extensions ['colcon_pkg']
[0.314s] Level 1:colcon.colcon_core.package_identification:_identify(.) by extension 'colcon_pkg'
[0.314s] Level 1:colcon.colcon_core.package_identification:_identify(.) by extensions ['colcon_meta']
[0.314s] Level 1:colcon.colcon_core.package_identification:_identify(.) by extension 'colcon_meta'
[0.315s] Level 1:colcon.colcon_core.package_identification:_identify(.) by extensions ['ros']
[0.315s] Level 1:colcon.colcon_core.package_identification:_identify(.) by extension 'ros'
[0.392s] Level 1:colcon.colcon_core.package_identification:_identify(.) by extensions ['cmake', 'python']
[0.392s] Level 1:colcon.colcon_core.package_identification:_identify(.) by extension 'cmake'
[0.392s] Level 1:colcon.colcon_core.package_identification:_identify(.) by extension 'python'
[0.393s] Level 1:colcon.colcon_core.package_identification:_identify(.) by extensions ['python_setup_py']
[0.393s] Level 1:colcon.colcon_core.package_identification:_identify(.) by extension 'python_setup_py'
[0.393s] Level 1:colcon.colcon_core.package_identification:_identify(build) by extensions ['ignore', 'ignore_ament_install']
[0.393s] Level 1:colcon.colcon_core.package_identification:_identify(build) by extension 'ignore'
[0.393s] Level 1:colcon.colcon_core.package_identification:_identify(build) ignored
[0.393s] Level 1:colcon.colcon_core.package_identification:_identify(install) by extensions ['ignore', 'ignore_ament_install']
[0.394s] Level 1:colcon.colcon_core.package_identification:_identify(install) by extension 'ignore'
[0.394s] Level 1:colcon.colcon_core.package_identification:_identify(install) ignored
[0.394s] Level 1:colcon.colcon_core.package_identification:_identify(log) by extensions ['ignore', 'ignore_ament_install']
[0.394s] Level 1:colcon.colcon_core.package_identification:_identify(log) by extension 'ignore'
[0.394s] Level 1:colcon.colcon_core.package_identification:_identify(log) ignored
[0.394s] Level 1:colcon.colcon_core.package_identification:_identify(src) by extensions ['ignore', 'ignore_ament_install']
[0.394s] Level 1:colcon.colcon_core.package_identification:_identify(src) by extension 'ignore'
[0.394s] Level 1:colcon.colcon_core.package_identification:_identify(src) by extension 'ignore_ament_install'
[0.394s] Level 1:colcon.colcon_core.package_identification:_identify(src) by extensions ['colcon_pkg']
[0.394s] Level 1:colcon.colcon_core.package_identification:_identify(src) by extension 'colcon_pkg'
[0.395s] Level 1:colcon.colcon_core.package_identification:_identify(src) by extensions ['colcon_meta']
[0.395s] Level 1:colcon.colcon_core.package_identification:_identify(src) by extension 'colcon_meta'
[0.395s] Level 1:colcon.colcon_core.package_identification:_identify(src) by extensions ['ros']
[0.395s] Level 1:colcon.colcon_core.package_identification:_identify(src) by extension 'ros'
[0.395s] Level 1:colcon.colcon_core.package_identification:_identify(src) by extensions ['cmake', 'python']
[0.395s] Level 1:colcon.colcon_core.package_identification:_identify(src) by extension 'cmake'
[0.395s] Level 1:colcon.colcon_core.package_identification:_identify(src) by extension 'python'
[0.395s] Level 1:colcon.colcon_core.package_identification:_identify(src) by extensions ['python_setup_py']
[0.395s] Level 1:colcon.colcon_core.package_identification:_identify(src) by extension 'python_setup_py'
[0.395s] Level 1:colcon.colcon_core.package_identification:_identify(src/polygon_base) by extensions ['ignore', 'ignore_ament_install']
[0.395s] Level 1:colcon.colcon_core.package_identification:_identify(src/polygon_base) by extension 'ignore'
[0.396s] Level 1:colcon.colcon_core.package_identification:_identify(src/polygon_base) by extension 'ignore_ament_install'
[0.396s] Level 1:colcon.colcon_core.package_identification:_identify(src/polygon_base) by extensions ['colcon_pkg']
[0.396s] Level 1:colcon.colcon_core.package_identification:_identify(src/polygon_base) by extension 'colcon_pkg'
[0.396s] Level 1:colcon.colcon_core.package_identification:_identify(src/polygon_base) by extensions ['colcon_meta']
[0.396s] Level 1:colcon.colcon_core.package_identification:_identify(src/polygon_base) by extension 'colcon_meta'
[0.396s] Level 1:colcon.colcon_core.package_identification:_identify(src/polygon_base) by extensions ['ros']
[0.396s] Level 1:colcon.colcon_core.package_identification:_identify(src/polygon_base) by extension 'ros'
[0.400s] DEBUG:colcon.colcon_core.package_identification:Package 'src/polygon_base' with type 'ros.ament_cmake' and name 'polygon_base'
[0.401s] Level 1:colcon.colcon_core.package_identification:_identify(src/polygon_plugins) by extensions ['ignore', 'ignore_ament_install']
[0.401s] Level 1:colcon.colcon_core.package_identification:_identify(src/polygon_plugins) by extension 'ignore'
[0.401s] Level 1:colcon.colcon_core.package_identification:_identify(src/polygon_plugins) by extension 'ignore_ament_install'
[0.401s] Level 1:colcon.colcon_core.package_identification:_identify(src/polygon_plugins) by extensions ['colcon_pkg']
[0.401s] Level 1:colcon.colcon_core.package_identification:_identify(src/polygon_plugins) by extension 'colcon_pkg'
[0.401s] Level 1:colcon.colcon_core.package_identification:_identify(src/polygon_plugins) by extensions ['colcon_meta']
[0.401s] Level 1:colcon.colcon_core.package_identification:_identify(src/polygon_plugins) by extension 'colcon_meta'
[0.401s] Level 1:colcon.colcon_core.package_identification:_identify(src/polygon_plugins) by extensions ['ros']
[0.401s] Level 1:colcon.colcon_core.package_identification:_identify(src/polygon_plugins) by extension 'ros'
[0.402s] DEBUG:colcon.colcon_core.package_identification:Package 'src/polygon_plugins' with type 'ros.ament_cmake' and name 'polygon_plugins'
[0.402s] Level 1:colcon.colcon_core.package_identification:_identify(src/use_plugins) by extensions ['ignore', 'ignore_ament_install']
[0.403s] Level 1:colcon.colcon_core.package_identification:_identify(src/use_plugins) by extension 'ignore'
[0.403s] Level 1:colcon.colcon_core.package_identification:_identify(src/use_plugins) by extension 'ignore_ament_install'
[0.403s] Level 1:colcon.colcon_core.package_identification:_identify(src/use_plugins) by extensions ['colcon_pkg']
[0.403s] Level 1:colcon.colcon_core.package_identification:_identify(src/use_plugins) by extension 'colcon_pkg'
[0.403s] Level 1:colcon.colcon_core.package_identification:_identify(src/use_plugins) by extensions ['colcon_meta']
[0.403s] Level 1:colcon.colcon_core.package_identification:_identify(src/use_plugins) by extension 'colcon_meta'
[0.403s] Level 1:colcon.colcon_core.package_identification:_identify(src/use_plugins) by extensions ['ros']
[0.403s] Level 1:colcon.colcon_core.package_identification:_identify(src/use_plugins) by extension 'ros'
[0.404s] DEBUG:colcon.colcon_core.package_identification:Package 'src/use_plugins' with type 'ros.ament_cmake' and name 'use_plugins'
[0.404s] Level 1:colcon.colcon_core.package_discovery:discover_packages(recursive) using defaults
[0.404s] Level 1:colcon.colcon_core.package_discovery:discover_packages(ignore) discover
[0.404s] Level 1:colcon.colcon_core.package_discovery:discover_packages(ignore) using defaults
[0.404s] Level 1:colcon.colcon_core.package_discovery:discover_packages(path) discover
[0.404s] Level 1:colcon.colcon_core.package_discovery:discover_packages(path) using defaults
[0.438s] Level 1:colcon.colcon_core.package_discovery:discover_packages(prefix_path) check parameters
[0.438s] Level 1:colcon.colcon_core.package_discovery:discover_packages(prefix_path) discover
[0.442s] DEBUG:colcon.colcon_installed_package_information.package_discovery:Found 3 installed packages in /home/push/CODe/ros2_ws/jazzy_default_ws/src/minimum_plugins/install
[0.446s] DEBUG:colcon.colcon_installed_package_information.package_discovery:Found 370 installed packages in /opt/ros/jazzy
[0.450s] Level 1:colcon.colcon_core.package_discovery:discover_packages(prefix_path) using defaults
[0.556s] Level 5:colcon.colcon_core.verb:set package 'polygon_base' build argument 'cmake_args' from command line to 'None'
[0.556s] Level 5:colcon.colcon_core.verb:set package 'polygon_base' build argument 'cmake_target' from command line to 'None'
[0.556s] Level 5:colcon.colcon_core.verb:set package 'polygon_base' build argument 'cmake_target_skip_unavailable' from command line to 'False'
[0.556s] Level 5:colcon.colcon_core.verb:set package 'polygon_base' build argument 'cmake_clean_cache' from command line to 'False'
[0.556s] Level 5:colcon.colcon_core.verb:set package 'polygon_base' build argument 'cmake_clean_first' from command line to 'False'
[0.556s] Level 5:colcon.colcon_core.verb:set package 'polygon_base' build argument 'cmake_force_configure' from command line to 'False'
[0.556s] Level 5:colcon.colcon_core.verb:set package 'polygon_base' build argument 'ament_cmake_args' from command line to 'None'
[0.556s] Level 5:colcon.colcon_core.verb:set package 'polygon_base' build argument 'catkin_cmake_args' from command line to 'None'
[0.556s] Level 5:colcon.colcon_core.verb:set package 'polygon_base' build argument 'catkin_skip_building_tests' from command line to 'False'
[0.556s] DEBUG:colcon.colcon_core.verb:Building package 'polygon_base' with the following arguments: {'ament_cmake_args': None, 'build_base': '/home/push/CODe/ros2_ws/jazzy_default_ws/src/minimum_plugins/build/polygon_base', 'catkin_cmake_args': None, 'catkin_skip_building_tests': False, 'cmake_args': None, 'cmake_clean_cache': False, 'cmake_clean_first': False, 'cmake_force_configure': False, 'cmake_target': None, 'cmake_target_skip_unavailable': False, 'install_base': '/home/push/CODe/ros2_ws/jazzy_default_ws/src/minimum_plugins/install/polygon_base', 'merge_install': False, 'path': '/home/push/CODe/ros2_ws/jazzy_default_ws/src/minimum_plugins/src/polygon_base', 'symlink_install': False, 'test_result_base': None}
[0.557s] Level 5:colcon.colcon_core.verb:set package 'polygon_plugins' build argument 'cmake_args' from command line to 'None'
[0.557s] Level 5:colcon.colcon_core.verb:set package 'polygon_plugins' build argument 'cmake_target' from command line to 'None'
[0.557s] Level 5:colcon.colcon_core.verb:set package 'polygon_plugins' build argument 'cmake_target_skip_unavailable' from command line to 'False'
[0.557s] Level 5:colcon.colcon_core.verb:set package 'polygon_plugins' build argument 'cmake_clean_cache' from command line to 'False'
[0.557s] Level 5:colcon.colcon_core.verb:set package 'polygon_plugins' build argument 'cmake_clean_first' from command line to 'False'
[0.557s] Level 5:colcon.colcon_core.verb:set package 'polygon_plugins' build argument 'cmake_force_configure' from command line to 'False'
[0.557s] Level 5:colcon.colcon_core.verb:set package 'polygon_plugins' build argument 'ament_cmake_args' from command line to 'None'
[0.557s] Level 5:colcon.colcon_core.verb:set package 'polygon_plugins' build argument 'catkin_cmake_args' from command line to 'None'
[0.557s] Level 5:colcon.colcon_core.verb:set package 'polygon_plugins' build argument 'catkin_skip_building_tests' from command line to 'False'
[0.557s] DEBUG:colcon.colcon_core.verb:Building package 'polygon_plugins' with the following arguments: {'ament_cmake_args': None, 'build_base': '/home/push/CODe/ros2_ws/jazzy_default_ws/src/minimum_plugins/build/polygon_plugins', 'catkin_cmake_args': None, 'catkin_skip_building_tests': False, 'cmake_args': None, 'cmake_clean_cache': False, 'cmake_clean_first': False, 'cmake_force_configure': False, 'cmake_target': None, 'cmake_target_skip_unavailable': False, 'install_base': '/home/push/CODe/ros2_ws/jazzy_default_ws/src/minimum_plugins/install/polygon_plugins', 'merge_install': False, 'path': '/home/push/CODe/ros2_ws/jazzy_default_ws/src/minimum_plugins/src/polygon_plugins', 'symlink_install': False, 'test_result_base': None}
[0.558s] Level 5:colcon.colcon_core.verb:set package 'use_plugins' build argument 'cmake_args' from command line to 'None'
[0.558s] Level 5:colcon.colcon_core.verb:set package 'use_plugins' build argument 'cmake_target' from command line to 'None'
[0.558s] Level 5:colcon.colcon_core.verb:set package 'use_plugins' build argument 'cmake_target_skip_unavailable' from command line to 'False'
[0.558s] Level 5:colcon.colcon_core.verb:set package 'use_plugins' build argument 'cmake_clean_cache' from command line to 'False'
[0.558s] Level 5:colcon.colcon_core.verb:set package 'use_plugins' build argument 'cmake_clean_first' from command line to 'False'
[0.558s] Level 5:colcon.colcon_core.verb:set package 'use_plugins' build argument 'cmake_force_configure' from command line to 'False'
[0.558s] Level 5:colcon.colcon_core.verb:set package 'use_plugins' build argument 'ament_cmake_args' from command line to 'None'
[0.558s] Level 5:colcon.colcon_core.verb:set package 'use_plugins' build argument 'catkin_cmake_args' from command line to 'None'
[0.558s] Level 5:colcon.colcon_core.verb:set package 'use_plugins' build argument 'catkin_skip_building_tests' from command line to 'False'
[0.558s] DEBUG:colcon.colcon_core.verb:Building package 'use_plugins' with the following arguments: {'ament_cmake_args': None, 'build_base': '/home/push/CODe/ros2_ws/jazzy_default_ws/src/minimum_plugins/build/use_plugins', 'catkin_cmake_args': None, 'catkin_skip_building_tests': False, 'cmake_args': None, 'cmake_clean_cache': False, 'cmake_clean_first': False, 'cmake_force_configure': False, 'cmake_target': None, 'cmake_target_skip_unavailable': False, 'install_base': '/home/push/CODe/ros2_ws/jazzy_default_ws/src/minimum_plugins/install/use_plugins', 'merge_install': False, 'path': '/home/push/CODe/ros2_ws/jazzy_default_ws/src/minimum_plugins/src/use_plugins', 'symlink_install': False, 'test_result_base': None}
[0.558s] INFO:colcon.colcon_core.executor:Executing jobs using 'parallel' executor
[0.560s] DEBUG:colcon.colcon_parallel_executor.executor.parallel:run_until_complete
[0.561s] INFO:colcon.colcon_ros.task.ament_cmake.build:Building ROS package in '/home/push/CODe/ros2_ws/jazzy_default_ws/src/minimum_plugins/src/polygon_base' with build type 'ament_cmake'
[0.561s] INFO:colcon.colcon_cmake.task.cmake.build:Building CMake package in '/home/push/CODe/ros2_ws/jazzy_default_ws/src/minimum_plugins/src/polygon_base'
[0.567s] INFO:colcon.colcon_core.plugin_system:Skipping extension 'colcon_core.shell.bat': Not used on non-Windows systems
[0.567s] INFO:colcon.colcon_core.shell:Skip shell extension 'powershell' for command environment: Not usable outside of PowerShell
[0.567s] DEBUG:colcon.colcon_core.shell:Skip shell extension 'dsv' for command environment
[0.579s] INFO:colcon.colcon_ros.task.ament_cmake.build:Building ROS package in '/home/push/CODe/ros2_ws/jazzy_default_ws/src/minimum_plugins/src/polygon_plugins' with build type 'ament_cmake'
[0.580s] INFO:colcon.colcon_cmake.task.cmake.build:Building CMake package in '/home/push/CODe/ros2_ws/jazzy_default_ws/src/minimum_plugins/src/polygon_plugins'
[0.581s] INFO:colcon.colcon_core.shell:Skip shell extension 'powershell' for command environment: Not usable outside of PowerShell
[0.581s] DEBUG:colcon.colcon_core.shell:Skip shell extension 'dsv' for command environment
[0.590s] INFO:colcon.colcon_ros.task.ament_cmake.build:Building ROS package in '/home/push/CODe/ros2_ws/jazzy_default_ws/src/minimum_plugins/src/use_plugins' with build type 'ament_cmake'
[0.590s] INFO:colcon.colcon_cmake.task.cmake.build:Building CMake package in '/home/push/CODe/ros2_ws/jazzy_default_ws/src/minimum_plugins/src/use_plugins'
[0.591s] INFO:colcon.colcon_core.shell:Skip shell extension 'powershell' for command environment: Not usable outside of PowerShell
[0.591s] DEBUG:colcon.colcon_core.shell:Skip shell extension 'dsv' for command environment
[0.617s] DEBUG:colcon.colcon_core.event_handler.log_command:Invoking command in '/home/push/CODe/ros2_ws/jazzy_default_ws/src/minimum_plugins/build/polygon_base': CMAKE_PREFIX_PATH=${CMAKE_PREFIX_PATH}:/opt/ros/jazzy DEBUGINFOD_URLS=https://debuginfod.ubuntu.com /usr/bin/cmake --build /home/push/CODe/ros2_ws/jazzy_default_ws/src/minimum_plugins/build/polygon_base -- -j4 -l4
[0.645s] DEBUG:colcon.colcon_core.event_handler.log_command:Invoking command in '/home/push/CODe/ros2_ws/jazzy_default_ws/src/minimum_plugins/build/polygon_plugins': CMAKE_PREFIX_PATH=${CMAKE_PREFIX_PATH}:/opt/ros/jazzy DEBUGINFOD_URLS=https://debuginfod.ubuntu.com /usr/bin/cmake --build /home/push/CODe/ros2_ws/jazzy_default_ws/src/minimum_plugins/build/polygon_plugins -- -j4 -l4
[0.660s] DEBUG:colcon.colcon_core.event_handler.log_command:Invoking command in '/home/push/CODe/ros2_ws/jazzy_default_ws/src/minimum_plugins/build/use_plugins': CMAKE_PREFIX_PATH=${CMAKE_PREFIX_PATH}:/opt/ros/jazzy DEBUGINFOD_URLS=https://debuginfod.ubuntu.com /usr/bin/cmake --build /home/push/CODe/ros2_ws/jazzy_default_ws/src/minimum_plugins/build/use_plugins -- -j4 -l4
[0.935s] DEBUG:colcon.colcon_core.event_handler.log_command:Invoked command in '/home/push/CODe/ros2_ws/jazzy_default_ws/src/minimum_plugins/build/polygon_base' returned '0': CMAKE_PREFIX_PATH=${CMAKE_PREFIX_PATH}:/opt/ros/jazzy DEBUGINFOD_URLS=https://debuginfod.ubuntu.com /usr/bin/cmake --build /home/push/CODe/ros2_ws/jazzy_default_ws/src/minimum_plugins/build/polygon_base -- -j4 -l4
[1.143s] DEBUG:colcon.colcon_core.event_handler.log_command:Invoking command in '/home/push/CODe/ros2_ws/jazzy_default_ws/src/minimum_plugins/build/polygon_base': CMAKE_PREFIX_PATH=${CMAKE_PREFIX_PATH}:/opt/ros/jazzy DEBUGINFOD_URLS=https://debuginfod.ubuntu.com /usr/bin/cmake --install /home/push/CODe/ros2_ws/jazzy_default_ws/src/minimum_plugins/build/polygon_base
[1.170s] DEBUG:colcon.colcon_core.event_handler.log_command:Invoked command in '/home/push/CODe/ros2_ws/jazzy_default_ws/src/minimum_plugins/build/polygon_plugins' returned '0': CMAKE_PREFIX_PATH=${CMAKE_PREFIX_PATH}:/opt/ros/jazzy DEBUGINFOD_URLS=https://debuginfod.ubuntu.com /usr/bin/cmake --build /home/push/CODe/ros2_ws/jazzy_default_ws/src/minimum_plugins/build/polygon_plugins -- -j4 -l4
[1.281s] Level 1:colcon.colcon_core.environment:create_environment_scripts_only(polygon_base)
[1.297s] DEBUG:colcon.colcon_core.event_handler.log_command:Invoked command in '/home/push/CODe/ros2_ws/jazzy_default_ws/src/minimum_plugins/build/polygon_base' returned '0': CMAKE_PREFIX_PATH=${CMAKE_PREFIX_PATH}:/opt/ros/jazzy DEBUGINFOD_URLS=https://debuginfod.ubuntu.com /usr/bin/cmake --install /home/push/CODe/ros2_ws/jazzy_default_ws/src/minimum_plugins/build/polygon_base
[1.306s] Level 1:colcon.colcon_core.environment:checking '/home/push/CODe/ros2_ws/jazzy_default_ws/src/minimum_plugins/install/polygon_base' for CMake module files
[1.312s] Level 1:colcon.colcon_core.environment:checking '/home/push/CODe/ros2_ws/jazzy_default_ws/src/minimum_plugins/install/polygon_base' for CMake config files
[1.313s] Level 1:colcon.colcon_core.shell:create_environment_hook('polygon_base', 'cmake_prefix_path')
[1.314s] INFO:colcon.colcon_core.shell:Creating environment hook '/home/push/CODe/ros2_ws/jazzy_default_ws/src/minimum_plugins/install/polygon_base/share/polygon_base/hook/cmake_prefix_path.ps1'
[1.315s] INFO:colcon.colcon_core.shell:Creating environment descriptor '/home/push/CODe/ros2_ws/jazzy_default_ws/src/minimum_plugins/install/polygon_base/share/polygon_base/hook/cmake_prefix_path.dsv'
[1.320s] INFO:colcon.colcon_core.shell:Creating environment hook '/home/push/CODe/ros2_ws/jazzy_default_ws/src/minimum_plugins/install/polygon_base/share/polygon_base/hook/cmake_prefix_path.sh'
[1.329s] Level 1:colcon.colcon_core.environment:checking '/home/push/CODe/ros2_ws/jazzy_default_ws/src/minimum_plugins/install/polygon_base/bin'
[1.330s] Level 1:colcon.colcon_core.environment:checking '/home/push/CODe/ros2_ws/jazzy_default_ws/src/minimum_plugins/install/polygon_base/lib/pkgconfig/polygon_base.pc'
[1.330s] Level 1:colcon.colcon_core.environment:checking '/home/push/CODe/ros2_ws/jazzy_default_ws/src/minimum_plugins/install/polygon_base/lib/python3.12/site-packages'
[1.331s] Level 1:colcon.colcon_core.environment:checking '/home/push/CODe/ros2_ws/jazzy_default_ws/src/minimum_plugins/install/polygon_base/bin'
[1.332s] INFO:colcon.colcon_core.shell:Creating package script '/home/push/CODe/ros2_ws/jazzy_default_ws/src/minimum_plugins/install/polygon_base/share/polygon_base/package.ps1'
[1.334s] INFO:colcon.colcon_core.shell:Creating package descriptor '/home/push/CODe/ros2_ws/jazzy_default_ws/src/minimum_plugins/install/polygon_base/share/polygon_base/package.dsv'
[1.339s] INFO:colcon.colcon_core.shell:Creating package script '/home/push/CODe/ros2_ws/jazzy_default_ws/src/minimum_plugins/install/polygon_base/share/polygon_base/package.sh'
[1.342s] INFO:colcon.colcon_core.shell:Creating package script '/home/push/CODe/ros2_ws/jazzy_default_ws/src/minimum_plugins/install/polygon_base/share/polygon_base/package.bash'
[1.349s] INFO:colcon.colcon_core.shell:Creating package script '/home/push/CODe/ros2_ws/jazzy_default_ws/src/minimum_plugins/install/polygon_base/share/polygon_base/package.zsh'
[1.355s] Level 1:colcon.colcon_core.environment:create_file_with_runtime_dependencies(/home/push/CODe/ros2_ws/jazzy_default_ws/src/minimum_plugins/install/polygon_base/share/colcon-core/packages/polygon_base)
[1.394s] DEBUG:colcon.colcon_core.event_handler.log_command:Invoking command in '/home/push/CODe/ros2_ws/jazzy_default_ws/src/minimum_plugins/build/polygon_plugins': CMAKE_PREFIX_PATH=${CMAKE_PREFIX_PATH}:/opt/ros/jazzy DEBUGINFOD_URLS=https://debuginfod.ubuntu.com /usr/bin/cmake --install /home/push/CODe/ros2_ws/jazzy_default_ws/src/minimum_plugins/build/polygon_plugins
[1.456s] Level 1:colcon.colcon_core.environment:create_environment_scripts_only(polygon_plugins)
[1.457s] Level 1:colcon.colcon_core.environment:checking '/home/push/CODe/ros2_ws/jazzy_default_ws/src/minimum_plugins/install/polygon_plugins' for CMake module files
[1.465s] DEBUG:colcon.colcon_core.event_handler.log_command:Invoked command in '/home/push/CODe/ros2_ws/jazzy_default_ws/src/minimum_plugins/build/polygon_plugins' returned '0': CMAKE_PREFIX_PATH=${CMAKE_PREFIX_PATH}:/opt/ros/jazzy DEBUGINFOD_URLS=https://debuginfod.ubuntu.com /usr/bin/cmake --install /home/push/CODe/ros2_ws/jazzy_default_ws/src/minimum_plugins/build/polygon_plugins
[1.466s] Level 1:colcon.colcon_core.environment:checking '/home/push/CODe/ros2_ws/jazzy_default_ws/src/minimum_plugins/install/polygon_plugins' for CMake config files
[1.467s] Level 1:colcon.colcon_core.shell:create_environment_hook('polygon_plugins', 'cmake_prefix_path')
[1.468s] INFO:colcon.colcon_core.shell:Creating environment hook '/home/push/CODe/ros2_ws/jazzy_default_ws/src/minimum_plugins/install/polygon_plugins/share/polygon_plugins/hook/cmake_prefix_path.ps1'
[1.472s] INFO:colcon.colcon_core.shell:Creating environment descriptor '/home/push/CODe/ros2_ws/jazzy_default_ws/src/minimum_plugins/install/polygon_plugins/share/polygon_plugins/hook/cmake_prefix_path.dsv'
[1.473s] INFO:colcon.colcon_core.shell:Creating environment hook '/home/push/CODe/ros2_ws/jazzy_default_ws/src/minimum_plugins/install/polygon_plugins/share/polygon_plugins/hook/cmake_prefix_path.sh'
[1.474s] Level 1:colcon.colcon_core.environment:checking '/home/push/CODe/ros2_ws/jazzy_default_ws/src/minimum_plugins/install/polygon_plugins/lib'
[1.479s] Level 1:colcon.colcon_core.shell:create_environment_hook('polygon_plugins', 'ld_library_path_lib')
[1.480s] INFO:colcon.colcon_core.shell:Creating environment hook '/home/push/CODe/ros2_ws/jazzy_default_ws/src/minimum_plugins/install/polygon_plugins/share/polygon_plugins/hook/ld_library_path_lib.ps1'
[1.481s] INFO:colcon.colcon_core.shell:Creating environment descriptor '/home/push/CODe/ros2_ws/jazzy_default_ws/src/minimum_plugins/install/polygon_plugins/share/polygon_plugins/hook/ld_library_path_lib.dsv'
[1.486s] INFO:colcon.colcon_core.shell:Creating environment hook '/home/push/CODe/ros2_ws/jazzy_default_ws/src/minimum_plugins/install/polygon_plugins/share/polygon_plugins/hook/ld_library_path_lib.sh'
[1.489s] Level 1:colcon.colcon_core.environment:checking '/home/push/CODe/ros2_ws/jazzy_default_ws/src/minimum_plugins/install/polygon_plugins/bin'
[1.489s] Level 1:colcon.colcon_core.environment:checking '/home/push/CODe/ros2_ws/jazzy_default_ws/src/minimum_plugins/install/polygon_plugins/lib/pkgconfig/polygon_plugins.pc'
[1.490s] Level 1:colcon.colcon_core.environment:checking '/home/push/CODe/ros2_ws/jazzy_default_ws/src/minimum_plugins/install/polygon_plugins/lib/python3.12/site-packages'
[1.490s] Level 1:colcon.colcon_core.environment:checking '/home/push/CODe/ros2_ws/jazzy_default_ws/src/minimum_plugins/install/polygon_plugins/bin'
[1.491s] INFO:colcon.colcon_core.shell:Creating package script '/home/push/CODe/ros2_ws/jazzy_default_ws/src/minimum_plugins/install/polygon_plugins/share/polygon_plugins/package.ps1'
[1.498s] INFO:colcon.colcon_core.shell:Creating package descriptor '/home/push/CODe/ros2_ws/jazzy_default_ws/src/minimum_plugins/install/polygon_plugins/share/polygon_plugins/package.dsv'
[1.500s] INFO:colcon.colcon_core.shell:Creating package script '/home/push/CODe/ros2_ws/jazzy_default_ws/src/minimum_plugins/install/polygon_plugins/share/polygon_plugins/package.sh'
[1.502s] INFO:colcon.colcon_core.shell:Creating package script '/home/push/CODe/ros2_ws/jazzy_default_ws/src/minimum_plugins/install/polygon_plugins/share/polygon_plugins/package.bash'
[1.503s] INFO:colcon.colcon_core.shell:Creating package script '/home/push/CODe/ros2_ws/jazzy_default_ws/src/minimum_plugins/install/polygon_plugins/share/polygon_plugins/package.zsh'
[1.504s] Level 1:colcon.colcon_core.environment:create_file_with_runtime_dependencies(/home/push/CODe/ros2_ws/jazzy_default_ws/src/minimum_plugins/install/polygon_plugins/share/colcon-core/packages/polygon_plugins)
[1.514s] Level 1:colcon.colcon_core.environment:create_environment_scripts_only(polygon_base)
[1.514s] Level 1:colcon.colcon_core.environment:checking '/home/push/CODe/ros2_ws/jazzy_default_ws/src/minimum_plugins/install/polygon_base' for CMake module files
[1.516s] Level 1:colcon.colcon_core.environment:checking '/home/push/CODe/ros2_ws/jazzy_default_ws/src/minimum_plugins/install/polygon_base' for CMake config files
[1.516s] Level 1:colcon.colcon_core.shell:create_environment_hook('polygon_base', 'cmake_prefix_path')
[1.517s] INFO:colcon.colcon_core.shell:Creating environment hook '/home/push/CODe/ros2_ws/jazzy_default_ws/src/minimum_plugins/install/polygon_base/share/polygon_base/hook/cmake_prefix_path.ps1'
[1.521s] INFO:colcon.colcon_core.shell:Creating environment descriptor '/home/push/CODe/ros2_ws/jazzy_default_ws/src/minimum_plugins/install/polygon_base/share/polygon_base/hook/cmake_prefix_path.dsv'
[1.525s] INFO:colcon.colcon_core.shell:Creating environment hook '/home/push/CODe/ros2_ws/jazzy_default_ws/src/minimum_plugins/install/polygon_base/share/polygon_base/hook/cmake_prefix_path.sh'
[1.527s] Level 1:colcon.colcon_core.environment:checking '/home/push/CODe/ros2_ws/jazzy_default_ws/src/minimum_plugins/install/polygon_base/bin'
[1.527s] Level 1:colcon.colcon_core.environment:checking '/home/push/CODe/ros2_ws/jazzy_default_ws/src/minimum_plugins/install/polygon_base/lib/pkgconfig/polygon_base.pc'
[1.527s] Level 1:colcon.colcon_core.environment:checking '/home/push/CODe/ros2_ws/jazzy_default_ws/src/minimum_plugins/install/polygon_base/lib/python3.12/site-packages'
[1.528s] Level 1:colcon.colcon_core.environment:checking '/home/push/CODe/ros2_ws/jazzy_default_ws/src/minimum_plugins/install/polygon_base/bin'
[1.532s] INFO:colcon.colcon_core.shell:Creating package script '/home/push/CODe/ros2_ws/jazzy_default_ws/src/minimum_plugins/install/polygon_base/share/polygon_base/package.ps1'
[1.537s] INFO:colcon.colcon_core.shell:Creating package descriptor '/home/push/CODe/ros2_ws/jazzy_default_ws/src/minimum_plugins/install/polygon_base/share/polygon_base/package.dsv'
[1.541s] INFO:colcon.colcon_core.shell:Creating package script '/home/push/CODe/ros2_ws/jazzy_default_ws/src/minimum_plugins/install/polygon_base/share/polygon_base/package.sh'
[1.542s] INFO:colcon.colcon_core.shell:Creating package script '/home/push/CODe/ros2_ws/jazzy_default_ws/src/minimum_plugins/install/polygon_base/share/polygon_base/package.bash'
[1.544s] INFO:colcon.colcon_core.shell:Creating package script '/home/push/CODe/ros2_ws/jazzy_default_ws/src/minimum_plugins/install/polygon_base/share/polygon_base/package.zsh'
[1.547s] Level 1:colcon.colcon_core.environment:create_file_with_runtime_dependencies(/home/push/CODe/ros2_ws/jazzy_default_ws/src/minimum_plugins/install/polygon_base/share/colcon-core/packages/polygon_base)
[1.668s] Level 1:colcon.colcon_core.environment:create_environment_scripts_only(polygon_plugins)
[1.669s] Level 1:colcon.colcon_core.environment:checking '/home/push/CODe/ros2_ws/jazzy_default_ws/src/minimum_plugins/install/polygon_plugins' for CMake module files
[1.676s] Level 1:colcon.colcon_core.environment:checking '/home/push/CODe/ros2_ws/jazzy_default_ws/src/minimum_plugins/install/polygon_plugins' for CMake config files
[1.676s] Level 1:colcon.colcon_core.shell:create_environment_hook('polygon_plugins', 'cmake_prefix_path')
[1.678s] INFO:colcon.colcon_core.shell:Creating environment hook '/home/push/CODe/ros2_ws/jazzy_default_ws/src/minimum_plugins/install/polygon_plugins/share/polygon_plugins/hook/cmake_prefix_path.ps1'
[1.679s] INFO:colcon.colcon_core.shell:Creating environment descriptor '/home/push/CODe/ros2_ws/jazzy_default_ws/src/minimum_plugins/install/polygon_plugins/share/polygon_plugins/hook/cmake_prefix_path.dsv'
[1.681s] INFO:colcon.colcon_core.shell:Creating environment hook '/home/push/CODe/ros2_ws/jazzy_default_ws/src/minimum_plugins/install/polygon_plugins/share/polygon_plugins/hook/cmake_prefix_path.sh'
[1.684s] Level 1:colcon.colcon_core.environment:checking '/home/push/CODe/ros2_ws/jazzy_default_ws/src/minimum_plugins/install/polygon_plugins/lib'
[1.685s] Level 1:colcon.colcon_core.shell:create_environment_hook('polygon_plugins', 'ld_library_path_lib')
[1.686s] INFO:colcon.colcon_core.shell:Creating environment hook '/home/push/CODe/ros2_ws/jazzy_default_ws/src/minimum_plugins/install/polygon_plugins/share/polygon_plugins/hook/ld_library_path_lib.ps1'
[1.688s] INFO:colcon.colcon_core.shell:Creating environment descriptor '/home/push/CODe/ros2_ws/jazzy_default_ws/src/minimum_plugins/install/polygon_plugins/share/polygon_plugins/hook/ld_library_path_lib.dsv'
[1.691s] INFO:colcon.colcon_core.shell:Creating environment hook '/home/push/CODe/ros2_ws/jazzy_default_ws/src/minimum_plugins/install/polygon_plugins/share/polygon_plugins/hook/ld_library_path_lib.sh'
[1.696s] Level 1:colcon.colcon_core.environment:checking '/home/push/CODe/ros2_ws/jazzy_default_ws/src/minimum_plugins/install/polygon_plugins/bin'
[1.696s] Level 1:colcon.colcon_core.environment:checking '/home/push/CODe/ros2_ws/jazzy_default_ws/src/minimum_plugins/install/polygon_plugins/lib/pkgconfig/polygon_plugins.pc'
[1.699s] Level 1:colcon.colcon_core.environment:checking '/home/push/CODe/ros2_ws/jazzy_default_ws/src/minimum_plugins/install/polygon_plugins/lib/python3.12/site-packages'
[1.700s] Level 1:colcon.colcon_core.environment:checking '/home/push/CODe/ros2_ws/jazzy_default_ws/src/minimum_plugins/install/polygon_plugins/bin'
[1.704s] INFO:colcon.colcon_core.shell:Creating package script '/home/push/CODe/ros2_ws/jazzy_default_ws/src/minimum_plugins/install/polygon_plugins/share/polygon_plugins/package.ps1'
[1.708s] INFO:colcon.colcon_core.shell:Creating package descriptor '/home/push/CODe/ros2_ws/jazzy_default_ws/src/minimum_plugins/install/polygon_plugins/share/polygon_plugins/package.dsv'
[1.711s] INFO:colcon.colcon_core.shell:Creating package script '/home/push/CODe/ros2_ws/jazzy_default_ws/src/minimum_plugins/install/polygon_plugins/share/polygon_plugins/package.sh'
[1.714s] INFO:colcon.colcon_core.shell:Creating package script '/home/push/CODe/ros2_ws/jazzy_default_ws/src/minimum_plugins/install/polygon_plugins/share/polygon_plugins/package.bash'
[1.718s] INFO:colcon.colcon_core.shell:Creating package script '/home/push/CODe/ros2_ws/jazzy_default_ws/src/minimum_plugins/install/polygon_plugins/share/polygon_plugins/package.zsh'
[1.724s] Level 1:colcon.colcon_core.environment:create_file_with_runtime_dependencies(/home/push/CODe/ros2_ws/jazzy_default_ws/src/minimum_plugins/install/polygon_plugins/share/colcon-core/packages/polygon_plugins)
[11.439s] DEBUG:colcon.colcon_core.event_handler.log_command:Invoked command in '/home/push/CODe/ros2_ws/jazzy_default_ws/src/minimum_plugins/build/use_plugins' returned '0': CMAKE_PREFIX_PATH=${CMAKE_PREFIX_PATH}:/opt/ros/jazzy DEBUGINFOD_URLS=https://debuginfod.ubuntu.com /usr/bin/cmake --build /home/push/CODe/ros2_ws/jazzy_default_ws/src/minimum_plugins/build/use_plugins -- -j4 -l4
[11.539s] DEBUG:colcon.colcon_core.event_handler.log_command:Invoking command in '/home/push/CODe/ros2_ws/jazzy_default_ws/src/minimum_plugins/build/use_plugins': CMAKE_PREFIX_PATH=${CMAKE_PREFIX_PATH}:/opt/ros/jazzy DEBUGINFOD_URLS=https://debuginfod.ubuntu.com /usr/bin/cmake --install /home/push/CODe/ros2_ws/jazzy_default_ws/src/minimum_plugins/build/use_plugins
[11.608s] Level 1:colcon.colcon_core.environment:create_environment_scripts_only(use_plugins)
[11.609s] Level 1:colcon.colcon_core.environment:checking '/home/push/CODe/ros2_ws/jazzy_default_ws/src/minimum_plugins/install/use_plugins' for CMake module files
[11.611s] DEBUG:colcon.colcon_core.event_handler.log_command:Invoked command in '/home/push/CODe/ros2_ws/jazzy_default_ws/src/minimum_plugins/build/use_plugins' returned '0': CMAKE_PREFIX_PATH=${CMAKE_PREFIX_PATH}:/opt/ros/jazzy DEBUGINFOD_URLS=https://debuginfod.ubuntu.com /usr/bin/cmake --install /home/push/CODe/ros2_ws/jazzy_default_ws/src/minimum_plugins/build/use_plugins
[11.612s] Level 1:colcon.colcon_core.environment:checking '/home/push/CODe/ros2_ws/jazzy_default_ws/src/minimum_plugins/install/use_plugins' for CMake config files
[11.613s] Level 1:colcon.colcon_core.shell:create_environment_hook('use_plugins', 'cmake_prefix_path')
[11.614s] INFO:colcon.colcon_core.shell:Creating environment hook '/home/push/CODe/ros2_ws/jazzy_default_ws/src/minimum_plugins/install/use_plugins/share/use_plugins/hook/cmake_prefix_path.ps1'
[11.615s] INFO:colcon.colcon_core.shell:Creating environment descriptor '/home/push/CODe/ros2_ws/jazzy_default_ws/src/minimum_plugins/install/use_plugins/share/use_plugins/hook/cmake_prefix_path.dsv'
[11.616s] INFO:colcon.colcon_core.shell:Creating environment hook '/home/push/CODe/ros2_ws/jazzy_default_ws/src/minimum_plugins/install/use_plugins/share/use_plugins/hook/cmake_prefix_path.sh'
[11.619s] Level 1:colcon.colcon_core.environment:checking '/home/push/CODe/ros2_ws/jazzy_default_ws/src/minimum_plugins/install/use_plugins/lib'
[11.619s] Level 1:colcon.colcon_core.environment:checking '/home/push/CODe/ros2_ws/jazzy_default_ws/src/minimum_plugins/install/use_plugins/bin'
[11.619s] Level 1:colcon.colcon_core.environment:checking '/home/push/CODe/ros2_ws/jazzy_default_ws/src/minimum_plugins/install/use_plugins/lib/pkgconfig/use_plugins.pc'
[11.620s] Level 1:colcon.colcon_core.environment:checking '/home/push/CODe/ros2_ws/jazzy_default_ws/src/minimum_plugins/install/use_plugins/lib/python3.12/site-packages'
[11.620s] Level 1:colcon.colcon_core.environment:checking '/home/push/CODe/ros2_ws/jazzy_default_ws/src/minimum_plugins/install/use_plugins/bin'
[11.621s] INFO:colcon.colcon_core.shell:Creating package script '/home/push/CODe/ros2_ws/jazzy_default_ws/src/minimum_plugins/install/use_plugins/share/use_plugins/package.ps1'
[11.622s] INFO:colcon.colcon_core.shell:Creating package descriptor '/home/push/CODe/ros2_ws/jazzy_default_ws/src/minimum_plugins/install/use_plugins/share/use_plugins/package.dsv'
[11.628s] INFO:colcon.colcon_core.shell:Creating package script '/home/push/CODe/ros2_ws/jazzy_default_ws/src/minimum_plugins/install/use_plugins/share/use_plugins/package.sh'
[11.630s] INFO:colcon.colcon_core.shell:Creating package script '/home/push/CODe/ros2_ws/jazzy_default_ws/src/minimum_plugins/install/use_plugins/share/use_plugins/package.bash'
[11.631s] INFO:colcon.colcon_core.shell:Creating package script '/home/push/CODe/ros2_ws/jazzy_default_ws/src/minimum_plugins/install/use_plugins/share/use_plugins/package.zsh'
[11.632s] Level 1:colcon.colcon_core.environment:create_file_with_runtime_dependencies(/home/push/CODe/ros2_ws/jazzy_default_ws/src/minimum_plugins/install/use_plugins/share/colcon-core/packages/use_plugins)
[11.733s] Level 1:colcon.colcon_core.environment:create_environment_scripts_only(use_plugins)
[11.733s] Level 1:colcon.colcon_core.environment:checking '/home/push/CODe/ros2_ws/jazzy_default_ws/src/minimum_plugins/install/use_plugins' for CMake module files
[11.734s] Level 1:colcon.colcon_core.environment:checking '/home/push/CODe/ros2_ws/jazzy_default_ws/src/minimum_plugins/install/use_plugins' for CMake config files
[11.735s] Level 1:colcon.colcon_core.shell:create_environment_hook('use_plugins', 'cmake_prefix_path')
[11.735s] INFO:colcon.colcon_core.shell:Creating environment hook '/home/push/CODe/ros2_ws/jazzy_default_ws/src/minimum_plugins/install/use_plugins/share/use_plugins/hook/cmake_prefix_path.ps1'
[11.736s] INFO:colcon.colcon_core.shell:Creating environment descriptor '/home/push/CODe/ros2_ws/jazzy_default_ws/src/minimum_plugins/install/use_plugins/share/use_plugins/hook/cmake_prefix_path.dsv'
[11.738s] INFO:colcon.colcon_core.shell:Creating environment hook '/home/push/CODe/ros2_ws/jazzy_default_ws/src/minimum_plugins/install/use_plugins/share/use_plugins/hook/cmake_prefix_path.sh'
[11.742s] Level 1:colcon.colcon_core.environment:checking '/home/push/CODe/ros2_ws/jazzy_default_ws/src/minimum_plugins/install/use_plugins/lib'
[11.744s] Level 1:colcon.colcon_core.environment:checking '/home/push/CODe/ros2_ws/jazzy_default_ws/src/minimum_plugins/install/use_plugins/bin'
[11.745s] Level 1:colcon.colcon_core.environment:checking '/home/push/CODe/ros2_ws/jazzy_default_ws/src/minimum_plugins/install/use_plugins/lib/pkgconfig/use_plugins.pc'
[11.747s] Level 1:colcon.colcon_core.environment:checking '/home/push/CODe/ros2_ws/jazzy_default_ws/src/minimum_plugins/install/use_plugins/lib/python3.12/site-packages'
[11.749s] Level 1:colcon.colcon_core.environment:checking '/home/push/CODe/ros2_ws/jazzy_default_ws/src/minimum_plugins/install/use_plugins/bin'
[11.750s] INFO:colcon.colcon_core.shell:Creating package script '/home/push/CODe/ros2_ws/jazzy_default_ws/src/minimum_plugins/install/use_plugins/share/use_plugins/package.ps1'
[11.752s] INFO:colcon.colcon_core.shell:Creating package descriptor '/home/push/CODe/ros2_ws/jazzy_default_ws/src/minimum_plugins/install/use_plugins/share/use_plugins/package.dsv'
[11.754s] INFO:colcon.colcon_core.shell:Creating package script '/home/push/CODe/ros2_ws/jazzy_default_ws/src/minimum_plugins/install/use_plugins/share/use_plugins/package.sh'
[11.756s] INFO:colcon.colcon_core.shell:Creating package script '/home/push/CODe/ros2_ws/jazzy_default_ws/src/minimum_plugins/install/use_plugins/share/use_plugins/package.bash'
[11.757s] INFO:colcon.colcon_core.shell:Creating package script '/home/push/CODe/ros2_ws/jazzy_default_ws/src/minimum_plugins/install/use_plugins/share/use_plugins/package.zsh'
[11.759s] Level 1:colcon.colcon_core.environment:create_file_with_runtime_dependencies(/home/push/CODe/ros2_ws/jazzy_default_ws/src/minimum_plugins/install/use_plugins/share/colcon-core/packages/use_plugins)
[11.760s] DEBUG:colcon.colcon_parallel_executor.executor.parallel:closing loop
[11.763s] DEBUG:colcon.colcon_parallel_executor.executor.parallel:loop closed
[11.763s] DEBUG:colcon.colcon_parallel_executor.executor.parallel:run_until_complete finished with '0'
[11.764s] DEBUG:colcon.colcon_core.event_reactor:joining thread
[11.786s] INFO:colcon.colcon_core.plugin_system:Skipping extension 'colcon_notification.desktop_notification.terminal_notifier': Not used on non-Darwin systems
[11.786s] INFO:colcon.colcon_core.plugin_system:Skipping extension 'colcon_notification.desktop_notification.win32': Not used on non-Windows systems
[11.786s] INFO:colcon.colcon_notification.desktop_notification:Sending desktop notification using 'notify2'
[11.830s] DEBUG:colcon.colcon_core.event_reactor:joined thread
[11.831s] INFO:colcon.colcon_core.shell:Creating prefix script '/home/push/CODe/ros2_ws/jazzy_default_ws/src/minimum_plugins/install/local_setup.ps1'
[11.841s] INFO:colcon.colcon_core.shell:Creating prefix util module '/home/push/CODe/ros2_ws/jazzy_default_ws/src/minimum_plugins/install/_local_setup_util_ps1.py'
[11.852s] INFO:colcon.colcon_core.shell:Creating prefix chain script '/home/push/CODe/ros2_ws/jazzy_default_ws/src/minimum_plugins/install/setup.ps1'
[11.856s] INFO:colcon.colcon_core.shell:Creating prefix script '/home/push/CODe/ros2_ws/jazzy_default_ws/src/minimum_plugins/install/local_setup.sh'
[11.859s] INFO:colcon.colcon_core.shell:Creating prefix util module '/home/push/CODe/ros2_ws/jazzy_default_ws/src/minimum_plugins/install/_local_setup_util_sh.py'
[11.861s] INFO:colcon.colcon_core.shell:Creating prefix chain script '/home/push/CODe/ros2_ws/jazzy_default_ws/src/minimum_plugins/install/setup.sh'
[11.867s] INFO:colcon.colcon_core.shell:Creating prefix script '/home/push/CODe/ros2_ws/jazzy_default_ws/src/minimum_plugins/install/local_setup.bash'
[11.869s] INFO:colcon.colcon_core.shell:Creating prefix chain script '/home/push/CODe/ros2_ws/jazzy_default_ws/src/minimum_plugins/install/setup.bash'
[11.872s] INFO:colcon.colcon_core.shell:Creating prefix script '/home/push/CODe/ros2_ws/jazzy_default_ws/src/minimum_plugins/install/local_setup.zsh'
[11.873s] INFO:colcon.colcon_core.shell:Creating prefix chain script '/home/push/CODe/ros2_ws/jazzy_default_ws/src/minimum_plugins/install/setup.zsh'
