[100%] Built target polygon_plugins
-- Install configuration: ""
-- Up-to-date: /home/push/CODe/ros2_ws/jazzy_default_ws/src/minimum_plugins/install/polygon_plugins/lib/libpolygon_plugins.so
-- Up-to-date: /home/push/CODe/ros2_ws/jazzy_default_ws/src/minimum_plugins/install/polygon_plugins/share/polygon_plugins/plugins.xml
-- Up-to-date: /home/push/CODe/ros2_ws/jazzy_default_ws/src/minimum_plugins/install/polygon_plugins/share/ament_index/resource_index/package_run_dependencies/polygon_plugins
-- Up-to-date: /home/push/CODe/ros2_ws/jazzy_default_ws/src/minimum_plugins/install/polygon_plugins/share/ament_index/resource_index/parent_prefix_path/polygon_plugins
-- Up-to-date: /home/push/CODe/ros2_ws/jazzy_default_ws/src/minimum_plugins/install/polygon_plugins/share/polygon_plugins/environment/ament_prefix_path.sh
-- Up-to-date: /home/push/CODe/ros2_ws/jazzy_default_ws/src/minimum_plugins/install/polygon_plugins/share/polygon_plugins/environment/ament_prefix_path.dsv
-- Up-to-date: /home/push/CODe/ros2_ws/jazzy_default_ws/src/minimum_plugins/install/polygon_plugins/share/polygon_plugins/environment/path.sh
-- Up-to-date: /home/push/CODe/ros2_ws/jazzy_default_ws/src/minimum_plugins/install/polygon_plugins/share/polygon_plugins/environment/path.dsv
-- Up-to-date: /home/push/CODe/ros2_ws/jazzy_default_ws/src/minimum_plugins/install/polygon_plugins/share/polygon_plugins/local_setup.bash
-- Up-to-date: /home/push/CODe/ros2_ws/jazzy_default_ws/src/minimum_plugins/install/polygon_plugins/share/polygon_plugins/local_setup.sh
-- Up-to-date: /home/push/CODe/ros2_ws/jazzy_default_ws/src/minimum_plugins/install/polygon_plugins/share/polygon_plugins/local_setup.zsh
-- Up-to-date: /home/push/CODe/ros2_ws/jazzy_default_ws/src/minimum_plugins/install/polygon_plugins/share/polygon_plugins/local_setup.dsv
-- Installing: /home/push/CODe/ros2_ws/jazzy_default_ws/src/minimum_plugins/install/polygon_plugins/share/polygon_plugins/package.dsv
-- Up-to-date: /home/push/CODe/ros2_ws/jazzy_default_ws/src/minimum_plugins/install/polygon_plugins/share/ament_index/resource_index/packages/polygon_plugins
-- Up-to-date: /home/push/CODe/ros2_ws/jazzy_default_ws/src/minimum_plugins/install/polygon_plugins/share/ament_index/resource_index/polygon_base__pluginlib__plugin/polygon_plugins
-- Up-to-date: /home/push/CODe/ros2_ws/jazzy_default_ws/src/minimum_plugins/install/polygon_plugins/share/polygon_plugins/cmake/polygon_pluginsConfig.cmake
-- Up-to-date: /home/push/CODe/ros2_ws/jazzy_default_ws/src/minimum_plugins/install/polygon_plugins/share/polygon_plugins/cmake/polygon_pluginsConfig-version.cmake
-- Up-to-date: /home/push/CODe/ros2_ws/jazzy_default_ws/src/minimum_plugins/install/polygon_plugins/share/polygon_plugins/package.xml
