[0.224s] DEBUG:colcon:Command line arguments: ['/usr/bin/colcon', 'build']
[0.224s] DEBUG:colcon:Parsed command line arguments: Namespace(log_base=None, log_level=None, verb_name='build', build_base='build', install_base='install', merge_install=False, symlink_install=False, test_result_base=None, continue_on_error=False, executor='parallel', parallel_workers=4, event_handlers=None, ignore_user_meta=False, metas=['./colcon.meta'], base_paths=['.'], packages_ignore=None, packages_ignore_regex=None, paths=None, packages_up_to=None, packages_up_to_regex=None, packages_above=None, packages_above_and_dependencies=None, packages_above_depth=None, packages_select_by_dep=None, packages_skip_by_dep=None, packages_skip_up_to=None, packages_select_build_failed=False, packages_skip_build_finished=False, packages_select_test_failures=False, packages_skip_test_passed=False, packages_select=None, packages_skip=None, packages_select_regex=None, packages_skip_regex=None, packages_start=None, packages_end=None, allow_overriding=[], cmake_args=None, cmake_target=None, cmake_target_skip_unavailable=False, cmake_clean_cache=False, cmake_clean_first=False, cmake_force_configure=False, ament_cmake_args=None, catkin_cmake_args=None, catkin_skip_building_tests=False, verb_parser=<colcon_defaults.argument_parser.defaults.DefaultArgumentsDecorator object at 0x717b468ad4f0>, verb_extension=<colcon_core.verb.build.BuildVerb object at 0x717b468ad490>, main=<bound method BuildVerb.main of <colcon_core.verb.build.BuildVerb object at 0x717b468ad490>>)
[0.293s] Level 1:colcon.colcon_core.package_discovery:discover_packages(colcon_meta) check parameters
[0.293s] Level 1:colcon.colcon_core.package_discovery:discover_packages(recursive) check parameters
[0.293s] Level 1:colcon.colcon_core.package_discovery:discover_packages(ignore) check parameters
[0.293s] Level 1:colcon.colcon_core.package_discovery:discover_packages(path) check parameters
[0.293s] Level 1:colcon.colcon_core.package_discovery:discover_packages(colcon_meta) discover
[0.293s] Level 1:colcon.colcon_core.package_discovery:discover_packages(recursive) discover
[0.293s] INFO:colcon.colcon_core.package_discovery:Crawling recursively for packages in '/home/push/CODe/ros2_ws/jazzy_default_ws/src/minimum_plugins'
[0.294s] Level 1:colcon.colcon_core.package_identification:_identify(.) by extensions ['ignore', 'ignore_ament_install']
[0.294s] Level 1:colcon.colcon_core.package_identification:_identify(.) by extension 'ignore'
[0.294s] Level 1:colcon.colcon_core.package_identification:_identify(.) by extension 'ignore_ament_install'
[0.294s] Level 1:colcon.colcon_core.package_identification:_identify(.) by extensions ['colcon_pkg']
[0.294s] Level 1:colcon.colcon_core.package_identification:_identify(.) by extension 'colcon_pkg'
[0.294s] Level 1:colcon.colcon_core.package_identification:_identify(.) by extensions ['colcon_meta']
[0.294s] Level 1:colcon.colcon_core.package_identification:_identify(.) by extension 'colcon_meta'
[0.294s] Level 1:colcon.colcon_core.package_identification:_identify(.) by extensions ['ros']
[0.294s] Level 1:colcon.colcon_core.package_identification:_identify(.) by extension 'ros'
[0.351s] Level 1:colcon.colcon_core.package_identification:_identify(.) by extensions ['cmake', 'python']
[0.351s] Level 1:colcon.colcon_core.package_identification:_identify(.) by extension 'cmake'
[0.351s] Level 1:colcon.colcon_core.package_identification:_identify(.) by extension 'python'
[0.351s] Level 1:colcon.colcon_core.package_identification:_identify(.) by extensions ['python_setup_py']
[0.351s] Level 1:colcon.colcon_core.package_identification:_identify(.) by extension 'python_setup_py'
[0.352s] Level 1:colcon.colcon_core.package_identification:_identify(build) by extensions ['ignore', 'ignore_ament_install']
[0.352s] Level 1:colcon.colcon_core.package_identification:_identify(build) by extension 'ignore'
[0.352s] Level 1:colcon.colcon_core.package_identification:_identify(build) ignored
[0.352s] Level 1:colcon.colcon_core.package_identification:_identify(install) by extensions ['ignore', 'ignore_ament_install']
[0.352s] Level 1:colcon.colcon_core.package_identification:_identify(install) by extension 'ignore'
[0.352s] Level 1:colcon.colcon_core.package_identification:_identify(install) ignored
[0.353s] Level 1:colcon.colcon_core.package_identification:_identify(log) by extensions ['ignore', 'ignore_ament_install']
[0.353s] Level 1:colcon.colcon_core.package_identification:_identify(log) by extension 'ignore'
[0.353s] Level 1:colcon.colcon_core.package_identification:_identify(log) ignored
[0.353s] Level 1:colcon.colcon_core.package_identification:_identify(src) by extensions ['ignore', 'ignore_ament_install']
[0.353s] Level 1:colcon.colcon_core.package_identification:_identify(src) by extension 'ignore'
[0.353s] Level 1:colcon.colcon_core.package_identification:_identify(src) by extension 'ignore_ament_install'
[0.353s] Level 1:colcon.colcon_core.package_identification:_identify(src) by extensions ['colcon_pkg']
[0.353s] Level 1:colcon.colcon_core.package_identification:_identify(src) by extension 'colcon_pkg'
[0.353s] Level 1:colcon.colcon_core.package_identification:_identify(src) by extensions ['colcon_meta']
[0.353s] Level 1:colcon.colcon_core.package_identification:_identify(src) by extension 'colcon_meta'
[0.354s] Level 1:colcon.colcon_core.package_identification:_identify(src) by extensions ['ros']
[0.354s] Level 1:colcon.colcon_core.package_identification:_identify(src) by extension 'ros'
[0.354s] Level 1:colcon.colcon_core.package_identification:_identify(src) by extensions ['cmake', 'python']
[0.354s] Level 1:colcon.colcon_core.package_identification:_identify(src) by extension 'cmake'
[0.354s] Level 1:colcon.colcon_core.package_identification:_identify(src) by extension 'python'
[0.354s] Level 1:colcon.colcon_core.package_identification:_identify(src) by extensions ['python_setup_py']
[0.354s] Level 1:colcon.colcon_core.package_identification:_identify(src) by extension 'python_setup_py'
[0.354s] Level 1:colcon.colcon_core.package_identification:_identify(src/polygon_base) by extensions ['ignore', 'ignore_ament_install']
[0.354s] Level 1:colcon.colcon_core.package_identification:_identify(src/polygon_base) by extension 'ignore'
[0.354s] Level 1:colcon.colcon_core.package_identification:_identify(src/polygon_base) by extension 'ignore_ament_install'
[0.355s] Level 1:colcon.colcon_core.package_identification:_identify(src/polygon_base) by extensions ['colcon_pkg']
[0.355s] Level 1:colcon.colcon_core.package_identification:_identify(src/polygon_base) by extension 'colcon_pkg'
[0.355s] Level 1:colcon.colcon_core.package_identification:_identify(src/polygon_base) by extensions ['colcon_meta']
[0.355s] Level 1:colcon.colcon_core.package_identification:_identify(src/polygon_base) by extension 'colcon_meta'
[0.355s] Level 1:colcon.colcon_core.package_identification:_identify(src/polygon_base) by extensions ['ros']
[0.355s] Level 1:colcon.colcon_core.package_identification:_identify(src/polygon_base) by extension 'ros'
[0.359s] DEBUG:colcon.colcon_core.package_identification:Package 'src/polygon_base' with type 'ros.ament_cmake' and name 'polygon_base'
[0.359s] Level 1:colcon.colcon_core.package_identification:_identify(src/polygon_plugins) by extensions ['ignore', 'ignore_ament_install']
[0.360s] Level 1:colcon.colcon_core.package_identification:_identify(src/polygon_plugins) by extension 'ignore'
[0.360s] Level 1:colcon.colcon_core.package_identification:_identify(src/polygon_plugins) by extension 'ignore_ament_install'
[0.360s] Level 1:colcon.colcon_core.package_identification:_identify(src/polygon_plugins) by extensions ['colcon_pkg']
[0.360s] Level 1:colcon.colcon_core.package_identification:_identify(src/polygon_plugins) by extension 'colcon_pkg'
[0.360s] Level 1:colcon.colcon_core.package_identification:_identify(src/polygon_plugins) by extensions ['colcon_meta']
[0.360s] Level 1:colcon.colcon_core.package_identification:_identify(src/polygon_plugins) by extension 'colcon_meta'
[0.360s] Level 1:colcon.colcon_core.package_identification:_identify(src/polygon_plugins) by extensions ['ros']
[0.360s] Level 1:colcon.colcon_core.package_identification:_identify(src/polygon_plugins) by extension 'ros'
[0.361s] DEBUG:colcon.colcon_core.package_identification:Package 'src/polygon_plugins' with type 'ros.ament_cmake' and name 'polygon_plugins'
[0.361s] Level 1:colcon.colcon_core.package_identification:_identify(src/use_plugins) by extensions ['ignore', 'ignore_ament_install']
[0.361s] Level 1:colcon.colcon_core.package_identification:_identify(src/use_plugins) by extension 'ignore'
[0.361s] Level 1:colcon.colcon_core.package_identification:_identify(src/use_plugins) by extension 'ignore_ament_install'
[0.361s] Level 1:colcon.colcon_core.package_identification:_identify(src/use_plugins) by extensions ['colcon_pkg']
[0.361s] Level 1:colcon.colcon_core.package_identification:_identify(src/use_plugins) by extension 'colcon_pkg'
[0.362s] Level 1:colcon.colcon_core.package_identification:_identify(src/use_plugins) by extensions ['colcon_meta']
[0.362s] Level 1:colcon.colcon_core.package_identification:_identify(src/use_plugins) by extension 'colcon_meta'
[0.362s] Level 1:colcon.colcon_core.package_identification:_identify(src/use_plugins) by extensions ['ros']
[0.362s] Level 1:colcon.colcon_core.package_identification:_identify(src/use_plugins) by extension 'ros'
[0.362s] DEBUG:colcon.colcon_core.package_identification:Package 'src/use_plugins' with type 'ros.ament_cmake' and name 'use_plugins'
[0.362s] Level 1:colcon.colcon_core.package_discovery:discover_packages(recursive) using defaults
[0.363s] Level 1:colcon.colcon_core.package_discovery:discover_packages(ignore) discover
[0.363s] Level 1:colcon.colcon_core.package_discovery:discover_packages(ignore) using defaults
[0.363s] Level 1:colcon.colcon_core.package_discovery:discover_packages(path) discover
[0.363s] Level 1:colcon.colcon_core.package_discovery:discover_packages(path) using defaults
[0.393s] Level 1:colcon.colcon_core.package_discovery:discover_packages(prefix_path) check parameters
[0.393s] Level 1:colcon.colcon_core.package_discovery:discover_packages(prefix_path) discover
[0.395s] WARNING:colcon.colcon_ros.prefix_path.ament:The path '/home/push/CODe/ros2_ws/jazzy_default_ws/src/minimum_plugins/install/use_plugins' in the environment variable AMENT_PREFIX_PATH doesn't exist
[0.395s] WARNING:colcon.colcon_ros.prefix_path.ament:The path '/home/push/CODe/ros2_ws/jazzy_default_ws/src/minimum_plugins/install/polygon_base' in the environment variable AMENT_PREFIX_PATH doesn't exist
[0.395s] WARNING:colcon.colcon_ros.prefix_path.catkin:The path '/home/push/CODe/ros2_ws/jazzy_default_ws/src/minimum_plugins/install/use_plugins' in the environment variable CMAKE_PREFIX_PATH doesn't exist
[0.395s] WARNING:colcon.colcon_ros.prefix_path.catkin:The path '/home/push/CODe/ros2_ws/jazzy_default_ws/src/minimum_plugins/install/polygon_base' in the environment variable CMAKE_PREFIX_PATH doesn't exist
[0.397s] DEBUG:colcon.colcon_installed_package_information.package_discovery:Found 1 installed packages in /home/push/CODe/ros2_ws/jazzy_default_ws/src/minimum_plugins/install
[0.400s] DEBUG:colcon.colcon_installed_package_information.package_discovery:Found 370 installed packages in /opt/ros/jazzy
[0.405s] Level 1:colcon.colcon_core.package_discovery:discover_packages(prefix_path) using defaults
[0.518s] Level 5:colcon.colcon_core.verb:set package 'polygon_base' build argument 'cmake_args' from command line to 'None'
[0.518s] Level 5:colcon.colcon_core.verb:set package 'polygon_base' build argument 'cmake_target' from command line to 'None'
[0.518s] Level 5:colcon.colcon_core.verb:set package 'polygon_base' build argument 'cmake_target_skip_unavailable' from command line to 'False'
[0.518s] Level 5:colcon.colcon_core.verb:set package 'polygon_base' build argument 'cmake_clean_cache' from command line to 'False'
[0.518s] Level 5:colcon.colcon_core.verb:set package 'polygon_base' build argument 'cmake_clean_first' from command line to 'False'
[0.518s] Level 5:colcon.colcon_core.verb:set package 'polygon_base' build argument 'cmake_force_configure' from command line to 'False'
[0.518s] Level 5:colcon.colcon_core.verb:set package 'polygon_base' build argument 'ament_cmake_args' from command line to 'None'
[0.518s] Level 5:colcon.colcon_core.verb:set package 'polygon_base' build argument 'catkin_cmake_args' from command line to 'None'
[0.518s] Level 5:colcon.colcon_core.verb:set package 'polygon_base' build argument 'catkin_skip_building_tests' from command line to 'False'
[0.518s] DEBUG:colcon.colcon_core.verb:Building package 'polygon_base' with the following arguments: {'ament_cmake_args': None, 'build_base': '/home/push/CODe/ros2_ws/jazzy_default_ws/src/minimum_plugins/build/polygon_base', 'catkin_cmake_args': None, 'catkin_skip_building_tests': False, 'cmake_args': None, 'cmake_clean_cache': False, 'cmake_clean_first': False, 'cmake_force_configure': False, 'cmake_target': None, 'cmake_target_skip_unavailable': False, 'install_base': '/home/push/CODe/ros2_ws/jazzy_default_ws/src/minimum_plugins/install/polygon_base', 'merge_install': False, 'path': '/home/push/CODe/ros2_ws/jazzy_default_ws/src/minimum_plugins/src/polygon_base', 'symlink_install': False, 'test_result_base': None}
[0.519s] Level 5:colcon.colcon_core.verb:set package 'polygon_plugins' build argument 'cmake_args' from command line to 'None'
[0.519s] Level 5:colcon.colcon_core.verb:set package 'polygon_plugins' build argument 'cmake_target' from command line to 'None'
[0.519s] Level 5:colcon.colcon_core.verb:set package 'polygon_plugins' build argument 'cmake_target_skip_unavailable' from command line to 'False'
[0.519s] Level 5:colcon.colcon_core.verb:set package 'polygon_plugins' build argument 'cmake_clean_cache' from command line to 'False'
[0.519s] Level 5:colcon.colcon_core.verb:set package 'polygon_plugins' build argument 'cmake_clean_first' from command line to 'False'
[0.519s] Level 5:colcon.colcon_core.verb:set package 'polygon_plugins' build argument 'cmake_force_configure' from command line to 'False'
[0.519s] Level 5:colcon.colcon_core.verb:set package 'polygon_plugins' build argument 'ament_cmake_args' from command line to 'None'
[0.519s] Level 5:colcon.colcon_core.verb:set package 'polygon_plugins' build argument 'catkin_cmake_args' from command line to 'None'
[0.519s] Level 5:colcon.colcon_core.verb:set package 'polygon_plugins' build argument 'catkin_skip_building_tests' from command line to 'False'
[0.519s] DEBUG:colcon.colcon_core.verb:Building package 'polygon_plugins' with the following arguments: {'ament_cmake_args': None, 'build_base': '/home/push/CODe/ros2_ws/jazzy_default_ws/src/minimum_plugins/build/polygon_plugins', 'catkin_cmake_args': None, 'catkin_skip_building_tests': False, 'cmake_args': None, 'cmake_clean_cache': False, 'cmake_clean_first': False, 'cmake_force_configure': False, 'cmake_target': None, 'cmake_target_skip_unavailable': False, 'install_base': '/home/push/CODe/ros2_ws/jazzy_default_ws/src/minimum_plugins/install/polygon_plugins', 'merge_install': False, 'path': '/home/push/CODe/ros2_ws/jazzy_default_ws/src/minimum_plugins/src/polygon_plugins', 'symlink_install': False, 'test_result_base': None}
[0.520s] Level 5:colcon.colcon_core.verb:set package 'use_plugins' build argument 'cmake_args' from command line to 'None'
[0.520s] Level 5:colcon.colcon_core.verb:set package 'use_plugins' build argument 'cmake_target' from command line to 'None'
[0.520s] Level 5:colcon.colcon_core.verb:set package 'use_plugins' build argument 'cmake_target_skip_unavailable' from command line to 'False'
[0.520s] Level 5:colcon.colcon_core.verb:set package 'use_plugins' build argument 'cmake_clean_cache' from command line to 'False'
[0.520s] Level 5:colcon.colcon_core.verb:set package 'use_plugins' build argument 'cmake_clean_first' from command line to 'False'
[0.520s] Level 5:colcon.colcon_core.verb:set package 'use_plugins' build argument 'cmake_force_configure' from command line to 'False'
[0.520s] Level 5:colcon.colcon_core.verb:set package 'use_plugins' build argument 'ament_cmake_args' from command line to 'None'
[0.520s] Level 5:colcon.colcon_core.verb:set package 'use_plugins' build argument 'catkin_cmake_args' from command line to 'None'
[0.520s] Level 5:colcon.colcon_core.verb:set package 'use_plugins' build argument 'catkin_skip_building_tests' from command line to 'False'
[0.520s] DEBUG:colcon.colcon_core.verb:Building package 'use_plugins' with the following arguments: {'ament_cmake_args': None, 'build_base': '/home/push/CODe/ros2_ws/jazzy_default_ws/src/minimum_plugins/build/use_plugins', 'catkin_cmake_args': None, 'catkin_skip_building_tests': False, 'cmake_args': None, 'cmake_clean_cache': False, 'cmake_clean_first': False, 'cmake_force_configure': False, 'cmake_target': None, 'cmake_target_skip_unavailable': False, 'install_base': '/home/push/CODe/ros2_ws/jazzy_default_ws/src/minimum_plugins/install/use_plugins', 'merge_install': False, 'path': '/home/push/CODe/ros2_ws/jazzy_default_ws/src/minimum_plugins/src/use_plugins', 'symlink_install': False, 'test_result_base': None}
[0.520s] INFO:colcon.colcon_core.executor:Executing jobs using 'parallel' executor
[0.522s] DEBUG:colcon.colcon_parallel_executor.executor.parallel:run_until_complete
[0.522s] INFO:colcon.colcon_ros.task.ament_cmake.build:Building ROS package in '/home/push/CODe/ros2_ws/jazzy_default_ws/src/minimum_plugins/src/polygon_base' with build type 'ament_cmake'
[0.523s] INFO:colcon.colcon_cmake.task.cmake.build:Building CMake package in '/home/push/CODe/ros2_ws/jazzy_default_ws/src/minimum_plugins/src/polygon_base'
[0.526s] INFO:colcon.colcon_core.plugin_system:Skipping extension 'colcon_core.shell.bat': Not used on non-Windows systems
[0.527s] INFO:colcon.colcon_core.shell:Skip shell extension 'powershell' for command environment: Not usable outside of PowerShell
[0.527s] DEBUG:colcon.colcon_core.shell:Skip shell extension 'dsv' for command environment
[0.536s] INFO:colcon.colcon_ros.task.ament_cmake.build:Building ROS package in '/home/push/CODe/ros2_ws/jazzy_default_ws/src/minimum_plugins/src/polygon_plugins' with build type 'ament_cmake'
[0.536s] INFO:colcon.colcon_cmake.task.cmake.build:Building CMake package in '/home/push/CODe/ros2_ws/jazzy_default_ws/src/minimum_plugins/src/polygon_plugins'
[0.537s] INFO:colcon.colcon_core.shell:Skip shell extension 'powershell' for command environment: Not usable outside of PowerShell
[0.538s] DEBUG:colcon.colcon_core.shell:Skip shell extension 'dsv' for command environment
[0.548s] INFO:colcon.colcon_ros.task.ament_cmake.build:Building ROS package in '/home/push/CODe/ros2_ws/jazzy_default_ws/src/minimum_plugins/src/use_plugins' with build type 'ament_cmake'
[0.549s] INFO:colcon.colcon_cmake.task.cmake.build:Building CMake package in '/home/push/CODe/ros2_ws/jazzy_default_ws/src/minimum_plugins/src/use_plugins'
[0.550s] INFO:colcon.colcon_core.shell:Skip shell extension 'powershell' for command environment: Not usable outside of PowerShell
[0.550s] DEBUG:colcon.colcon_core.shell:Skip shell extension 'dsv' for command environment
[0.578s] DEBUG:colcon.colcon_core.event_handler.log_command:Invoking command in '/home/push/CODe/ros2_ws/jazzy_default_ws/src/minimum_plugins/build/polygon_base': CMAKE_PREFIX_PATH=${CMAKE_PREFIX_PATH}:/opt/ros/jazzy DEBUGINFOD_URLS=https://debuginfod.ubuntu.com /usr/bin/cmake --build /home/push/CODe/ros2_ws/jazzy_default_ws/src/minimum_plugins/build/polygon_base -- -j4 -l4
[0.586s] DEBUG:colcon.colcon_core.event_handler.log_command:Invoking command in '/home/push/CODe/ros2_ws/jazzy_default_ws/src/minimum_plugins/build/polygon_plugins': CMAKE_PREFIX_PATH=${CMAKE_PREFIX_PATH}:/opt/ros/jazzy DEBUGINFOD_URLS=https://debuginfod.ubuntu.com /usr/bin/cmake /home/push/CODe/ros2_ws/jazzy_default_ws/src/minimum_plugins/src/polygon_plugins -DCMAKE_INSTALL_PREFIX=/home/push/CODe/ros2_ws/jazzy_default_ws/src/minimum_plugins/install/polygon_plugins
[0.601s] DEBUG:colcon.colcon_core.event_handler.log_command:Invoking command in '/home/push/CODe/ros2_ws/jazzy_default_ws/src/minimum_plugins/build/use_plugins': CMAKE_PREFIX_PATH=${CMAKE_PREFIX_PATH}:/opt/ros/jazzy DEBUGINFOD_URLS=https://debuginfod.ubuntu.com /usr/bin/cmake /home/push/CODe/ros2_ws/jazzy_default_ws/src/minimum_plugins/src/use_plugins -DCMAKE_INSTALL_PREFIX=/home/push/CODe/ros2_ws/jazzy_default_ws/src/minimum_plugins/install/use_plugins
[0.748s] DEBUG:colcon.colcon_core.event_handler.log_command:Invoked command in '/home/push/CODe/ros2_ws/jazzy_default_ws/src/minimum_plugins/build/polygon_base' returned '0': CMAKE_PREFIX_PATH=${CMAKE_PREFIX_PATH}:/opt/ros/jazzy DEBUGINFOD_URLS=https://debuginfod.ubuntu.com /usr/bin/cmake --build /home/push/CODe/ros2_ws/jazzy_default_ws/src/minimum_plugins/build/polygon_base -- -j4 -l4
[0.866s] DEBUG:colcon.colcon_core.event_handler.log_command:Invoking command in '/home/push/CODe/ros2_ws/jazzy_default_ws/src/minimum_plugins/build/polygon_base': CMAKE_PREFIX_PATH=${CMAKE_PREFIX_PATH}:/opt/ros/jazzy DEBUGINFOD_URLS=https://debuginfod.ubuntu.com /usr/bin/cmake --install /home/push/CODe/ros2_ws/jazzy_default_ws/src/minimum_plugins/build/polygon_base
[0.939s] Level 1:colcon.colcon_core.environment:create_environment_scripts_only(polygon_base)
[0.940s] DEBUG:colcon.colcon_core.event_handler.log_command:Invoked command in '/home/push/CODe/ros2_ws/jazzy_default_ws/src/minimum_plugins/build/polygon_base' returned '0': CMAKE_PREFIX_PATH=${CMAKE_PREFIX_PATH}:/opt/ros/jazzy DEBUGINFOD_URLS=https://debuginfod.ubuntu.com /usr/bin/cmake --install /home/push/CODe/ros2_ws/jazzy_default_ws/src/minimum_plugins/build/polygon_base
[0.949s] Level 1:colcon.colcon_core.environment:checking '/home/push/CODe/ros2_ws/jazzy_default_ws/src/minimum_plugins/install/polygon_base' for CMake module files
[0.954s] Level 1:colcon.colcon_core.environment:checking '/home/push/CODe/ros2_ws/jazzy_default_ws/src/minimum_plugins/install/polygon_base' for CMake config files
[0.955s] Level 1:colcon.colcon_core.shell:create_environment_hook('polygon_base', 'cmake_prefix_path')
[0.956s] INFO:colcon.colcon_core.shell:Creating environment hook '/home/push/CODe/ros2_ws/jazzy_default_ws/src/minimum_plugins/install/polygon_base/share/polygon_base/hook/cmake_prefix_path.ps1'
[0.959s] INFO:colcon.colcon_core.shell:Creating environment descriptor '/home/push/CODe/ros2_ws/jazzy_default_ws/src/minimum_plugins/install/polygon_base/share/polygon_base/hook/cmake_prefix_path.dsv'
[0.960s] INFO:colcon.colcon_core.shell:Creating environment hook '/home/push/CODe/ros2_ws/jazzy_default_ws/src/minimum_plugins/install/polygon_base/share/polygon_base/hook/cmake_prefix_path.sh'
[0.964s] Level 1:colcon.colcon_core.environment:checking '/home/push/CODe/ros2_ws/jazzy_default_ws/src/minimum_plugins/install/polygon_base/bin'
[0.965s] Level 1:colcon.colcon_core.environment:checking '/home/push/CODe/ros2_ws/jazzy_default_ws/src/minimum_plugins/install/polygon_base/lib/pkgconfig/polygon_base.pc'
[0.967s] Level 1:colcon.colcon_core.environment:checking '/home/push/CODe/ros2_ws/jazzy_default_ws/src/minimum_plugins/install/polygon_base/lib/python3.12/site-packages'
[0.969s] Level 1:colcon.colcon_core.environment:checking '/home/push/CODe/ros2_ws/jazzy_default_ws/src/minimum_plugins/install/polygon_base/bin'
[0.970s] INFO:colcon.colcon_core.shell:Creating package script '/home/push/CODe/ros2_ws/jazzy_default_ws/src/minimum_plugins/install/polygon_base/share/polygon_base/package.ps1'
[0.977s] INFO:colcon.colcon_core.shell:Creating package descriptor '/home/push/CODe/ros2_ws/jazzy_default_ws/src/minimum_plugins/install/polygon_base/share/polygon_base/package.dsv'
[0.979s] INFO:colcon.colcon_core.shell:Creating package script '/home/push/CODe/ros2_ws/jazzy_default_ws/src/minimum_plugins/install/polygon_base/share/polygon_base/package.sh'
[0.981s] INFO:colcon.colcon_core.shell:Creating package script '/home/push/CODe/ros2_ws/jazzy_default_ws/src/minimum_plugins/install/polygon_base/share/polygon_base/package.bash'
[0.982s] INFO:colcon.colcon_core.shell:Creating package script '/home/push/CODe/ros2_ws/jazzy_default_ws/src/minimum_plugins/install/polygon_base/share/polygon_base/package.zsh'
[0.985s] Level 1:colcon.colcon_core.environment:create_file_with_runtime_dependencies(/home/push/CODe/ros2_ws/jazzy_default_ws/src/minimum_plugins/install/polygon_base/share/colcon-core/packages/polygon_base)
[1.071s] Level 1:colcon.colcon_core.environment:create_environment_scripts_only(polygon_base)
[1.072s] Level 1:colcon.colcon_core.environment:checking '/home/push/CODe/ros2_ws/jazzy_default_ws/src/minimum_plugins/install/polygon_base' for CMake module files
[1.074s] Level 1:colcon.colcon_core.environment:checking '/home/push/CODe/ros2_ws/jazzy_default_ws/src/minimum_plugins/install/polygon_base' for CMake config files
[1.075s] Level 1:colcon.colcon_core.shell:create_environment_hook('polygon_base', 'cmake_prefix_path')
[1.075s] INFO:colcon.colcon_core.shell:Creating environment hook '/home/push/CODe/ros2_ws/jazzy_default_ws/src/minimum_plugins/install/polygon_base/share/polygon_base/hook/cmake_prefix_path.ps1'
[1.076s] INFO:colcon.colcon_core.shell:Creating environment descriptor '/home/push/CODe/ros2_ws/jazzy_default_ws/src/minimum_plugins/install/polygon_base/share/polygon_base/hook/cmake_prefix_path.dsv'
[1.077s] INFO:colcon.colcon_core.shell:Creating environment hook '/home/push/CODe/ros2_ws/jazzy_default_ws/src/minimum_plugins/install/polygon_base/share/polygon_base/hook/cmake_prefix_path.sh'
[1.078s] Level 1:colcon.colcon_core.environment:checking '/home/push/CODe/ros2_ws/jazzy_default_ws/src/minimum_plugins/install/polygon_base/bin'
[1.079s] Level 1:colcon.colcon_core.environment:checking '/home/push/CODe/ros2_ws/jazzy_default_ws/src/minimum_plugins/install/polygon_base/lib/pkgconfig/polygon_base.pc'
[1.079s] Level 1:colcon.colcon_core.environment:checking '/home/push/CODe/ros2_ws/jazzy_default_ws/src/minimum_plugins/install/polygon_base/lib/python3.12/site-packages'
[1.080s] Level 1:colcon.colcon_core.environment:checking '/home/push/CODe/ros2_ws/jazzy_default_ws/src/minimum_plugins/install/polygon_base/bin'
[1.080s] INFO:colcon.colcon_core.shell:Creating package script '/home/push/CODe/ros2_ws/jazzy_default_ws/src/minimum_plugins/install/polygon_base/share/polygon_base/package.ps1'
[1.081s] INFO:colcon.colcon_core.shell:Creating package descriptor '/home/push/CODe/ros2_ws/jazzy_default_ws/src/minimum_plugins/install/polygon_base/share/polygon_base/package.dsv'
[1.082s] INFO:colcon.colcon_core.shell:Creating package script '/home/push/CODe/ros2_ws/jazzy_default_ws/src/minimum_plugins/install/polygon_base/share/polygon_base/package.sh'
[1.083s] INFO:colcon.colcon_core.shell:Creating package script '/home/push/CODe/ros2_ws/jazzy_default_ws/src/minimum_plugins/install/polygon_base/share/polygon_base/package.bash'
[1.085s] INFO:colcon.colcon_core.shell:Creating package script '/home/push/CODe/ros2_ws/jazzy_default_ws/src/minimum_plugins/install/polygon_base/share/polygon_base/package.zsh'
[1.086s] Level 1:colcon.colcon_core.environment:create_file_with_runtime_dependencies(/home/push/CODe/ros2_ws/jazzy_default_ws/src/minimum_plugins/install/polygon_base/share/colcon-core/packages/polygon_base)
[1.916s] DEBUG:colcon.colcon_core.event_handler.log_command:Invoked command in '/home/push/CODe/ros2_ws/jazzy_default_ws/src/minimum_plugins/build/use_plugins' returned '0': CMAKE_PREFIX_PATH=${CMAKE_PREFIX_PATH}:/opt/ros/jazzy DEBUGINFOD_URLS=https://debuginfod.ubuntu.com /usr/bin/cmake /home/push/CODe/ros2_ws/jazzy_default_ws/src/minimum_plugins/src/use_plugins -DCMAKE_INSTALL_PREFIX=/home/push/CODe/ros2_ws/jazzy_default_ws/src/minimum_plugins/install/use_plugins
[1.917s] DEBUG:colcon.colcon_core.event_handler.log_command:Invoking command in '/home/push/CODe/ros2_ws/jazzy_default_ws/src/minimum_plugins/build/use_plugins': CMAKE_PREFIX_PATH=${CMAKE_PREFIX_PATH}:/opt/ros/jazzy DEBUGINFOD_URLS=https://debuginfod.ubuntu.com /usr/bin/cmake --build /home/push/CODe/ros2_ws/jazzy_default_ws/src/minimum_plugins/build/use_plugins -- -j4 -l4
[1.935s] DEBUG:colcon.colcon_core.event_handler.log_command:Invoked command in '/home/push/CODe/ros2_ws/jazzy_default_ws/src/minimum_plugins/build/polygon_plugins' returned '0': CMAKE_PREFIX_PATH=${CMAKE_PREFIX_PATH}:/opt/ros/jazzy DEBUGINFOD_URLS=https://debuginfod.ubuntu.com /usr/bin/cmake /home/push/CODe/ros2_ws/jazzy_default_ws/src/minimum_plugins/src/polygon_plugins -DCMAKE_INSTALL_PREFIX=/home/push/CODe/ros2_ws/jazzy_default_ws/src/minimum_plugins/install/polygon_plugins
[1.938s] DEBUG:colcon.colcon_core.event_handler.log_command:Invoking command in '/home/push/CODe/ros2_ws/jazzy_default_ws/src/minimum_plugins/build/polygon_plugins': CMAKE_PREFIX_PATH=${CMAKE_PREFIX_PATH}:/opt/ros/jazzy DEBUGINFOD_URLS=https://debuginfod.ubuntu.com /usr/bin/cmake --build /home/push/CODe/ros2_ws/jazzy_default_ws/src/minimum_plugins/build/polygon_plugins -- -j4 -l4
[4.498s] DEBUG:colcon.colcon_core.event_handler.log_command:Invoked command in '/home/push/CODe/ros2_ws/jazzy_default_ws/src/minimum_plugins/build/polygon_plugins' returned '0': CMAKE_PREFIX_PATH=${CMAKE_PREFIX_PATH}:/opt/ros/jazzy DEBUGINFOD_URLS=https://debuginfod.ubuntu.com /usr/bin/cmake --build /home/push/CODe/ros2_ws/jazzy_default_ws/src/minimum_plugins/build/polygon_plugins -- -j4 -l4
[4.678s] DEBUG:colcon.colcon_core.event_handler.log_command:Invoking command in '/home/push/CODe/ros2_ws/jazzy_default_ws/src/minimum_plugins/build/polygon_plugins': CMAKE_PREFIX_PATH=${CMAKE_PREFIX_PATH}:/opt/ros/jazzy DEBUGINFOD_URLS=https://debuginfod.ubuntu.com /usr/bin/cmake --install /home/push/CODe/ros2_ws/jazzy_default_ws/src/minimum_plugins/build/polygon_plugins
[4.784s] Level 1:colcon.colcon_core.environment:create_environment_scripts_only(polygon_plugins)
[4.784s] Level 1:colcon.colcon_core.environment:checking '/home/push/CODe/ros2_ws/jazzy_default_ws/src/minimum_plugins/install/polygon_plugins' for CMake module files
[4.786s] DEBUG:colcon.colcon_core.event_handler.log_command:Invoked command in '/home/push/CODe/ros2_ws/jazzy_default_ws/src/minimum_plugins/build/polygon_plugins' returned '0': CMAKE_PREFIX_PATH=${CMAKE_PREFIX_PATH}:/opt/ros/jazzy DEBUGINFOD_URLS=https://debuginfod.ubuntu.com /usr/bin/cmake --install /home/push/CODe/ros2_ws/jazzy_default_ws/src/minimum_plugins/build/polygon_plugins
[4.801s] Level 1:colcon.colcon_core.environment:checking '/home/push/CODe/ros2_ws/jazzy_default_ws/src/minimum_plugins/install/polygon_plugins' for CMake config files
[4.802s] Level 1:colcon.colcon_core.shell:create_environment_hook('polygon_plugins', 'cmake_prefix_path')
[4.803s] INFO:colcon.colcon_core.shell:Creating environment hook '/home/push/CODe/ros2_ws/jazzy_default_ws/src/minimum_plugins/install/polygon_plugins/share/polygon_plugins/hook/cmake_prefix_path.ps1'
[4.816s] INFO:colcon.colcon_core.shell:Creating environment descriptor '/home/push/CODe/ros2_ws/jazzy_default_ws/src/minimum_plugins/install/polygon_plugins/share/polygon_plugins/hook/cmake_prefix_path.dsv'
[4.817s] INFO:colcon.colcon_core.shell:Creating environment hook '/home/push/CODe/ros2_ws/jazzy_default_ws/src/minimum_plugins/install/polygon_plugins/share/polygon_plugins/hook/cmake_prefix_path.sh'
[4.830s] Level 1:colcon.colcon_core.environment:checking '/home/push/CODe/ros2_ws/jazzy_default_ws/src/minimum_plugins/install/polygon_plugins/lib'
[4.833s] Level 1:colcon.colcon_core.shell:create_environment_hook('polygon_plugins', 'ld_library_path_lib')
[4.837s] INFO:colcon.colcon_core.shell:Creating environment hook '/home/push/CODe/ros2_ws/jazzy_default_ws/src/minimum_plugins/install/polygon_plugins/share/polygon_plugins/hook/ld_library_path_lib.ps1'
[4.841s] INFO:colcon.colcon_core.shell:Creating environment descriptor '/home/push/CODe/ros2_ws/jazzy_default_ws/src/minimum_plugins/install/polygon_plugins/share/polygon_plugins/hook/ld_library_path_lib.dsv'
[4.844s] INFO:colcon.colcon_core.shell:Creating environment hook '/home/push/CODe/ros2_ws/jazzy_default_ws/src/minimum_plugins/install/polygon_plugins/share/polygon_plugins/hook/ld_library_path_lib.sh'
[4.846s] Level 1:colcon.colcon_core.environment:checking '/home/push/CODe/ros2_ws/jazzy_default_ws/src/minimum_plugins/install/polygon_plugins/bin'
[4.846s] Level 1:colcon.colcon_core.environment:checking '/home/push/CODe/ros2_ws/jazzy_default_ws/src/minimum_plugins/install/polygon_plugins/lib/pkgconfig/polygon_plugins.pc'
[4.848s] Level 1:colcon.colcon_core.environment:checking '/home/push/CODe/ros2_ws/jazzy_default_ws/src/minimum_plugins/install/polygon_plugins/lib/python3.12/site-packages'
[4.849s] Level 1:colcon.colcon_core.environment:checking '/home/push/CODe/ros2_ws/jazzy_default_ws/src/minimum_plugins/install/polygon_plugins/bin'
[4.851s] INFO:colcon.colcon_core.shell:Creating package script '/home/push/CODe/ros2_ws/jazzy_default_ws/src/minimum_plugins/install/polygon_plugins/share/polygon_plugins/package.ps1'
[4.853s] INFO:colcon.colcon_core.shell:Creating package descriptor '/home/push/CODe/ros2_ws/jazzy_default_ws/src/minimum_plugins/install/polygon_plugins/share/polygon_plugins/package.dsv'
[4.856s] INFO:colcon.colcon_core.shell:Creating package script '/home/push/CODe/ros2_ws/jazzy_default_ws/src/minimum_plugins/install/polygon_plugins/share/polygon_plugins/package.sh'
[4.858s] INFO:colcon.colcon_core.shell:Creating package script '/home/push/CODe/ros2_ws/jazzy_default_ws/src/minimum_plugins/install/polygon_plugins/share/polygon_plugins/package.bash'
[4.862s] INFO:colcon.colcon_core.shell:Creating package script '/home/push/CODe/ros2_ws/jazzy_default_ws/src/minimum_plugins/install/polygon_plugins/share/polygon_plugins/package.zsh'
[4.863s] Level 1:colcon.colcon_core.environment:create_file_with_runtime_dependencies(/home/push/CODe/ros2_ws/jazzy_default_ws/src/minimum_plugins/install/polygon_plugins/share/colcon-core/packages/polygon_plugins)
[4.976s] Level 1:colcon.colcon_core.environment:create_environment_scripts_only(polygon_plugins)
[4.977s] Level 1:colcon.colcon_core.environment:checking '/home/push/CODe/ros2_ws/jazzy_default_ws/src/minimum_plugins/install/polygon_plugins' for CMake module files
[4.979s] Level 1:colcon.colcon_core.environment:checking '/home/push/CODe/ros2_ws/jazzy_default_ws/src/minimum_plugins/install/polygon_plugins' for CMake config files
[4.980s] Level 1:colcon.colcon_core.shell:create_environment_hook('polygon_plugins', 'cmake_prefix_path')
[4.980s] INFO:colcon.colcon_core.shell:Creating environment hook '/home/push/CODe/ros2_ws/jazzy_default_ws/src/minimum_plugins/install/polygon_plugins/share/polygon_plugins/hook/cmake_prefix_path.ps1'
[4.982s] INFO:colcon.colcon_core.shell:Creating environment descriptor '/home/push/CODe/ros2_ws/jazzy_default_ws/src/minimum_plugins/install/polygon_plugins/share/polygon_plugins/hook/cmake_prefix_path.dsv'
[4.983s] INFO:colcon.colcon_core.shell:Creating environment hook '/home/push/CODe/ros2_ws/jazzy_default_ws/src/minimum_plugins/install/polygon_plugins/share/polygon_plugins/hook/cmake_prefix_path.sh'
[4.987s] Level 1:colcon.colcon_core.environment:checking '/home/push/CODe/ros2_ws/jazzy_default_ws/src/minimum_plugins/install/polygon_plugins/lib'
[4.987s] Level 1:colcon.colcon_core.shell:create_environment_hook('polygon_plugins', 'ld_library_path_lib')
[4.988s] INFO:colcon.colcon_core.shell:Creating environment hook '/home/push/CODe/ros2_ws/jazzy_default_ws/src/minimum_plugins/install/polygon_plugins/share/polygon_plugins/hook/ld_library_path_lib.ps1'
[4.992s] INFO:colcon.colcon_core.shell:Creating environment descriptor '/home/push/CODe/ros2_ws/jazzy_default_ws/src/minimum_plugins/install/polygon_plugins/share/polygon_plugins/hook/ld_library_path_lib.dsv'
[4.993s] INFO:colcon.colcon_core.shell:Creating environment hook '/home/push/CODe/ros2_ws/jazzy_default_ws/src/minimum_plugins/install/polygon_plugins/share/polygon_plugins/hook/ld_library_path_lib.sh'
[4.995s] Level 1:colcon.colcon_core.environment:checking '/home/push/CODe/ros2_ws/jazzy_default_ws/src/minimum_plugins/install/polygon_plugins/bin'
[4.995s] Level 1:colcon.colcon_core.environment:checking '/home/push/CODe/ros2_ws/jazzy_default_ws/src/minimum_plugins/install/polygon_plugins/lib/pkgconfig/polygon_plugins.pc'
[4.996s] Level 1:colcon.colcon_core.environment:checking '/home/push/CODe/ros2_ws/jazzy_default_ws/src/minimum_plugins/install/polygon_plugins/lib/python3.12/site-packages'
[4.996s] Level 1:colcon.colcon_core.environment:checking '/home/push/CODe/ros2_ws/jazzy_default_ws/src/minimum_plugins/install/polygon_plugins/bin'
[4.997s] INFO:colcon.colcon_core.shell:Creating package script '/home/push/CODe/ros2_ws/jazzy_default_ws/src/minimum_plugins/install/polygon_plugins/share/polygon_plugins/package.ps1'
[5.003s] INFO:colcon.colcon_core.shell:Creating package descriptor '/home/push/CODe/ros2_ws/jazzy_default_ws/src/minimum_plugins/install/polygon_plugins/share/polygon_plugins/package.dsv'
[5.005s] INFO:colcon.colcon_core.shell:Creating package script '/home/push/CODe/ros2_ws/jazzy_default_ws/src/minimum_plugins/install/polygon_plugins/share/polygon_plugins/package.sh'
[5.012s] INFO:colcon.colcon_core.shell:Creating package script '/home/push/CODe/ros2_ws/jazzy_default_ws/src/minimum_plugins/install/polygon_plugins/share/polygon_plugins/package.bash'
[5.021s] INFO:colcon.colcon_core.shell:Creating package script '/home/push/CODe/ros2_ws/jazzy_default_ws/src/minimum_plugins/install/polygon_plugins/share/polygon_plugins/package.zsh'
[5.024s] Level 1:colcon.colcon_core.environment:create_file_with_runtime_dependencies(/home/push/CODe/ros2_ws/jazzy_default_ws/src/minimum_plugins/install/polygon_plugins/share/colcon-core/packages/polygon_plugins)
[10.439s] DEBUG:colcon.colcon_core.event_handler.log_command:Invoked command in '/home/push/CODe/ros2_ws/jazzy_default_ws/src/minimum_plugins/build/use_plugins' returned '0': CMAKE_PREFIX_PATH=${CMAKE_PREFIX_PATH}:/opt/ros/jazzy DEBUGINFOD_URLS=https://debuginfod.ubuntu.com /usr/bin/cmake --build /home/push/CODe/ros2_ws/jazzy_default_ws/src/minimum_plugins/build/use_plugins -- -j4 -l4
[10.501s] DEBUG:colcon.colcon_core.event_handler.log_command:Invoking command in '/home/push/CODe/ros2_ws/jazzy_default_ws/src/minimum_plugins/build/use_plugins': CMAKE_PREFIX_PATH=${CMAKE_PREFIX_PATH}:/opt/ros/jazzy DEBUGINFOD_URLS=https://debuginfod.ubuntu.com /usr/bin/cmake --install /home/push/CODe/ros2_ws/jazzy_default_ws/src/minimum_plugins/build/use_plugins
[10.542s] Level 1:colcon.colcon_core.environment:create_environment_scripts_only(use_plugins)
[10.542s] Level 1:colcon.colcon_core.environment:checking '/home/push/CODe/ros2_ws/jazzy_default_ws/src/minimum_plugins/install/use_plugins' for CMake module files
[10.543s] DEBUG:colcon.colcon_core.event_handler.log_command:Invoked command in '/home/push/CODe/ros2_ws/jazzy_default_ws/src/minimum_plugins/build/use_plugins' returned '0': CMAKE_PREFIX_PATH=${CMAKE_PREFIX_PATH}:/opt/ros/jazzy DEBUGINFOD_URLS=https://debuginfod.ubuntu.com /usr/bin/cmake --install /home/push/CODe/ros2_ws/jazzy_default_ws/src/minimum_plugins/build/use_plugins
[10.544s] Level 1:colcon.colcon_core.environment:checking '/home/push/CODe/ros2_ws/jazzy_default_ws/src/minimum_plugins/install/use_plugins' for CMake config files
[10.544s] Level 1:colcon.colcon_core.shell:create_environment_hook('use_plugins', 'cmake_prefix_path')
[10.545s] INFO:colcon.colcon_core.shell:Creating environment hook '/home/push/CODe/ros2_ws/jazzy_default_ws/src/minimum_plugins/install/use_plugins/share/use_plugins/hook/cmake_prefix_path.ps1'
[10.546s] INFO:colcon.colcon_core.shell:Creating environment descriptor '/home/push/CODe/ros2_ws/jazzy_default_ws/src/minimum_plugins/install/use_plugins/share/use_plugins/hook/cmake_prefix_path.dsv'
[10.546s] INFO:colcon.colcon_core.shell:Creating environment hook '/home/push/CODe/ros2_ws/jazzy_default_ws/src/minimum_plugins/install/use_plugins/share/use_plugins/hook/cmake_prefix_path.sh'
[10.547s] Level 1:colcon.colcon_core.environment:checking '/home/push/CODe/ros2_ws/jazzy_default_ws/src/minimum_plugins/install/use_plugins/lib'
[10.547s] Level 1:colcon.colcon_core.environment:checking '/home/push/CODe/ros2_ws/jazzy_default_ws/src/minimum_plugins/install/use_plugins/bin'
[10.547s] Level 1:colcon.colcon_core.environment:checking '/home/push/CODe/ros2_ws/jazzy_default_ws/src/minimum_plugins/install/use_plugins/lib/pkgconfig/use_plugins.pc'
[10.548s] Level 1:colcon.colcon_core.environment:checking '/home/push/CODe/ros2_ws/jazzy_default_ws/src/minimum_plugins/install/use_plugins/lib/python3.12/site-packages'
[10.548s] Level 1:colcon.colcon_core.environment:checking '/home/push/CODe/ros2_ws/jazzy_default_ws/src/minimum_plugins/install/use_plugins/bin'
[10.549s] INFO:colcon.colcon_core.shell:Creating package script '/home/push/CODe/ros2_ws/jazzy_default_ws/src/minimum_plugins/install/use_plugins/share/use_plugins/package.ps1'
[10.551s] INFO:colcon.colcon_core.shell:Creating package descriptor '/home/push/CODe/ros2_ws/jazzy_default_ws/src/minimum_plugins/install/use_plugins/share/use_plugins/package.dsv'
[10.552s] INFO:colcon.colcon_core.shell:Creating package script '/home/push/CODe/ros2_ws/jazzy_default_ws/src/minimum_plugins/install/use_plugins/share/use_plugins/package.sh'
[10.553s] INFO:colcon.colcon_core.shell:Creating package script '/home/push/CODe/ros2_ws/jazzy_default_ws/src/minimum_plugins/install/use_plugins/share/use_plugins/package.bash'
[10.553s] INFO:colcon.colcon_core.shell:Creating package script '/home/push/CODe/ros2_ws/jazzy_default_ws/src/minimum_plugins/install/use_plugins/share/use_plugins/package.zsh'
[10.554s] Level 1:colcon.colcon_core.environment:create_file_with_runtime_dependencies(/home/push/CODe/ros2_ws/jazzy_default_ws/src/minimum_plugins/install/use_plugins/share/colcon-core/packages/use_plugins)
[10.609s] Level 1:colcon.colcon_core.environment:create_environment_scripts_only(use_plugins)
[10.610s] Level 1:colcon.colcon_core.environment:checking '/home/push/CODe/ros2_ws/jazzy_default_ws/src/minimum_plugins/install/use_plugins' for CMake module files
[10.611s] Level 1:colcon.colcon_core.environment:checking '/home/push/CODe/ros2_ws/jazzy_default_ws/src/minimum_plugins/install/use_plugins' for CMake config files
[10.612s] Level 1:colcon.colcon_core.shell:create_environment_hook('use_plugins', 'cmake_prefix_path')
[10.613s] INFO:colcon.colcon_core.shell:Creating environment hook '/home/push/CODe/ros2_ws/jazzy_default_ws/src/minimum_plugins/install/use_plugins/share/use_plugins/hook/cmake_prefix_path.ps1'
[10.614s] INFO:colcon.colcon_core.shell:Creating environment descriptor '/home/push/CODe/ros2_ws/jazzy_default_ws/src/minimum_plugins/install/use_plugins/share/use_plugins/hook/cmake_prefix_path.dsv'
[10.615s] INFO:colcon.colcon_core.shell:Creating environment hook '/home/push/CODe/ros2_ws/jazzy_default_ws/src/minimum_plugins/install/use_plugins/share/use_plugins/hook/cmake_prefix_path.sh'
[10.617s] Level 1:colcon.colcon_core.environment:checking '/home/push/CODe/ros2_ws/jazzy_default_ws/src/minimum_plugins/install/use_plugins/lib'
[10.617s] Level 1:colcon.colcon_core.environment:checking '/home/push/CODe/ros2_ws/jazzy_default_ws/src/minimum_plugins/install/use_plugins/bin'
[10.617s] Level 1:colcon.colcon_core.environment:checking '/home/push/CODe/ros2_ws/jazzy_default_ws/src/minimum_plugins/install/use_plugins/lib/pkgconfig/use_plugins.pc'
[10.618s] Level 1:colcon.colcon_core.environment:checking '/home/push/CODe/ros2_ws/jazzy_default_ws/src/minimum_plugins/install/use_plugins/lib/python3.12/site-packages'
[10.618s] Level 1:colcon.colcon_core.environment:checking '/home/push/CODe/ros2_ws/jazzy_default_ws/src/minimum_plugins/install/use_plugins/bin'
[10.619s] INFO:colcon.colcon_core.shell:Creating package script '/home/push/CODe/ros2_ws/jazzy_default_ws/src/minimum_plugins/install/use_plugins/share/use_plugins/package.ps1'
[10.621s] INFO:colcon.colcon_core.shell:Creating package descriptor '/home/push/CODe/ros2_ws/jazzy_default_ws/src/minimum_plugins/install/use_plugins/share/use_plugins/package.dsv'
[10.623s] INFO:colcon.colcon_core.shell:Creating package script '/home/push/CODe/ros2_ws/jazzy_default_ws/src/minimum_plugins/install/use_plugins/share/use_plugins/package.sh'
[10.624s] INFO:colcon.colcon_core.shell:Creating package script '/home/push/CODe/ros2_ws/jazzy_default_ws/src/minimum_plugins/install/use_plugins/share/use_plugins/package.bash'
[10.624s] INFO:colcon.colcon_core.shell:Creating package script '/home/push/CODe/ros2_ws/jazzy_default_ws/src/minimum_plugins/install/use_plugins/share/use_plugins/package.zsh'
[10.625s] Level 1:colcon.colcon_core.environment:create_file_with_runtime_dependencies(/home/push/CODe/ros2_ws/jazzy_default_ws/src/minimum_plugins/install/use_plugins/share/colcon-core/packages/use_plugins)
[10.625s] DEBUG:colcon.colcon_parallel_executor.executor.parallel:closing loop
[10.626s] DEBUG:colcon.colcon_parallel_executor.executor.parallel:loop closed
[10.626s] DEBUG:colcon.colcon_parallel_executor.executor.parallel:run_until_complete finished with '0'
[10.626s] DEBUG:colcon.colcon_core.event_reactor:joining thread
[10.641s] INFO:colcon.colcon_core.plugin_system:Skipping extension 'colcon_notification.desktop_notification.terminal_notifier': Not used on non-Darwin systems
[10.641s] INFO:colcon.colcon_core.plugin_system:Skipping extension 'colcon_notification.desktop_notification.win32': Not used on non-Windows systems
[10.641s] INFO:colcon.colcon_notification.desktop_notification:Sending desktop notification using 'notify2'
[10.675s] DEBUG:colcon.colcon_core.event_reactor:joined thread
[10.676s] INFO:colcon.colcon_core.shell:Creating prefix script '/home/push/CODe/ros2_ws/jazzy_default_ws/src/minimum_plugins/install/local_setup.ps1'
[10.677s] INFO:colcon.colcon_core.shell:Creating prefix util module '/home/push/CODe/ros2_ws/jazzy_default_ws/src/minimum_plugins/install/_local_setup_util_ps1.py'
[10.680s] INFO:colcon.colcon_core.shell:Creating prefix chain script '/home/push/CODe/ros2_ws/jazzy_default_ws/src/minimum_plugins/install/setup.ps1'
[10.683s] INFO:colcon.colcon_core.shell:Creating prefix script '/home/push/CODe/ros2_ws/jazzy_default_ws/src/minimum_plugins/install/local_setup.sh'
[10.684s] INFO:colcon.colcon_core.shell:Creating prefix util module '/home/push/CODe/ros2_ws/jazzy_default_ws/src/minimum_plugins/install/_local_setup_util_sh.py'
[10.686s] INFO:colcon.colcon_core.shell:Creating prefix chain script '/home/push/CODe/ros2_ws/jazzy_default_ws/src/minimum_plugins/install/setup.sh'
[10.689s] INFO:colcon.colcon_core.shell:Creating prefix script '/home/push/CODe/ros2_ws/jazzy_default_ws/src/minimum_plugins/install/local_setup.bash'
[10.691s] INFO:colcon.colcon_core.shell:Creating prefix chain script '/home/push/CODe/ros2_ws/jazzy_default_ws/src/minimum_plugins/install/setup.bash'
[10.693s] INFO:colcon.colcon_core.shell:Creating prefix script '/home/push/CODe/ros2_ws/jazzy_default_ws/src/minimum_plugins/install/local_setup.zsh'
[10.694s] INFO:colcon.colcon_core.shell:Creating prefix chain script '/home/push/CODe/ros2_ws/jazzy_default_ws/src/minimum_plugins/install/setup.zsh'
