[0.333s] Invoking command in '/home/push/CODe/ros2_ws/jazzy_default_ws/src/build/minimum_param': CMAKE_PREFIX_PATH=${CMAKE_PREFIX_PATH}:/opt/ros/jazzy DEBUGINFOD_URLS=https://debuginfod.ubuntu.com /usr/bin/cmake /home/push/CODe/ros2_ws/jazzy_default_ws/src/minimum_param -DCMAKE_INSTALL_PREFIX=/home/push/CODe/ros2_ws/jazzy_default_ws/src/install/minimum_param
[3.751s] -- The C compiler identification is GNU 13.2.0
[6.612s] -- The CXX compiler identification is GNU 13.2.0
[7.195s] -- Detecting C compiler ABI info
[9.321s] -- Detecting C compiler ABI info - done
[9.448s] -- Check for working C compiler: /usr/bin/cc - skipped
[9.457s] -- Detecting C compile features
[9.469s] -- Detecting C compile features - done
[9.569s] -- Detecting CXX compiler ABI info
[11.321s] -- Detecting CXX compiler ABI info - done
[11.550s] -- Check for working CXX compiler: /usr/bin/c++ - skipped
[11.550s] -- Detecting CXX compile features
[11.552s] -- Detecting CXX compile features - done
[11.657s] -- Found ament_cmake: 2.5.2 (/opt/ros/jazzy/share/ament_cmake/cmake)
[13.226s] -- Found Python3: /usr/bin/python3 (found version "3.12.3") found components: Interpreter 
[14.453s] -- Found rclcpp: 28.1.3 (/opt/ros/jazzy/share/rclcpp/cmake)
[14.907s] -- Found rosidl_generator_c: 4.6.3 (/opt/ros/jazzy/share/rosidl_generator_c/cmake)
[15.025s] -- Found rosidl_generator_cpp: 4.6.3 (/opt/ros/jazzy/share/rosidl_generator_cpp/cmake)
[15.132s] -- Using all available rosidl_typesupport_c: rosidl_typesupport_fastrtps_c;rosidl_typesupport_introspection_c
[15.251s] -- Using all available rosidl_typesupport_cpp: rosidl_typesupport_fastrtps_cpp;rosidl_typesupport_introspection_cpp
[16.006s] -- Found rmw_implementation_cmake: 7.3.1 (/opt/ros/jazzy/share/rmw_implementation_cmake/cmake)
[16.053s] -- Found rmw_fastrtps_cpp: 8.4.1 (/opt/ros/jazzy/share/rmw_fastrtps_cpp/cmake)
[16.982s] -- Found OpenSSL: /usr/lib/x86_64-linux-gnu/libcrypto.so (found version "3.0.13")  
[17.309s] -- Found FastRTPS: /opt/ros/jazzy/include (Required is at least version "2.13") 
[17.500s] -- Using RMW implementation 'rmw_fastrtps_cpp' as default
[18.036s] -- Found ament_lint_auto: 0.17.1 (/opt/ros/jazzy/share/ament_lint_auto/cmake)
[19.019s] -- Added test 'cppcheck' to perform static code analysis on C / C++ code
[19.019s] -- Configured cppcheck include dirs: 
[19.019s] -- Configured cppcheck exclude dirs and/or files: 
[19.024s] -- Added test 'flake8' to check Python code syntax and style conventions
[19.025s] -- Configured 'flake8' exclude dirs and/or files: 
[19.030s] -- Added test 'lint_cmake' to check CMake code style
[19.032s] -- Added test 'pep257' to check Python code against some of the docstring style conventions in PEP 257
[19.035s] -- Added test 'uncrustify' to check C / C++ code style
[19.036s] -- Configured uncrustify additional arguments: 
[19.038s] -- Added test 'xmllint' to check XML markup files
[19.043s] -- Configuring done (18.2s)
[19.083s] -- Generating done (0.0s)
[19.102s] -- Build files have been written to: /home/push/CODe/ros2_ws/jazzy_default_ws/src/build/minimum_param
[19.137s] Invoked command in '/home/push/CODe/ros2_ws/jazzy_default_ws/src/build/minimum_param' returned '0': CMAKE_PREFIX_PATH=${CMAKE_PREFIX_PATH}:/opt/ros/jazzy DEBUGINFOD_URLS=https://debuginfod.ubuntu.com /usr/bin/cmake /home/push/CODe/ros2_ws/jazzy_default_ws/src/minimum_param -DCMAKE_INSTALL_PREFIX=/home/push/CODe/ros2_ws/jazzy_default_ws/src/install/minimum_param
[19.138s] Invoking command in '/home/push/CODe/ros2_ws/jazzy_default_ws/src/build/minimum_param': CMAKE_PREFIX_PATH=${CMAKE_PREFIX_PATH}:/opt/ros/jazzy DEBUGINFOD_URLS=https://debuginfod.ubuntu.com /usr/bin/cmake --build /home/push/CODe/ros2_ws/jazzy_default_ws/src/build/minimum_param -- -j4 -l4
[19.428s] [ 50%] [32mBuilding CXX object CMakeFiles/minimum_param.dir/src/minimum_param.cpp.o[0m
