[0.040s] Invoking command in '/home/push/CODe/ros2_ws/jazzy_default_ws/src/minimum_plugins/build/polygon_base': CMAKE_PREFIX_PATH=${CMAKE_PREFIX_PATH}:/opt/ros/jazzy DEBUGINFOD_URLS=https://debuginfod.ubuntu.com /usr/bin/cmake /home/push/CODe/ros2_ws/jazzy_default_ws/src/minimum_plugins/src/polygon_base -DCMAKE_INSTALL_PREFIX=/home/push/CODe/ros2_ws/jazzy_default_ws/src/minimum_plugins/install/polygon_base
[0.262s] -- The C compiler identification is GNU 13.2.0
[0.588s] -- The CXX compiler identification is GNU 13.2.0
[0.721s] -- Detecting C compiler ABI info
[1.306s] -- Detecting C compiler ABI info - done
[1.335s] -- Check for working C compiler: /usr/bin/cc - skipped
[1.336s] -- Detecting C compile features
[1.343s] -- Detecting C compile features - done
[1.377s] -- Detecting CXX compiler ABI info
[1.776s] -- Detecting CXX compiler ABI info - done
[1.843s] -- Check for working CXX compiler: /usr/bin/c++ - skipped
[1.843s] -- Detecting CXX compile features
[1.848s] -- Detecting CXX compile features - done
[1.874s] -- Found ament_cmake: 2.5.2 (/opt/ros/jazzy/share/ament_cmake/cmake)
[2.465s] -- Found Python3: /usr/bin/python3 (found version "3.12.3") found components: Interpreter 
[2.843s] -- Found ament_lint_auto: 0.17.1 (/opt/ros/jazzy/share/ament_lint_auto/cmake)
[3.221s] -- Added test 'cppcheck' to perform static code analysis on C / C++ code
[3.222s] -- Configured cppcheck include dirs: 
[3.222s] -- Configured cppcheck exclude dirs and/or files: 
[3.224s] -- Added test 'lint_cmake' to check CMake code style
[3.227s] -- Added test 'uncrustify' to check C / C++ code style
[3.228s] -- Configured uncrustify additional arguments: 
[3.230s] -- Added test 'xmllint' to check XML markup files
[3.238s] -- Configuring done (3.2s)
[3.245s] -- Generating done (0.0s)
[3.249s] -- Build files have been written to: /home/push/CODe/ros2_ws/jazzy_default_ws/src/minimum_plugins/build/polygon_base
