[0.029s] Invoking command in '/home/push/CODe/ros2_ws/jazzy_default_ws/src/minimum_plugins/build/polygon_plugins': CMAKE_PREFIX_PATH=${CMAKE_PREFIX_PATH}:/opt/ros/jazzy DEBUGINFOD_URLS=https://debuginfod.ubuntu.com /usr/bin/cmake --build /home/push/CODe/ros2_ws/jazzy_default_ws/src/minimum_plugins/build/polygon_plugins -- -j4 -l4
[0.099s] -- Found ament_cmake: 2.5.2 (/opt/ros/jazzy/share/ament_cmake/cmake)
[0.782s] -- Found pluginlib: 5.4.2 (/opt/ros/jazzy/share/pluginlib/cmake)
[0.815s] -- Found TinyXML2 via Config file: /usr/lib/x86_64-linux-gnu/cmake/tinyxml2
[0.817s] -- Found polygon_base: 0.0.0 (/home/push/CODe/ros2_ws/jazzy_default_ws/src/minimum_plugins/install/polygon_base/share/polygon_base/cmake)
[0.821s] -- Found ament_cmake_ros: 0.12.0 (/opt/ros/jazzy/share/ament_cmake_ros/cmake)
[0.827s] -- Found ament_lint_auto: 0.17.1 (/opt/ros/jazzy/share/ament_lint_auto/cmake)
[0.999s] -- Added test 'cppcheck' to perform static code analysis on C / C++ code
[0.999s] -- Configured cppcheck include dirs: 
[0.999s] -- Configured cppcheck exclude dirs and/or files: 
[1.001s] -- Added test 'lint_cmake' to check CMake code style
[1.002s] -- Added test 'uncrustify' to check C / C++ code style
[1.003s] -- Configured uncrustify additional arguments: 
[1.003s] -- Added test 'xmllint' to check XML markup files
[1.004s] -- Configuring done (0.9s)
[1.017s] -- Generating done (0.0s)
[1.020s] -- Build files have been written to: /home/push/CODe/ros2_ws/jazzy_default_ws/src/minimum_plugins/build/polygon_plugins
[1.101s] [100%] Built target polygon_plugins
[1.131s] Invoked command in '/home/push/CODe/ros2_ws/jazzy_default_ws/src/minimum_plugins/build/polygon_plugins' returned '0': CMAKE_PREFIX_PATH=${CMAKE_PREFIX_PATH}:/opt/ros/jazzy DEBUGINFOD_URLS=https://debuginfod.ubuntu.com /usr/bin/cmake --build /home/push/CODe/ros2_ws/jazzy_default_ws/src/minimum_plugins/build/polygon_plugins -- -j4 -l4
[1.194s] Invoking command in '/home/push/CODe/ros2_ws/jazzy_default_ws/src/minimum_plugins/build/polygon_plugins': CMAKE_PREFIX_PATH=${CMAKE_PREFIX_PATH}:/opt/ros/jazzy DEBUGINFOD_URLS=https://debuginfod.ubuntu.com /usr/bin/cmake --install /home/push/CODe/ros2_ws/jazzy_default_ws/src/minimum_plugins/build/polygon_plugins
[1.213s] -- Install configuration: ""
[1.213s] -- Up-to-date: /home/push/CODe/ros2_ws/jazzy_default_ws/src/minimum_plugins/install/polygon_plugins/lib/libpolygon_plugins.so
[1.214s] -- Up-to-date: /home/push/CODe/ros2_ws/jazzy_default_ws/src/minimum_plugins/install/polygon_plugins/share/polygon_plugins/plugins.xml
[1.214s] -- Up-to-date: /home/push/CODe/ros2_ws/jazzy_default_ws/src/minimum_plugins/install/polygon_plugins/share/ament_index/resource_index/package_run_dependencies/polygon_plugins
[1.214s] -- Up-to-date: /home/push/CODe/ros2_ws/jazzy_default_ws/src/minimum_plugins/install/polygon_plugins/share/ament_index/resource_index/parent_prefix_path/polygon_plugins
[1.215s] -- Up-to-date: /home/push/CODe/ros2_ws/jazzy_default_ws/src/minimum_plugins/install/polygon_plugins/share/polygon_plugins/environment/ament_prefix_path.sh
[1.215s] -- Up-to-date: /home/push/CODe/ros2_ws/jazzy_default_ws/src/minimum_plugins/install/polygon_plugins/share/polygon_plugins/environment/ament_prefix_path.dsv
[1.215s] -- Up-to-date: /home/push/CODe/ros2_ws/jazzy_default_ws/src/minimum_plugins/install/polygon_plugins/share/polygon_plugins/environment/path.sh
[1.215s] -- Up-to-date: /home/push/CODe/ros2_ws/jazzy_default_ws/src/minimum_plugins/install/polygon_plugins/share/polygon_plugins/environment/path.dsv
[1.216s] -- Up-to-date: /home/push/CODe/ros2_ws/jazzy_default_ws/src/minimum_plugins/install/polygon_plugins/share/polygon_plugins/local_setup.bash
[1.216s] -- Up-to-date: /home/push/CODe/ros2_ws/jazzy_default_ws/src/minimum_plugins/install/polygon_plugins/share/polygon_plugins/local_setup.sh
[1.216s] -- Up-to-date: /home/push/CODe/ros2_ws/jazzy_default_ws/src/minimum_plugins/install/polygon_plugins/share/polygon_plugins/local_setup.zsh
[1.219s] -- Up-to-date: /home/push/CODe/ros2_ws/jazzy_default_ws/src/minimum_plugins/install/polygon_plugins/share/polygon_plugins/local_setup.dsv
[1.220s] -- Installing: /home/push/CODe/ros2_ws/jazzy_default_ws/src/minimum_plugins/install/polygon_plugins/share/polygon_plugins/package.dsv
[1.220s] -- Up-to-date: /home/push/CODe/ros2_ws/jazzy_default_ws/src/minimum_plugins/install/polygon_plugins/share/ament_index/resource_index/packages/polygon_plugins
[1.220s] -- Up-to-date: /home/push/CODe/ros2_ws/jazzy_default_ws/src/minimum_plugins/install/polygon_plugins/share/ament_index/resource_index/polygon_base__pluginlib__plugin/polygon_plugins
[1.220s] -- Up-to-date: /home/push/CODe/ros2_ws/jazzy_default_ws/src/minimum_plugins/install/polygon_plugins/share/polygon_plugins/cmake/polygon_pluginsConfig.cmake
[1.220s] -- Up-to-date: /home/push/CODe/ros2_ws/jazzy_default_ws/src/minimum_plugins/install/polygon_plugins/share/polygon_plugins/cmake/polygon_pluginsConfig-version.cmake
[1.220s] -- Installing: /home/push/CODe/ros2_ws/jazzy_default_ws/src/minimum_plugins/install/polygon_plugins/share/polygon_plugins/package.xml
[1.225s] Invoked command in '/home/push/CODe/ros2_ws/jazzy_default_ws/src/minimum_plugins/build/polygon_plugins' returned '0': CMAKE_PREFIX_PATH=${CMAKE_PREFIX_PATH}:/opt/ros/jazzy DEBUGINFOD_URLS=https://debuginfod.ubuntu.com /usr/bin/cmake --install /home/push/CODe/ros2_ws/jazzy_default_ws/src/minimum_plugins/build/polygon_plugins
