-- Found ament_cmake: 2.5.2 (/opt/ros/jazzy/share/ament_cmake/cmake)
-- Found pluginlib: 5.4.2 (/opt/ros/jazzy/share/pluginlib/cmake)
-- Found TinyXML2 via Config file: /usr/lib/x86_64-linux-gnu/cmake/tinyxml2
-- Found polygon_base: 0.0.0 (/home/push/CODe/ros2_ws/jazzy_default_ws/src/minimum_plugins/install/polygon_base/share/polygon_base/cmake)
-- Found ament_lint_auto: 0.17.1 (/opt/ros/jazzy/share/ament_lint_auto/cmake)
-- Added test 'cppcheck' to perform static code analysis on C / C++ code
-- Configured cppcheck include dirs: 
-- Configured cppcheck exclude dirs and/or files: 
-- Added test 'lint_cmake' to check CMake code style
-- Added test 'uncrustify' to check C / C++ code style
-- Configured uncrustify additional arguments: 
-- Added test 'xmllint' to check XML markup files
-- Configuring done (1.2s)
-- Generating done (0.0s)
-- Build files have been written to: /home/push/CODe/ros2_ws/jazzy_default_ws/src/minimum_plugins/build/use_plugins
[ 50%] [32mBuilding CXX object CMakeFiles/area_node.dir/src/area_node.cpp.o[0m
[100%] [32m[1mLinking CXX executable area_node[0m
[100%] Built target area_node
-- Install configuration: ""
-- Installing: /home/push/CODe/ros2_ws/jazzy_default_ws/src/minimum_plugins/install/use_plugins/lib/use_plugins/area_node
-- Set non-toolchain portion of runtime path of "/home/push/CODe/ros2_ws/jazzy_default_ws/src/minimum_plugins/install/use_plugins/lib/use_plugins/area_node" to ""
-- Installing: /home/push/CODe/ros2_ws/jazzy_default_ws/src/minimum_plugins/install/use_plugins/share/ament_index/resource_index/package_run_dependencies/use_plugins
-- Installing: /home/push/CODe/ros2_ws/jazzy_default_ws/src/minimum_plugins/install/use_plugins/share/ament_index/resource_index/parent_prefix_path/use_plugins
-- Installing: /home/push/CODe/ros2_ws/jazzy_default_ws/src/minimum_plugins/install/use_plugins/share/use_plugins/environment/ament_prefix_path.sh
-- Installing: /home/push/CODe/ros2_ws/jazzy_default_ws/src/minimum_plugins/install/use_plugins/share/use_plugins/environment/ament_prefix_path.dsv
-- Installing: /home/push/CODe/ros2_ws/jazzy_default_ws/src/minimum_plugins/install/use_plugins/share/use_plugins/environment/path.sh
-- Installing: /home/push/CODe/ros2_ws/jazzy_default_ws/src/minimum_plugins/install/use_plugins/share/use_plugins/environment/path.dsv
-- Installing: /home/push/CODe/ros2_ws/jazzy_default_ws/src/minimum_plugins/install/use_plugins/share/use_plugins/local_setup.bash
-- Installing: /home/push/CODe/ros2_ws/jazzy_default_ws/src/minimum_plugins/install/use_plugins/share/use_plugins/local_setup.sh
-- Installing: /home/push/CODe/ros2_ws/jazzy_default_ws/src/minimum_plugins/install/use_plugins/share/use_plugins/local_setup.zsh
-- Installing: /home/push/CODe/ros2_ws/jazzy_default_ws/src/minimum_plugins/install/use_plugins/share/use_plugins/local_setup.dsv
-- Installing: /home/push/CODe/ros2_ws/jazzy_default_ws/src/minimum_plugins/install/use_plugins/share/use_plugins/package.dsv
-- Installing: /home/push/CODe/ros2_ws/jazzy_default_ws/src/minimum_plugins/install/use_plugins/share/ament_index/resource_index/packages/use_plugins
-- Installing: /home/push/CODe/ros2_ws/jazzy_default_ws/src/minimum_plugins/install/use_plugins/share/use_plugins/cmake/use_pluginsConfig.cmake
-- Installing: /home/push/CODe/ros2_ws/jazzy_default_ws/src/minimum_plugins/install/use_plugins/share/use_plugins/cmake/use_pluginsConfig-version.cmake
-- Installing: /home/push/CODe/ros2_ws/jazzy_default_ws/src/minimum_plugins/install/use_plugins/share/use_plugins/package.xml
