[0.299s] Invoking command in '/home/push/CODe/ros2_ws/jazzy_default_ws/src/build/minimum_cpp': CMAKE_PREFIX_PATH=${CMAKE_PREFIX_PATH}:/opt/ros/jazzy DEBUGINFOD_URLS=https://debuginfod.ubuntu.com /usr/bin/cmake /home/push/CODe/ros2_ws/jazzy_default_ws/src/minimum_cpp -DCMAKE_INSTALL_PREFIX=/home/push/CODe/ros2_ws/jazzy_default_ws/src/install/minimum_cpp
[3.780s] -- The C compiler identification is GNU 13.2.0
[6.641s] -- The CXX compiler identification is GNU 13.2.0
[7.233s] -- Detecting C compiler ABI info
[9.424s] -- Detecting C compiler ABI info - done
[9.547s] -- Check for working C compiler: /usr/bin/cc - skipped
[9.548s] -- Detecting C compile features
[9.550s] -- Detecting C compile features - done
[9.684s] -- Detecting CXX compiler ABI info
[11.111s] -- Detecting CXX compiler ABI info - done
[11.203s] -- Check for working CXX compiler: /usr/bin/c++ - skipped
[11.203s] -- Detecting CXX compile features
[11.203s] -- Detecting CXX compile features - done
[11.457s] -- Found ament_cmake: 2.5.2 (/opt/ros/jazzy/share/ament_cmake/cmake)
[13.262s] -- Found Python3: /usr/bin/python3 (found version "3.12.3") found components: Interpreter 
[14.489s] -- Found rclcpp: 28.1.3 (/opt/ros/jazzy/share/rclcpp/cmake)
[14.964s] -- Found rosidl_generator_c: 4.6.3 (/opt/ros/jazzy/share/rosidl_generator_c/cmake)
[15.058s] -- Found rosidl_generator_cpp: 4.6.3 (/opt/ros/jazzy/share/rosidl_generator_cpp/cmake)
[15.170s] -- Using all available rosidl_typesupport_c: rosidl_typesupport_fastrtps_c;rosidl_typesupport_introspection_c
[15.279s] -- Using all available rosidl_typesupport_cpp: rosidl_typesupport_fastrtps_cpp;rosidl_typesupport_introspection_cpp
[16.052s] -- Found rmw_implementation_cmake: 7.3.1 (/opt/ros/jazzy/share/rmw_implementation_cmake/cmake)
[16.091s] -- Found rmw_fastrtps_cpp: 8.4.1 (/opt/ros/jazzy/share/rmw_fastrtps_cpp/cmake)
[17.066s] -- Found OpenSSL: /usr/lib/x86_64-linux-gnu/libcrypto.so (found version "3.0.13")  
[17.288s] -- Found FastRTPS: /opt/ros/jazzy/include (Required is at least version "2.13") 
[17.447s] -- Using RMW implementation 'rmw_fastrtps_cpp' as default
[18.063s] -- Found std_msgs: 5.3.5 (/opt/ros/jazzy/share/std_msgs/cmake)
[18.369s] -- Found ament_lint_auto: 0.17.1 (/opt/ros/jazzy/share/ament_lint_auto/cmake)
[19.146s] -- Added test 'cppcheck' to perform static code analysis on C / C++ code
[19.153s] -- Configured cppcheck include dirs: /home/push/CODe/ros2_ws/jazzy_default_ws/src/minimum_cpp/include
[19.156s] -- Configured cppcheck exclude dirs and/or files: 
[19.163s] -- Added test 'lint_cmake' to check CMake code style
[19.183s] -- Added test 'uncrustify' to check C / C++ code style
[19.183s] -- Configured uncrustify additional arguments: 
[19.188s] -- Added test 'xmllint' to check XML markup files
[19.194s] -- Configuring done (18.3s)
[19.305s] -- Generating done (0.1s)
[19.316s] -- Build files have been written to: /home/push/CODe/ros2_ws/jazzy_default_ws/src/build/minimum_cpp
[19.365s] Invoked command in '/home/push/CODe/ros2_ws/jazzy_default_ws/src/build/minimum_cpp' returned '0': CMAKE_PREFIX_PATH=${CMAKE_PREFIX_PATH}:/opt/ros/jazzy DEBUGINFOD_URLS=https://debuginfod.ubuntu.com /usr/bin/cmake /home/push/CODe/ros2_ws/jazzy_default_ws/src/minimum_cpp -DCMAKE_INSTALL_PREFIX=/home/push/CODe/ros2_ws/jazzy_default_ws/src/install/minimum_cpp
[19.366s] Invoking command in '/home/push/CODe/ros2_ws/jazzy_default_ws/src/build/minimum_cpp': CMAKE_PREFIX_PATH=${CMAKE_PREFIX_PATH}:/opt/ros/jazzy DEBUGINFOD_URLS=https://debuginfod.ubuntu.com /usr/bin/cmake --build /home/push/CODe/ros2_ws/jazzy_default_ws/src/build/minimum_cpp -- -j4 -l4
[19.583s] [  8%] [32mBuilding CXX object CMakeFiles/minimum_pub_node.dir/src/minimum_pub.cpp.o[0m
