[1.941s] DEBUG:colcon:Command line arguments: ['/usr/bin/colcon', 'build']
[1.945s] DEBUG:colcon:Parsed command line arguments: Namespace(log_base=None, log_level=None, verb_name='build', build_base='build', install_base='install', merge_install=False, symlink_install=False, test_result_base=None, continue_on_error=False, executor='parallel', parallel_workers=4, event_handlers=None, ignore_user_meta=False, metas=['./colcon.meta'], base_paths=['.'], packages_ignore=None, packages_ignore_regex=None, paths=None, packages_up_to=None, packages_up_to_regex=None, packages_above=None, packages_above_and_dependencies=None, packages_above_depth=None, packages_select_by_dep=None, packages_skip_by_dep=None, packages_skip_up_to=None, packages_select_build_failed=False, packages_skip_build_finished=False, packages_select_test_failures=False, packages_skip_test_passed=False, packages_select=None, packages_skip=None, packages_select_regex=None, packages_skip_regex=None, packages_start=None, packages_end=None, allow_overriding=[], cmake_args=None, cmake_target=None, cmake_target_skip_unavailable=False, cmake_clean_cache=False, cmake_clean_first=False, cmake_force_configure=False, ament_cmake_args=None, catkin_cmake_args=None, catkin_skip_building_tests=False, verb_parser=<colcon_defaults.argument_parser.defaults.DefaultArgumentsDecorator object at 0x7b0fbebbd5e0>, verb_extension=<colcon_core.verb.build.BuildVerb object at 0x7b0fbebbd400>, main=<bound method BuildVerb.main of <colcon_core.verb.build.BuildVerb object at 0x7b0fbebbd400>>)
[3.207s] Level 1:colcon.colcon_core.package_discovery:discover_packages(colcon_meta) check parameters
[3.215s] Level 1:colcon.colcon_core.package_discovery:discover_packages(recursive) check parameters
[3.215s] Level 1:colcon.colcon_core.package_discovery:discover_packages(ignore) check parameters
[3.215s] Level 1:colcon.colcon_core.package_discovery:discover_packages(path) check parameters
[3.215s] Level 1:colcon.colcon_core.package_discovery:discover_packages(colcon_meta) discover
[3.216s] Level 1:colcon.colcon_core.package_discovery:discover_packages(recursive) discover
[3.216s] INFO:colcon.colcon_core.package_discovery:Crawling recursively for packages in '/home/push/CODe/ros2_ws/jazzy_default_ws/src'
[3.218s] Level 1:colcon.colcon_core.package_identification:_identify(.) by extensions ['ignore', 'ignore_ament_install']
[3.220s] Level 1:colcon.colcon_core.package_identification:_identify(.) by extension 'ignore'
[3.220s] Level 1:colcon.colcon_core.package_identification:_identify(.) by extension 'ignore_ament_install'
[3.220s] Level 1:colcon.colcon_core.package_identification:_identify(.) by extensions ['colcon_pkg']
[3.220s] Level 1:colcon.colcon_core.package_identification:_identify(.) by extension 'colcon_pkg'
[3.221s] Level 1:colcon.colcon_core.package_identification:_identify(.) by extensions ['colcon_meta']
[3.221s] Level 1:colcon.colcon_core.package_identification:_identify(.) by extension 'colcon_meta'
[3.221s] Level 1:colcon.colcon_core.package_identification:_identify(.) by extensions ['ros']
[3.221s] Level 1:colcon.colcon_core.package_identification:_identify(.) by extension 'ros'
[3.542s] Level 1:colcon.colcon_core.package_identification:_identify(.) by extensions ['cmake', 'python']
[3.549s] Level 1:colcon.colcon_core.package_identification:_identify(.) by extension 'cmake'
[3.550s] Level 1:colcon.colcon_core.package_identification:_identify(.) by extension 'python'
[3.550s] Level 1:colcon.colcon_core.package_identification:_identify(.) by extensions ['python_setup_py']
[3.550s] Level 1:colcon.colcon_core.package_identification:_identify(.) by extension 'python_setup_py'
[3.552s] Level 1:colcon.colcon_core.package_identification:_identify(build) by extensions ['ignore', 'ignore_ament_install']
[3.556s] Level 1:colcon.colcon_core.package_identification:_identify(build) by extension 'ignore'
[3.557s] Level 1:colcon.colcon_core.package_identification:_identify(build) ignored
[3.558s] Level 1:colcon.colcon_core.package_identification:_identify(install) by extensions ['ignore', 'ignore_ament_install']
[3.558s] Level 1:colcon.colcon_core.package_identification:_identify(install) by extension 'ignore'
[3.558s] Level 1:colcon.colcon_core.package_identification:_identify(install) ignored
[3.560s] Level 1:colcon.colcon_core.package_identification:_identify(log) by extensions ['ignore', 'ignore_ament_install']
[3.560s] Level 1:colcon.colcon_core.package_identification:_identify(log) by extension 'ignore'
[3.560s] Level 1:colcon.colcon_core.package_identification:_identify(log) ignored
[3.561s] Level 1:colcon.colcon_core.package_identification:_identify(minimum_act_client) by extensions ['ignore', 'ignore_ament_install']
[3.561s] Level 1:colcon.colcon_core.package_identification:_identify(minimum_act_client) by extension 'ignore'
[3.561s] Level 1:colcon.colcon_core.package_identification:_identify(minimum_act_client) by extension 'ignore_ament_install'
[3.562s] Level 1:colcon.colcon_core.package_identification:_identify(minimum_act_client) by extensions ['colcon_pkg']
[3.562s] Level 1:colcon.colcon_core.package_identification:_identify(minimum_act_client) by extension 'colcon_pkg'
[3.562s] Level 1:colcon.colcon_core.package_identification:_identify(minimum_act_client) by extensions ['colcon_meta']
[3.562s] Level 1:colcon.colcon_core.package_identification:_identify(minimum_act_client) by extension 'colcon_meta'
[3.562s] Level 1:colcon.colcon_core.package_identification:_identify(minimum_act_client) by extensions ['ros']
[3.563s] Level 1:colcon.colcon_core.package_identification:_identify(minimum_act_client) by extension 'ros'
[3.615s] DEBUG:colcon.colcon_core.package_identification:Package 'minimum_act_client' with type 'ros.ament_cmake' and name 'minimum_act_client'
[3.618s] Level 1:colcon.colcon_core.package_identification:_identify(minimum_cpp) by extensions ['ignore', 'ignore_ament_install']
[3.618s] Level 1:colcon.colcon_core.package_identification:_identify(minimum_cpp) by extension 'ignore'
[3.618s] Level 1:colcon.colcon_core.package_identification:_identify(minimum_cpp) by extension 'ignore_ament_install'
[3.618s] Level 1:colcon.colcon_core.package_identification:_identify(minimum_cpp) by extensions ['colcon_pkg']
[3.618s] Level 1:colcon.colcon_core.package_identification:_identify(minimum_cpp) by extension 'colcon_pkg'
[3.619s] Level 1:colcon.colcon_core.package_identification:_identify(minimum_cpp) by extensions ['colcon_meta']
[3.619s] Level 1:colcon.colcon_core.package_identification:_identify(minimum_cpp) by extension 'colcon_meta'
[3.619s] Level 1:colcon.colcon_core.package_identification:_identify(minimum_cpp) by extensions ['ros']
[3.619s] Level 1:colcon.colcon_core.package_identification:_identify(minimum_cpp) by extension 'ros'
[3.623s] DEBUG:colcon.colcon_core.package_identification:Package 'minimum_cpp' with type 'ros.ament_cmake' and name 'minimum_cpp'
[3.624s] Level 1:colcon.colcon_core.package_identification:_identify(minimum_msg) by extensions ['ignore', 'ignore_ament_install']
[3.624s] Level 1:colcon.colcon_core.package_identification:_identify(minimum_msg) by extension 'ignore'
[3.624s] Level 1:colcon.colcon_core.package_identification:_identify(minimum_msg) by extension 'ignore_ament_install'
[3.625s] Level 1:colcon.colcon_core.package_identification:_identify(minimum_msg) by extensions ['colcon_pkg']
[3.625s] Level 1:colcon.colcon_core.package_identification:_identify(minimum_msg) by extension 'colcon_pkg'
[3.625s] Level 1:colcon.colcon_core.package_identification:_identify(minimum_msg) by extensions ['colcon_meta']
[3.625s] Level 1:colcon.colcon_core.package_identification:_identify(minimum_msg) by extension 'colcon_meta'
[3.625s] Level 1:colcon.colcon_core.package_identification:_identify(minimum_msg) by extensions ['ros']
[3.625s] Level 1:colcon.colcon_core.package_identification:_identify(minimum_msg) by extension 'ros'
[3.628s] DEBUG:colcon.colcon_core.package_identification:Package 'minimum_msg' with type 'ros.ament_cmake' and name 'minimum_msg'
[3.629s] Level 1:colcon.colcon_core.package_identification:_identify(minimum_param) by extensions ['ignore', 'ignore_ament_install']
[3.630s] Level 1:colcon.colcon_core.package_identification:_identify(minimum_param) by extension 'ignore'
[3.630s] Level 1:colcon.colcon_core.package_identification:_identify(minimum_param) by extension 'ignore_ament_install'
[3.630s] Level 1:colcon.colcon_core.package_identification:_identify(minimum_param) by extensions ['colcon_pkg']
[3.630s] Level 1:colcon.colcon_core.package_identification:_identify(minimum_param) by extension 'colcon_pkg'
[3.630s] Level 1:colcon.colcon_core.package_identification:_identify(minimum_param) by extensions ['colcon_meta']
[3.630s] Level 1:colcon.colcon_core.package_identification:_identify(minimum_param) by extension 'colcon_meta'
[3.630s] Level 1:colcon.colcon_core.package_identification:_identify(minimum_param) by extensions ['ros']
[3.630s] Level 1:colcon.colcon_core.package_identification:_identify(minimum_param) by extension 'ros'
[3.634s] DEBUG:colcon.colcon_core.package_identification:Package 'minimum_param' with type 'ros.ament_cmake' and name 'minimum_param'
[3.635s] Level 1:colcon.colcon_core.package_identification:_identify(minimum_plugins) by extensions ['ignore', 'ignore_ament_install']
[3.635s] Level 1:colcon.colcon_core.package_identification:_identify(minimum_plugins) by extension 'ignore'
[3.636s] Level 1:colcon.colcon_core.package_identification:_identify(minimum_plugins) by extension 'ignore_ament_install'
[3.636s] Level 1:colcon.colcon_core.package_identification:_identify(minimum_plugins) by extensions ['colcon_pkg']
[3.636s] Level 1:colcon.colcon_core.package_identification:_identify(minimum_plugins) by extension 'colcon_pkg'
[3.636s] Level 1:colcon.colcon_core.package_identification:_identify(minimum_plugins) by extensions ['colcon_meta']
[3.636s] Level 1:colcon.colcon_core.package_identification:_identify(minimum_plugins) by extension 'colcon_meta'
[3.637s] Level 1:colcon.colcon_core.package_identification:_identify(minimum_plugins) by extensions ['ros']
[3.637s] Level 1:colcon.colcon_core.package_identification:_identify(minimum_plugins) by extension 'ros'
[3.637s] Level 1:colcon.colcon_core.package_identification:_identify(minimum_plugins) by extensions ['cmake', 'python']
[3.637s] Level 1:colcon.colcon_core.package_identification:_identify(minimum_plugins) by extension 'cmake'
[3.637s] Level 1:colcon.colcon_core.package_identification:_identify(minimum_plugins) by extension 'python'
[3.637s] Level 1:colcon.colcon_core.package_identification:_identify(minimum_plugins) by extensions ['python_setup_py']
[3.637s] Level 1:colcon.colcon_core.package_identification:_identify(minimum_plugins) by extension 'python_setup_py'
[3.638s] Level 1:colcon.colcon_core.package_identification:_identify(minimum_plugins/build) by extensions ['ignore', 'ignore_ament_install']
[3.638s] Level 1:colcon.colcon_core.package_identification:_identify(minimum_plugins/build) by extension 'ignore'
[3.640s] Level 1:colcon.colcon_core.package_identification:_identify(minimum_plugins/build) ignored
[3.641s] Level 1:colcon.colcon_core.package_identification:_identify(minimum_plugins/install) by extensions ['ignore', 'ignore_ament_install']
[3.642s] Level 1:colcon.colcon_core.package_identification:_identify(minimum_plugins/install) by extension 'ignore'
[3.642s] Level 1:colcon.colcon_core.package_identification:_identify(minimum_plugins/install) ignored
[3.646s] Level 1:colcon.colcon_core.package_identification:_identify(minimum_plugins/log) by extensions ['ignore', 'ignore_ament_install']
[3.647s] Level 1:colcon.colcon_core.package_identification:_identify(minimum_plugins/log) by extension 'ignore'
[3.647s] Level 1:colcon.colcon_core.package_identification:_identify(minimum_plugins/log) ignored
[3.647s] Level 1:colcon.colcon_core.package_identification:_identify(minimum_plugins/src) by extensions ['ignore', 'ignore_ament_install']
[3.648s] Level 1:colcon.colcon_core.package_identification:_identify(minimum_plugins/src) by extension 'ignore'
[3.648s] Level 1:colcon.colcon_core.package_identification:_identify(minimum_plugins/src) by extension 'ignore_ament_install'
[3.649s] Level 1:colcon.colcon_core.package_identification:_identify(minimum_plugins/src) by extensions ['colcon_pkg']
[3.649s] Level 1:colcon.colcon_core.package_identification:_identify(minimum_plugins/src) by extension 'colcon_pkg'
[3.649s] Level 1:colcon.colcon_core.package_identification:_identify(minimum_plugins/src) by extensions ['colcon_meta']
[3.649s] Level 1:colcon.colcon_core.package_identification:_identify(minimum_plugins/src) by extension 'colcon_meta'
[3.649s] Level 1:colcon.colcon_core.package_identification:_identify(minimum_plugins/src) by extensions ['ros']
[3.649s] Level 1:colcon.colcon_core.package_identification:_identify(minimum_plugins/src) by extension 'ros'
[3.650s] Level 1:colcon.colcon_core.package_identification:_identify(minimum_plugins/src) by extensions ['cmake', 'python']
[3.650s] Level 1:colcon.colcon_core.package_identification:_identify(minimum_plugins/src) by extension 'cmake'
[3.650s] Level 1:colcon.colcon_core.package_identification:_identify(minimum_plugins/src) by extension 'python'
[3.650s] Level 1:colcon.colcon_core.package_identification:_identify(minimum_plugins/src) by extensions ['python_setup_py']
[3.650s] Level 1:colcon.colcon_core.package_identification:_identify(minimum_plugins/src) by extension 'python_setup_py'
[3.651s] Level 1:colcon.colcon_core.package_identification:_identify(minimum_plugins/src/polygon_base) by extensions ['ignore', 'ignore_ament_install']
[3.651s] Level 1:colcon.colcon_core.package_identification:_identify(minimum_plugins/src/polygon_base) by extension 'ignore'
[3.651s] Level 1:colcon.colcon_core.package_identification:_identify(minimum_plugins/src/polygon_base) by extension 'ignore_ament_install'
[3.651s] Level 1:colcon.colcon_core.package_identification:_identify(minimum_plugins/src/polygon_base) by extensions ['colcon_pkg']
[3.651s] Level 1:colcon.colcon_core.package_identification:_identify(minimum_plugins/src/polygon_base) by extension 'colcon_pkg'
[3.651s] Level 1:colcon.colcon_core.package_identification:_identify(minimum_plugins/src/polygon_base) by extensions ['colcon_meta']
[3.651s] Level 1:colcon.colcon_core.package_identification:_identify(minimum_plugins/src/polygon_base) by extension 'colcon_meta'
[3.652s] Level 1:colcon.colcon_core.package_identification:_identify(minimum_plugins/src/polygon_base) by extensions ['ros']
[3.652s] Level 1:colcon.colcon_core.package_identification:_identify(minimum_plugins/src/polygon_base) by extension 'ros'
[3.656s] DEBUG:colcon.colcon_core.package_identification:Package 'minimum_plugins/src/polygon_base' with type 'ros.ament_cmake' and name 'polygon_base'
[3.658s] Level 1:colcon.colcon_core.package_identification:_identify(minimum_plugins/src/polygon_plugins) by extensions ['ignore', 'ignore_ament_install']
[3.658s] Level 1:colcon.colcon_core.package_identification:_identify(minimum_plugins/src/polygon_plugins) by extension 'ignore'
[3.658s] Level 1:colcon.colcon_core.package_identification:_identify(minimum_plugins/src/polygon_plugins) by extension 'ignore_ament_install'
[3.658s] Level 1:colcon.colcon_core.package_identification:_identify(minimum_plugins/src/polygon_plugins) by extensions ['colcon_pkg']
[3.658s] Level 1:colcon.colcon_core.package_identification:_identify(minimum_plugins/src/polygon_plugins) by extension 'colcon_pkg'
[3.659s] Level 1:colcon.colcon_core.package_identification:_identify(minimum_plugins/src/polygon_plugins) by extensions ['colcon_meta']
[3.659s] Level 1:colcon.colcon_core.package_identification:_identify(minimum_plugins/src/polygon_plugins) by extension 'colcon_meta'
[3.659s] Level 1:colcon.colcon_core.package_identification:_identify(minimum_plugins/src/polygon_plugins) by extensions ['ros']
[3.659s] Level 1:colcon.colcon_core.package_identification:_identify(minimum_plugins/src/polygon_plugins) by extension 'ros'
[3.663s] DEBUG:colcon.colcon_core.package_identification:Package 'minimum_plugins/src/polygon_plugins' with type 'ros.ament_cmake' and name 'polygon_plugins'
[3.665s] Level 1:colcon.colcon_core.package_identification:_identify(minimum_plugins/src/use_plugins) by extensions ['ignore', 'ignore_ament_install']
[3.665s] Level 1:colcon.colcon_core.package_identification:_identify(minimum_plugins/src/use_plugins) by extension 'ignore'
[3.666s] Level 1:colcon.colcon_core.package_identification:_identify(minimum_plugins/src/use_plugins) by extension 'ignore_ament_install'
[3.667s] Level 1:colcon.colcon_core.package_identification:_identify(minimum_plugins/src/use_plugins) by extensions ['colcon_pkg']
[3.667s] Level 1:colcon.colcon_core.package_identification:_identify(minimum_plugins/src/use_plugins) by extension 'colcon_pkg'
[3.668s] Level 1:colcon.colcon_core.package_identification:_identify(minimum_plugins/src/use_plugins) by extensions ['colcon_meta']
[3.668s] Level 1:colcon.colcon_core.package_identification:_identify(minimum_plugins/src/use_plugins) by extension 'colcon_meta'
[3.668s] Level 1:colcon.colcon_core.package_identification:_identify(minimum_plugins/src/use_plugins) by extensions ['ros']
[3.668s] Level 1:colcon.colcon_core.package_identification:_identify(minimum_plugins/src/use_plugins) by extension 'ros'
[3.673s] DEBUG:colcon.colcon_core.package_identification:Package 'minimum_plugins/src/use_plugins' with type 'ros.ament_cmake' and name 'use_plugins'
[3.674s] Level 1:colcon.colcon_core.package_identification:_identify(minimum_service_client) by extensions ['ignore', 'ignore_ament_install']
[3.675s] Level 1:colcon.colcon_core.package_identification:_identify(minimum_service_client) by extension 'ignore'
[3.675s] Level 1:colcon.colcon_core.package_identification:_identify(minimum_service_client) by extension 'ignore_ament_install'
[3.675s] Level 1:colcon.colcon_core.package_identification:_identify(minimum_service_client) by extensions ['colcon_pkg']
[3.675s] Level 1:colcon.colcon_core.package_identification:_identify(minimum_service_client) by extension 'colcon_pkg'
[3.675s] Level 1:colcon.colcon_core.package_identification:_identify(minimum_service_client) by extensions ['colcon_meta']
[3.675s] Level 1:colcon.colcon_core.package_identification:_identify(minimum_service_client) by extension 'colcon_meta'
[3.675s] Level 1:colcon.colcon_core.package_identification:_identify(minimum_service_client) by extensions ['ros']
[3.675s] Level 1:colcon.colcon_core.package_identification:_identify(minimum_service_client) by extension 'ros'
[3.680s] DEBUG:colcon.colcon_core.package_identification:Package 'minimum_service_client' with type 'ros.ament_cmake' and name 'minimum_service_client'
[3.680s] Level 1:colcon.colcon_core.package_identification:_identify(minimum_srv) by extensions ['ignore', 'ignore_ament_install']
[3.681s] Level 1:colcon.colcon_core.package_identification:_identify(minimum_srv) by extension 'ignore'
[3.681s] Level 1:colcon.colcon_core.package_identification:_identify(minimum_srv) by extension 'ignore_ament_install'
[3.682s] Level 1:colcon.colcon_core.package_identification:_identify(minimum_srv) by extensions ['colcon_pkg']
[3.682s] Level 1:colcon.colcon_core.package_identification:_identify(minimum_srv) by extension 'colcon_pkg'
[3.682s] Level 1:colcon.colcon_core.package_identification:_identify(minimum_srv) by extensions ['colcon_meta']
[3.682s] Level 1:colcon.colcon_core.package_identification:_identify(minimum_srv) by extension 'colcon_meta'
[3.682s] Level 1:colcon.colcon_core.package_identification:_identify(minimum_srv) by extensions ['ros']
[3.682s] Level 1:colcon.colcon_core.package_identification:_identify(minimum_srv) by extension 'ros'
[3.686s] DEBUG:colcon.colcon_core.package_identification:Package 'minimum_srv' with type 'ros.ament_cmake' and name 'minimum_srv'
[3.686s] Level 1:colcon.colcon_core.package_discovery:discover_packages(recursive) using defaults
[3.686s] Level 1:colcon.colcon_core.package_discovery:discover_packages(ignore) discover
[3.686s] Level 1:colcon.colcon_core.package_discovery:discover_packages(ignore) using defaults
[3.686s] Level 1:colcon.colcon_core.package_discovery:discover_packages(path) discover
[3.686s] Level 1:colcon.colcon_core.package_discovery:discover_packages(path) using defaults
[4.003s] Level 1:colcon.colcon_core.package_discovery:discover_packages(prefix_path) check parameters
[4.015s] Level 1:colcon.colcon_core.package_discovery:discover_packages(prefix_path) discover
[4.095s] DEBUG:colcon.colcon_installed_package_information.package_discovery:Found 3 installed packages in /home/push/CODe/ros2_ws/jazzy_default_ws/src/minimum_plugins/install
[4.104s] DEBUG:colcon.colcon_installed_package_information.package_discovery:Found 370 installed packages in /opt/ros/jazzy
[4.109s] Level 1:colcon.colcon_core.package_discovery:discover_packages(prefix_path) using defaults
[4.334s] Level 5:colcon.colcon_core.verb:set package 'minimum_act_client' build argument 'cmake_args' from command line to 'None'
[4.337s] Level 5:colcon.colcon_core.verb:set package 'minimum_act_client' build argument 'cmake_target' from command line to 'None'
[4.338s] Level 5:colcon.colcon_core.verb:set package 'minimum_act_client' build argument 'cmake_target_skip_unavailable' from command line to 'False'
[4.338s] Level 5:colcon.colcon_core.verb:set package 'minimum_act_client' build argument 'cmake_clean_cache' from command line to 'False'
[4.338s] Level 5:colcon.colcon_core.verb:set package 'minimum_act_client' build argument 'cmake_clean_first' from command line to 'False'
[4.338s] Level 5:colcon.colcon_core.verb:set package 'minimum_act_client' build argument 'cmake_force_configure' from command line to 'False'
[4.338s] Level 5:colcon.colcon_core.verb:set package 'minimum_act_client' build argument 'ament_cmake_args' from command line to 'None'
[4.338s] Level 5:colcon.colcon_core.verb:set package 'minimum_act_client' build argument 'catkin_cmake_args' from command line to 'None'
[4.338s] Level 5:colcon.colcon_core.verb:set package 'minimum_act_client' build argument 'catkin_skip_building_tests' from command line to 'False'
[4.339s] DEBUG:colcon.colcon_core.verb:Building package 'minimum_act_client' with the following arguments: {'ament_cmake_args': None, 'build_base': '/home/push/CODe/ros2_ws/jazzy_default_ws/src/build/minimum_act_client', 'catkin_cmake_args': None, 'catkin_skip_building_tests': False, 'cmake_args': None, 'cmake_clean_cache': False, 'cmake_clean_first': False, 'cmake_force_configure': False, 'cmake_target': None, 'cmake_target_skip_unavailable': False, 'install_base': '/home/push/CODe/ros2_ws/jazzy_default_ws/src/install/minimum_act_client', 'merge_install': False, 'path': '/home/push/CODe/ros2_ws/jazzy_default_ws/src/minimum_act_client', 'symlink_install': False, 'test_result_base': None}
[4.339s] Level 5:colcon.colcon_core.verb:set package 'minimum_cpp' build argument 'cmake_args' from command line to 'None'
[4.339s] Level 5:colcon.colcon_core.verb:set package 'minimum_cpp' build argument 'cmake_target' from command line to 'None'
[4.340s] Level 5:colcon.colcon_core.verb:set package 'minimum_cpp' build argument 'cmake_target_skip_unavailable' from command line to 'False'
[4.340s] Level 5:colcon.colcon_core.verb:set package 'minimum_cpp' build argument 'cmake_clean_cache' from command line to 'False'
[4.340s] Level 5:colcon.colcon_core.verb:set package 'minimum_cpp' build argument 'cmake_clean_first' from command line to 'False'
[4.340s] Level 5:colcon.colcon_core.verb:set package 'minimum_cpp' build argument 'cmake_force_configure' from command line to 'False'
[4.340s] Level 5:colcon.colcon_core.verb:set package 'minimum_cpp' build argument 'ament_cmake_args' from command line to 'None'
[4.340s] Level 5:colcon.colcon_core.verb:set package 'minimum_cpp' build argument 'catkin_cmake_args' from command line to 'None'
[4.340s] Level 5:colcon.colcon_core.verb:set package 'minimum_cpp' build argument 'catkin_skip_building_tests' from command line to 'False'
[4.340s] DEBUG:colcon.colcon_core.verb:Building package 'minimum_cpp' with the following arguments: {'ament_cmake_args': None, 'build_base': '/home/push/CODe/ros2_ws/jazzy_default_ws/src/build/minimum_cpp', 'catkin_cmake_args': None, 'catkin_skip_building_tests': False, 'cmake_args': None, 'cmake_clean_cache': False, 'cmake_clean_first': False, 'cmake_force_configure': False, 'cmake_target': None, 'cmake_target_skip_unavailable': False, 'install_base': '/home/push/CODe/ros2_ws/jazzy_default_ws/src/install/minimum_cpp', 'merge_install': False, 'path': '/home/push/CODe/ros2_ws/jazzy_default_ws/src/minimum_cpp', 'symlink_install': False, 'test_result_base': None}
[4.341s] Level 5:colcon.colcon_core.verb:set package 'minimum_msg' build argument 'cmake_args' from command line to 'None'
[4.341s] Level 5:colcon.colcon_core.verb:set package 'minimum_msg' build argument 'cmake_target' from command line to 'None'
[4.341s] Level 5:colcon.colcon_core.verb:set package 'minimum_msg' build argument 'cmake_target_skip_unavailable' from command line to 'False'
[4.341s] Level 5:colcon.colcon_core.verb:set package 'minimum_msg' build argument 'cmake_clean_cache' from command line to 'False'
[4.341s] Level 5:colcon.colcon_core.verb:set package 'minimum_msg' build argument 'cmake_clean_first' from command line to 'False'
[4.341s] Level 5:colcon.colcon_core.verb:set package 'minimum_msg' build argument 'cmake_force_configure' from command line to 'False'
[4.341s] Level 5:colcon.colcon_core.verb:set package 'minimum_msg' build argument 'ament_cmake_args' from command line to 'None'
[4.341s] Level 5:colcon.colcon_core.verb:set package 'minimum_msg' build argument 'catkin_cmake_args' from command line to 'None'
[4.341s] Level 5:colcon.colcon_core.verb:set package 'minimum_msg' build argument 'catkin_skip_building_tests' from command line to 'False'
[4.341s] DEBUG:colcon.colcon_core.verb:Building package 'minimum_msg' with the following arguments: {'ament_cmake_args': None, 'build_base': '/home/push/CODe/ros2_ws/jazzy_default_ws/src/build/minimum_msg', 'catkin_cmake_args': None, 'catkin_skip_building_tests': False, 'cmake_args': None, 'cmake_clean_cache': False, 'cmake_clean_first': False, 'cmake_force_configure': False, 'cmake_target': None, 'cmake_target_skip_unavailable': False, 'install_base': '/home/push/CODe/ros2_ws/jazzy_default_ws/src/install/minimum_msg', 'merge_install': False, 'path': '/home/push/CODe/ros2_ws/jazzy_default_ws/src/minimum_msg', 'symlink_install': False, 'test_result_base': None}
[4.342s] Level 5:colcon.colcon_core.verb:set package 'minimum_param' build argument 'cmake_args' from command line to 'None'
[4.342s] Level 5:colcon.colcon_core.verb:set package 'minimum_param' build argument 'cmake_target' from command line to 'None'
[4.342s] Level 5:colcon.colcon_core.verb:set package 'minimum_param' build argument 'cmake_target_skip_unavailable' from command line to 'False'
[4.342s] Level 5:colcon.colcon_core.verb:set package 'minimum_param' build argument 'cmake_clean_cache' from command line to 'False'
[4.342s] Level 5:colcon.colcon_core.verb:set package 'minimum_param' build argument 'cmake_clean_first' from command line to 'False'
[4.342s] Level 5:colcon.colcon_core.verb:set package 'minimum_param' build argument 'cmake_force_configure' from command line to 'False'
[4.342s] Level 5:colcon.colcon_core.verb:set package 'minimum_param' build argument 'ament_cmake_args' from command line to 'None'
[4.342s] Level 5:colcon.colcon_core.verb:set package 'minimum_param' build argument 'catkin_cmake_args' from command line to 'None'
[4.342s] Level 5:colcon.colcon_core.verb:set package 'minimum_param' build argument 'catkin_skip_building_tests' from command line to 'False'
[4.342s] DEBUG:colcon.colcon_core.verb:Building package 'minimum_param' with the following arguments: {'ament_cmake_args': None, 'build_base': '/home/push/CODe/ros2_ws/jazzy_default_ws/src/build/minimum_param', 'catkin_cmake_args': None, 'catkin_skip_building_tests': False, 'cmake_args': None, 'cmake_clean_cache': False, 'cmake_clean_first': False, 'cmake_force_configure': False, 'cmake_target': None, 'cmake_target_skip_unavailable': False, 'install_base': '/home/push/CODe/ros2_ws/jazzy_default_ws/src/install/minimum_param', 'merge_install': False, 'path': '/home/push/CODe/ros2_ws/jazzy_default_ws/src/minimum_param', 'symlink_install': False, 'test_result_base': None}
[4.343s] Level 5:colcon.colcon_core.verb:set package 'minimum_service_client' build argument 'cmake_args' from command line to 'None'
[4.343s] Level 5:colcon.colcon_core.verb:set package 'minimum_service_client' build argument 'cmake_target' from command line to 'None'
[4.343s] Level 5:colcon.colcon_core.verb:set package 'minimum_service_client' build argument 'cmake_target_skip_unavailable' from command line to 'False'
[4.343s] Level 5:colcon.colcon_core.verb:set package 'minimum_service_client' build argument 'cmake_clean_cache' from command line to 'False'
[4.343s] Level 5:colcon.colcon_core.verb:set package 'minimum_service_client' build argument 'cmake_clean_first' from command line to 'False'
[4.343s] Level 5:colcon.colcon_core.verb:set package 'minimum_service_client' build argument 'cmake_force_configure' from command line to 'False'
[4.343s] Level 5:colcon.colcon_core.verb:set package 'minimum_service_client' build argument 'ament_cmake_args' from command line to 'None'
[4.343s] Level 5:colcon.colcon_core.verb:set package 'minimum_service_client' build argument 'catkin_cmake_args' from command line to 'None'
[4.343s] Level 5:colcon.colcon_core.verb:set package 'minimum_service_client' build argument 'catkin_skip_building_tests' from command line to 'False'
[4.343s] DEBUG:colcon.colcon_core.verb:Building package 'minimum_service_client' with the following arguments: {'ament_cmake_args': None, 'build_base': '/home/push/CODe/ros2_ws/jazzy_default_ws/src/build/minimum_service_client', 'catkin_cmake_args': None, 'catkin_skip_building_tests': False, 'cmake_args': None, 'cmake_clean_cache': False, 'cmake_clean_first': False, 'cmake_force_configure': False, 'cmake_target': None, 'cmake_target_skip_unavailable': False, 'install_base': '/home/push/CODe/ros2_ws/jazzy_default_ws/src/install/minimum_service_client', 'merge_install': False, 'path': '/home/push/CODe/ros2_ws/jazzy_default_ws/src/minimum_service_client', 'symlink_install': False, 'test_result_base': None}
[4.344s] Level 5:colcon.colcon_core.verb:set package 'minimum_srv' build argument 'cmake_args' from command line to 'None'
[4.344s] Level 5:colcon.colcon_core.verb:set package 'minimum_srv' build argument 'cmake_target' from command line to 'None'
[4.344s] Level 5:colcon.colcon_core.verb:set package 'minimum_srv' build argument 'cmake_target_skip_unavailable' from command line to 'False'
[4.344s] Level 5:colcon.colcon_core.verb:set package 'minimum_srv' build argument 'cmake_clean_cache' from command line to 'False'
[4.344s] Level 5:colcon.colcon_core.verb:set package 'minimum_srv' build argument 'cmake_clean_first' from command line to 'False'
[4.344s] Level 5:colcon.colcon_core.verb:set package 'minimum_srv' build argument 'cmake_force_configure' from command line to 'False'
[4.344s] Level 5:colcon.colcon_core.verb:set package 'minimum_srv' build argument 'ament_cmake_args' from command line to 'None'
[4.344s] Level 5:colcon.colcon_core.verb:set package 'minimum_srv' build argument 'catkin_cmake_args' from command line to 'None'
[4.344s] Level 5:colcon.colcon_core.verb:set package 'minimum_srv' build argument 'catkin_skip_building_tests' from command line to 'False'
[4.344s] DEBUG:colcon.colcon_core.verb:Building package 'minimum_srv' with the following arguments: {'ament_cmake_args': None, 'build_base': '/home/push/CODe/ros2_ws/jazzy_default_ws/src/build/minimum_srv', 'catkin_cmake_args': None, 'catkin_skip_building_tests': False, 'cmake_args': None, 'cmake_clean_cache': False, 'cmake_clean_first': False, 'cmake_force_configure': False, 'cmake_target': None, 'cmake_target_skip_unavailable': False, 'install_base': '/home/push/CODe/ros2_ws/jazzy_default_ws/src/install/minimum_srv', 'merge_install': False, 'path': '/home/push/CODe/ros2_ws/jazzy_default_ws/src/minimum_srv', 'symlink_install': False, 'test_result_base': None}
[4.345s] Level 5:colcon.colcon_core.verb:set package 'polygon_base' build argument 'cmake_args' from command line to 'None'
[4.345s] Level 5:colcon.colcon_core.verb:set package 'polygon_base' build argument 'cmake_target' from command line to 'None'
[4.345s] Level 5:colcon.colcon_core.verb:set package 'polygon_base' build argument 'cmake_target_skip_unavailable' from command line to 'False'
[4.345s] Level 5:colcon.colcon_core.verb:set package 'polygon_base' build argument 'cmake_clean_cache' from command line to 'False'
[4.345s] Level 5:colcon.colcon_core.verb:set package 'polygon_base' build argument 'cmake_clean_first' from command line to 'False'
[4.345s] Level 5:colcon.colcon_core.verb:set package 'polygon_base' build argument 'cmake_force_configure' from command line to 'False'
[4.345s] Level 5:colcon.colcon_core.verb:set package 'polygon_base' build argument 'ament_cmake_args' from command line to 'None'
[4.345s] Level 5:colcon.colcon_core.verb:set package 'polygon_base' build argument 'catkin_cmake_args' from command line to 'None'
[4.345s] Level 5:colcon.colcon_core.verb:set package 'polygon_base' build argument 'catkin_skip_building_tests' from command line to 'False'
[4.345s] DEBUG:colcon.colcon_core.verb:Building package 'polygon_base' with the following arguments: {'ament_cmake_args': None, 'build_base': '/home/push/CODe/ros2_ws/jazzy_default_ws/src/build/polygon_base', 'catkin_cmake_args': None, 'catkin_skip_building_tests': False, 'cmake_args': None, 'cmake_clean_cache': False, 'cmake_clean_first': False, 'cmake_force_configure': False, 'cmake_target': None, 'cmake_target_skip_unavailable': False, 'install_base': '/home/push/CODe/ros2_ws/jazzy_default_ws/src/install/polygon_base', 'merge_install': False, 'path': '/home/push/CODe/ros2_ws/jazzy_default_ws/src/minimum_plugins/src/polygon_base', 'symlink_install': False, 'test_result_base': None}
[4.346s] Level 5:colcon.colcon_core.verb:set package 'polygon_plugins' build argument 'cmake_args' from command line to 'None'
[4.346s] Level 5:colcon.colcon_core.verb:set package 'polygon_plugins' build argument 'cmake_target' from command line to 'None'
[4.346s] Level 5:colcon.colcon_core.verb:set package 'polygon_plugins' build argument 'cmake_target_skip_unavailable' from command line to 'False'
[4.346s] Level 5:colcon.colcon_core.verb:set package 'polygon_plugins' build argument 'cmake_clean_cache' from command line to 'False'
[4.346s] Level 5:colcon.colcon_core.verb:set package 'polygon_plugins' build argument 'cmake_clean_first' from command line to 'False'
[4.346s] Level 5:colcon.colcon_core.verb:set package 'polygon_plugins' build argument 'cmake_force_configure' from command line to 'False'
[4.346s] Level 5:colcon.colcon_core.verb:set package 'polygon_plugins' build argument 'ament_cmake_args' from command line to 'None'
[4.346s] Level 5:colcon.colcon_core.verb:set package 'polygon_plugins' build argument 'catkin_cmake_args' from command line to 'None'
[4.346s] Level 5:colcon.colcon_core.verb:set package 'polygon_plugins' build argument 'catkin_skip_building_tests' from command line to 'False'
[4.347s] DEBUG:colcon.colcon_core.verb:Building package 'polygon_plugins' with the following arguments: {'ament_cmake_args': None, 'build_base': '/home/push/CODe/ros2_ws/jazzy_default_ws/src/build/polygon_plugins', 'catkin_cmake_args': None, 'catkin_skip_building_tests': False, 'cmake_args': None, 'cmake_clean_cache': False, 'cmake_clean_first': False, 'cmake_force_configure': False, 'cmake_target': None, 'cmake_target_skip_unavailable': False, 'install_base': '/home/push/CODe/ros2_ws/jazzy_default_ws/src/install/polygon_plugins', 'merge_install': False, 'path': '/home/push/CODe/ros2_ws/jazzy_default_ws/src/minimum_plugins/src/polygon_plugins', 'symlink_install': False, 'test_result_base': None}
[4.347s] Level 5:colcon.colcon_core.verb:set package 'use_plugins' build argument 'cmake_args' from command line to 'None'
[4.348s] Level 5:colcon.colcon_core.verb:set package 'use_plugins' build argument 'cmake_target' from command line to 'None'
[4.348s] Level 5:colcon.colcon_core.verb:set package 'use_plugins' build argument 'cmake_target_skip_unavailable' from command line to 'False'
[4.348s] Level 5:colcon.colcon_core.verb:set package 'use_plugins' build argument 'cmake_clean_cache' from command line to 'False'
[4.348s] Level 5:colcon.colcon_core.verb:set package 'use_plugins' build argument 'cmake_clean_first' from command line to 'False'
[4.348s] Level 5:colcon.colcon_core.verb:set package 'use_plugins' build argument 'cmake_force_configure' from command line to 'False'
[4.348s] Level 5:colcon.colcon_core.verb:set package 'use_plugins' build argument 'ament_cmake_args' from command line to 'None'
[4.348s] Level 5:colcon.colcon_core.verb:set package 'use_plugins' build argument 'catkin_cmake_args' from command line to 'None'
[4.348s] Level 5:colcon.colcon_core.verb:set package 'use_plugins' build argument 'catkin_skip_building_tests' from command line to 'False'
[4.348s] DEBUG:colcon.colcon_core.verb:Building package 'use_plugins' with the following arguments: {'ament_cmake_args': None, 'build_base': '/home/push/CODe/ros2_ws/jazzy_default_ws/src/build/use_plugins', 'catkin_cmake_args': None, 'catkin_skip_building_tests': False, 'cmake_args': None, 'cmake_clean_cache': False, 'cmake_clean_first': False, 'cmake_force_configure': False, 'cmake_target': None, 'cmake_target_skip_unavailable': False, 'install_base': '/home/push/CODe/ros2_ws/jazzy_default_ws/src/install/use_plugins', 'merge_install': False, 'path': '/home/push/CODe/ros2_ws/jazzy_default_ws/src/minimum_plugins/src/use_plugins', 'symlink_install': False, 'test_result_base': None}
[4.348s] INFO:colcon.colcon_core.executor:Executing jobs using 'parallel' executor
[4.358s] DEBUG:colcon.colcon_parallel_executor.executor.parallel:run_until_complete
[4.358s] INFO:colcon.colcon_ros.task.ament_cmake.build:Building ROS package in '/home/push/CODe/ros2_ws/jazzy_default_ws/src/minimum_act_client' with build type 'ament_cmake'
[4.359s] INFO:colcon.colcon_cmake.task.cmake.build:Building CMake package in '/home/push/CODe/ros2_ws/jazzy_default_ws/src/minimum_act_client'
[4.376s] INFO:colcon.colcon_core.plugin_system:Skipping extension 'colcon_core.shell.bat': Not used on non-Windows systems
[4.376s] INFO:colcon.colcon_core.shell:Skip shell extension 'powershell' for command environment: Not usable outside of PowerShell
[4.376s] DEBUG:colcon.colcon_core.shell:Skip shell extension 'dsv' for command environment
[4.433s] INFO:colcon.colcon_ros.task.ament_cmake.build:Building ROS package in '/home/push/CODe/ros2_ws/jazzy_default_ws/src/minimum_cpp' with build type 'ament_cmake'
[4.433s] INFO:colcon.colcon_cmake.task.cmake.build:Building CMake package in '/home/push/CODe/ros2_ws/jazzy_default_ws/src/minimum_cpp'
[4.433s] INFO:colcon.colcon_core.shell:Skip shell extension 'powershell' for command environment: Not usable outside of PowerShell
[4.434s] DEBUG:colcon.colcon_core.shell:Skip shell extension 'dsv' for command environment
[4.448s] INFO:colcon.colcon_ros.task.ament_cmake.build:Building ROS package in '/home/push/CODe/ros2_ws/jazzy_default_ws/src/minimum_msg' with build type 'ament_cmake'
[4.448s] INFO:colcon.colcon_cmake.task.cmake.build:Building CMake package in '/home/push/CODe/ros2_ws/jazzy_default_ws/src/minimum_msg'
[4.448s] INFO:colcon.colcon_core.shell:Skip shell extension 'powershell' for command environment: Not usable outside of PowerShell
[4.449s] DEBUG:colcon.colcon_core.shell:Skip shell extension 'dsv' for command environment
[4.470s] INFO:colcon.colcon_ros.task.ament_cmake.build:Building ROS package in '/home/push/CODe/ros2_ws/jazzy_default_ws/src/minimum_param' with build type 'ament_cmake'
[4.471s] INFO:colcon.colcon_cmake.task.cmake.build:Building CMake package in '/home/push/CODe/ros2_ws/jazzy_default_ws/src/minimum_param'
[4.471s] INFO:colcon.colcon_core.shell:Skip shell extension 'powershell' for command environment: Not usable outside of PowerShell
[4.471s] DEBUG:colcon.colcon_core.shell:Skip shell extension 'dsv' for command environment
[4.569s] DEBUG:colcon.colcon_core.event_handler.log_command:Invoking command in '/home/push/CODe/ros2_ws/jazzy_default_ws/src/build/minimum_msg': CMAKE_PREFIX_PATH=${CMAKE_PREFIX_PATH}:/opt/ros/jazzy DEBUGINFOD_URLS=https://debuginfod.ubuntu.com /usr/bin/cmake /home/push/CODe/ros2_ws/jazzy_default_ws/src/minimum_msg -DCMAKE_INSTALL_PREFIX=/home/push/CODe/ros2_ws/jazzy_default_ws/src/install/minimum_msg
[4.733s] DEBUG:colcon.colcon_core.event_handler.log_command:Invoking command in '/home/push/CODe/ros2_ws/jazzy_default_ws/src/build/minimum_cpp': CMAKE_PREFIX_PATH=${CMAKE_PREFIX_PATH}:/opt/ros/jazzy DEBUGINFOD_URLS=https://debuginfod.ubuntu.com /usr/bin/cmake /home/push/CODe/ros2_ws/jazzy_default_ws/src/minimum_cpp -DCMAKE_INSTALL_PREFIX=/home/push/CODe/ros2_ws/jazzy_default_ws/src/install/minimum_cpp
[4.805s] DEBUG:colcon.colcon_core.event_handler.log_command:Invoking command in '/home/push/CODe/ros2_ws/jazzy_default_ws/src/build/minimum_param': CMAKE_PREFIX_PATH=${CMAKE_PREFIX_PATH}:/opt/ros/jazzy DEBUGINFOD_URLS=https://debuginfod.ubuntu.com /usr/bin/cmake /home/push/CODe/ros2_ws/jazzy_default_ws/src/minimum_param -DCMAKE_INSTALL_PREFIX=/home/push/CODe/ros2_ws/jazzy_default_ws/src/install/minimum_param
[4.835s] DEBUG:colcon.colcon_core.event_handler.log_command:Invoking command in '/home/push/CODe/ros2_ws/jazzy_default_ws/src/build/minimum_act_client': CMAKE_PREFIX_PATH=${CMAKE_PREFIX_PATH}:/opt/ros/jazzy DEBUGINFOD_URLS=https://debuginfod.ubuntu.com /usr/bin/cmake /home/push/CODe/ros2_ws/jazzy_default_ws/src/minimum_act_client -DCMAKE_INSTALL_PREFIX=/home/push/CODe/ros2_ws/jazzy_default_ws/src/install/minimum_act_client
[20.144s] DEBUG:colcon.colcon_core.event_handler.log_command:Invoked command in '/home/push/CODe/ros2_ws/jazzy_default_ws/src/build/minimum_act_client' returned '0': CMAKE_PREFIX_PATH=${CMAKE_PREFIX_PATH}:/opt/ros/jazzy DEBUGINFOD_URLS=https://debuginfod.ubuntu.com /usr/bin/cmake /home/push/CODe/ros2_ws/jazzy_default_ws/src/minimum_act_client -DCMAKE_INSTALL_PREFIX=/home/push/CODe/ros2_ws/jazzy_default_ws/src/install/minimum_act_client
[20.159s] DEBUG:colcon.colcon_core.event_handler.log_command:Invoking command in '/home/push/CODe/ros2_ws/jazzy_default_ws/src/build/minimum_act_client': CMAKE_PREFIX_PATH=${CMAKE_PREFIX_PATH}:/opt/ros/jazzy DEBUGINFOD_URLS=https://debuginfod.ubuntu.com /usr/bin/cmake --build /home/push/CODe/ros2_ws/jazzy_default_ws/src/build/minimum_act_client -- -j4 -l4
[20.668s] DEBUG:colcon.colcon_core.event_handler.log_command:Invoked command in '/home/push/CODe/ros2_ws/jazzy_default_ws/src/build/minimum_act_client' returned '0': CMAKE_PREFIX_PATH=${CMAKE_PREFIX_PATH}:/opt/ros/jazzy DEBUGINFOD_URLS=https://debuginfod.ubuntu.com /usr/bin/cmake --build /home/push/CODe/ros2_ws/jazzy_default_ws/src/build/minimum_act_client -- -j4 -l4
[20.863s] DEBUG:colcon.colcon_core.event_handler.log_command:Invoking command in '/home/push/CODe/ros2_ws/jazzy_default_ws/src/build/minimum_act_client': CMAKE_PREFIX_PATH=${CMAKE_PREFIX_PATH}:/opt/ros/jazzy DEBUGINFOD_URLS=https://debuginfod.ubuntu.com /usr/bin/cmake --install /home/push/CODe/ros2_ws/jazzy_default_ws/src/build/minimum_act_client
[20.942s] Level 1:colcon.colcon_core.environment:create_environment_scripts_only(minimum_act_client)
[20.957s] DEBUG:colcon.colcon_core.event_handler.log_command:Invoked command in '/home/push/CODe/ros2_ws/jazzy_default_ws/src/build/minimum_act_client' returned '0': CMAKE_PREFIX_PATH=${CMAKE_PREFIX_PATH}:/opt/ros/jazzy DEBUGINFOD_URLS=https://debuginfod.ubuntu.com /usr/bin/cmake --install /home/push/CODe/ros2_ws/jazzy_default_ws/src/build/minimum_act_client
[20.979s] Level 1:colcon.colcon_core.environment:checking '/home/push/CODe/ros2_ws/jazzy_default_ws/src/install/minimum_act_client' for CMake module files
[20.985s] Level 1:colcon.colcon_core.environment:checking '/home/push/CODe/ros2_ws/jazzy_default_ws/src/install/minimum_act_client' for CMake config files
[20.986s] Level 1:colcon.colcon_core.shell:create_environment_hook('minimum_act_client', 'cmake_prefix_path')
[20.988s] INFO:colcon.colcon_core.shell:Creating environment hook '/home/push/CODe/ros2_ws/jazzy_default_ws/src/install/minimum_act_client/share/minimum_act_client/hook/cmake_prefix_path.ps1'
[20.994s] INFO:colcon.colcon_core.shell:Creating environment descriptor '/home/push/CODe/ros2_ws/jazzy_default_ws/src/install/minimum_act_client/share/minimum_act_client/hook/cmake_prefix_path.dsv'
[20.998s] INFO:colcon.colcon_core.shell:Creating environment hook '/home/push/CODe/ros2_ws/jazzy_default_ws/src/install/minimum_act_client/share/minimum_act_client/hook/cmake_prefix_path.sh'
[21.003s] Level 1:colcon.colcon_core.environment:checking '/home/push/CODe/ros2_ws/jazzy_default_ws/src/install/minimum_act_client/bin'
[21.004s] Level 1:colcon.colcon_core.environment:checking '/home/push/CODe/ros2_ws/jazzy_default_ws/src/install/minimum_act_client/lib/pkgconfig/minimum_act_client.pc'
[21.006s] Level 1:colcon.colcon_core.environment:checking '/home/push/CODe/ros2_ws/jazzy_default_ws/src/install/minimum_act_client/lib/python3.12/site-packages'
[21.007s] Level 1:colcon.colcon_core.environment:checking '/home/push/CODe/ros2_ws/jazzy_default_ws/src/install/minimum_act_client/bin'
[21.014s] INFO:colcon.colcon_core.shell:Creating package script '/home/push/CODe/ros2_ws/jazzy_default_ws/src/install/minimum_act_client/share/minimum_act_client/package.ps1'
[21.018s] INFO:colcon.colcon_core.shell:Creating package descriptor '/home/push/CODe/ros2_ws/jazzy_default_ws/src/install/minimum_act_client/share/minimum_act_client/package.dsv'
[21.022s] INFO:colcon.colcon_core.shell:Creating package script '/home/push/CODe/ros2_ws/jazzy_default_ws/src/install/minimum_act_client/share/minimum_act_client/package.sh'
[21.032s] INFO:colcon.colcon_core.shell:Creating package script '/home/push/CODe/ros2_ws/jazzy_default_ws/src/install/minimum_act_client/share/minimum_act_client/package.bash'
[21.037s] INFO:colcon.colcon_core.shell:Creating package script '/home/push/CODe/ros2_ws/jazzy_default_ws/src/install/minimum_act_client/share/minimum_act_client/package.zsh'
[21.038s] Level 1:colcon.colcon_core.environment:create_file_with_runtime_dependencies(/home/push/CODe/ros2_ws/jazzy_default_ws/src/install/minimum_act_client/share/colcon-core/packages/minimum_act_client)
[21.318s] Level 1:colcon.colcon_core.environment:create_environment_scripts_only(minimum_act_client)
[21.318s] Level 1:colcon.colcon_core.environment:checking '/home/push/CODe/ros2_ws/jazzy_default_ws/src/install/minimum_act_client' for CMake module files
[21.341s] Level 1:colcon.colcon_core.environment:checking '/home/push/CODe/ros2_ws/jazzy_default_ws/src/install/minimum_act_client' for CMake config files
[21.342s] Level 1:colcon.colcon_core.shell:create_environment_hook('minimum_act_client', 'cmake_prefix_path')
[21.342s] INFO:colcon.colcon_core.shell:Creating environment hook '/home/push/CODe/ros2_ws/jazzy_default_ws/src/install/minimum_act_client/share/minimum_act_client/hook/cmake_prefix_path.ps1'
[21.356s] INFO:colcon.colcon_core.shell:Creating environment descriptor '/home/push/CODe/ros2_ws/jazzy_default_ws/src/install/minimum_act_client/share/minimum_act_client/hook/cmake_prefix_path.dsv'
[21.375s] INFO:colcon.colcon_core.shell:Creating environment hook '/home/push/CODe/ros2_ws/jazzy_default_ws/src/install/minimum_act_client/share/minimum_act_client/hook/cmake_prefix_path.sh'
[21.404s] Level 1:colcon.colcon_core.environment:checking '/home/push/CODe/ros2_ws/jazzy_default_ws/src/install/minimum_act_client/bin'
[21.404s] Level 1:colcon.colcon_core.environment:checking '/home/push/CODe/ros2_ws/jazzy_default_ws/src/install/minimum_act_client/lib/pkgconfig/minimum_act_client.pc'
[21.405s] Level 1:colcon.colcon_core.environment:checking '/home/push/CODe/ros2_ws/jazzy_default_ws/src/install/minimum_act_client/lib/python3.12/site-packages'
[21.405s] Level 1:colcon.colcon_core.environment:checking '/home/push/CODe/ros2_ws/jazzy_default_ws/src/install/minimum_act_client/bin'
[21.406s] INFO:colcon.colcon_core.shell:Creating package script '/home/push/CODe/ros2_ws/jazzy_default_ws/src/install/minimum_act_client/share/minimum_act_client/package.ps1'
[21.427s] INFO:colcon.colcon_core.shell:Creating package descriptor '/home/push/CODe/ros2_ws/jazzy_default_ws/src/install/minimum_act_client/share/minimum_act_client/package.dsv'
[21.439s] INFO:colcon.colcon_core.shell:Creating package script '/home/push/CODe/ros2_ws/jazzy_default_ws/src/install/minimum_act_client/share/minimum_act_client/package.sh'
[21.455s] INFO:colcon.colcon_core.shell:Creating package script '/home/push/CODe/ros2_ws/jazzy_default_ws/src/install/minimum_act_client/share/minimum_act_client/package.bash'
[21.456s] INFO:colcon.colcon_core.shell:Creating package script '/home/push/CODe/ros2_ws/jazzy_default_ws/src/install/minimum_act_client/share/minimum_act_client/package.zsh'
[21.467s] Level 1:colcon.colcon_core.environment:create_file_with_runtime_dependencies(/home/push/CODe/ros2_ws/jazzy_default_ws/src/install/minimum_act_client/share/colcon-core/packages/minimum_act_client)
[21.490s] INFO:colcon.colcon_ros.task.ament_cmake.build:Building ROS package in '/home/push/CODe/ros2_ws/jazzy_default_ws/src/minimum_service_client' with build type 'ament_cmake'
[21.491s] INFO:colcon.colcon_cmake.task.cmake.build:Building CMake package in '/home/push/CODe/ros2_ws/jazzy_default_ws/src/minimum_service_client'
[21.491s] INFO:colcon.colcon_core.shell:Skip shell extension 'powershell' for command environment: Not usable outside of PowerShell
[21.491s] DEBUG:colcon.colcon_core.shell:Skip shell extension 'dsv' for command environment
[21.606s] DEBUG:colcon.colcon_core.event_handler.log_command:Invoking command in '/home/push/CODe/ros2_ws/jazzy_default_ws/src/build/minimum_service_client': CMAKE_PREFIX_PATH=${CMAKE_PREFIX_PATH}:/opt/ros/jazzy DEBUGINFOD_URLS=https://debuginfod.ubuntu.com /usr/bin/cmake /home/push/CODe/ros2_ws/jazzy_default_ws/src/minimum_service_client -DCMAKE_INSTALL_PREFIX=/home/push/CODe/ros2_ws/jazzy_default_ws/src/install/minimum_service_client
[23.609s] DEBUG:colcon.colcon_core.event_handler.log_command:Invoked command in '/home/push/CODe/ros2_ws/jazzy_default_ws/src/build/minimum_param' returned '0': CMAKE_PREFIX_PATH=${CMAKE_PREFIX_PATH}:/opt/ros/jazzy DEBUGINFOD_URLS=https://debuginfod.ubuntu.com /usr/bin/cmake /home/push/CODe/ros2_ws/jazzy_default_ws/src/minimum_param -DCMAKE_INSTALL_PREFIX=/home/push/CODe/ros2_ws/jazzy_default_ws/src/install/minimum_param
[23.610s] DEBUG:colcon.colcon_core.event_handler.log_command:Invoking command in '/home/push/CODe/ros2_ws/jazzy_default_ws/src/build/minimum_param': CMAKE_PREFIX_PATH=${CMAKE_PREFIX_PATH}:/opt/ros/jazzy DEBUGINFOD_URLS=https://debuginfod.ubuntu.com /usr/bin/cmake --build /home/push/CODe/ros2_ws/jazzy_default_ws/src/build/minimum_param -- -j4 -l4
[23.799s] DEBUG:colcon.colcon_core.event_handler.log_command:Invoked command in '/home/push/CODe/ros2_ws/jazzy_default_ws/src/build/minimum_cpp' returned '0': CMAKE_PREFIX_PATH=${CMAKE_PREFIX_PATH}:/opt/ros/jazzy DEBUGINFOD_URLS=https://debuginfod.ubuntu.com /usr/bin/cmake /home/push/CODe/ros2_ws/jazzy_default_ws/src/minimum_cpp -DCMAKE_INSTALL_PREFIX=/home/push/CODe/ros2_ws/jazzy_default_ws/src/install/minimum_cpp
[23.800s] DEBUG:colcon.colcon_core.event_handler.log_command:Invoking command in '/home/push/CODe/ros2_ws/jazzy_default_ws/src/build/minimum_cpp': CMAKE_PREFIX_PATH=${CMAKE_PREFIX_PATH}:/opt/ros/jazzy DEBUGINFOD_URLS=https://debuginfod.ubuntu.com /usr/bin/cmake --build /home/push/CODe/ros2_ws/jazzy_default_ws/src/build/minimum_cpp -- -j4 -l4
[34.112s] DEBUG:colcon.colcon_core.event_handler.log_command:Invoked command in '/home/push/CODe/ros2_ws/jazzy_default_ws/src/build/minimum_service_client' returned '1': CMAKE_PREFIX_PATH=${CMAKE_PREFIX_PATH}:/opt/ros/jazzy DEBUGINFOD_URLS=https://debuginfod.ubuntu.com /usr/bin/cmake /home/push/CODe/ros2_ws/jazzy_default_ws/src/minimum_service_client -DCMAKE_INSTALL_PREFIX=/home/push/CODe/ros2_ws/jazzy_default_ws/src/install/minimum_service_client
[34.585s] Level 1:colcon.colcon_core.environment:create_environment_scripts_only(minimum_service_client)
[34.585s] Level 1:colcon.colcon_core.environment:checking '/home/push/CODe/ros2_ws/jazzy_default_ws/src/install/minimum_service_client' for CMake module files
[34.605s] Level 1:colcon.colcon_core.environment:checking '/home/push/CODe/ros2_ws/jazzy_default_ws/src/install/minimum_service_client' for CMake config files
[34.606s] Level 1:colcon.colcon_core.environment:checking '/home/push/CODe/ros2_ws/jazzy_default_ws/src/install/minimum_service_client/bin'
[34.606s] Level 1:colcon.colcon_core.environment:checking '/home/push/CODe/ros2_ws/jazzy_default_ws/src/install/minimum_service_client/lib/pkgconfig/minimum_service_client.pc'
[34.607s] Level 1:colcon.colcon_core.environment:checking '/home/push/CODe/ros2_ws/jazzy_default_ws/src/install/minimum_service_client/lib/python3.12/site-packages'
[34.607s] Level 1:colcon.colcon_core.environment:checking '/home/push/CODe/ros2_ws/jazzy_default_ws/src/install/minimum_service_client/bin'
[34.624s] INFO:colcon.colcon_core.shell:Creating package script '/home/push/CODe/ros2_ws/jazzy_default_ws/src/install/minimum_service_client/share/minimum_service_client/package.ps1'
[34.636s] INFO:colcon.colcon_core.shell:Creating package descriptor '/home/push/CODe/ros2_ws/jazzy_default_ws/src/install/minimum_service_client/share/minimum_service_client/package.dsv'
[34.656s] INFO:colcon.colcon_core.shell:Creating package script '/home/push/CODe/ros2_ws/jazzy_default_ws/src/install/minimum_service_client/share/minimum_service_client/package.sh'
[34.667s] INFO:colcon.colcon_core.shell:Creating package script '/home/push/CODe/ros2_ws/jazzy_default_ws/src/install/minimum_service_client/share/minimum_service_client/package.bash'
[34.683s] INFO:colcon.colcon_core.shell:Creating package script '/home/push/CODe/ros2_ws/jazzy_default_ws/src/install/minimum_service_client/share/minimum_service_client/package.zsh'
[34.700s] Level 1:colcon.colcon_core.environment:create_file_with_runtime_dependencies(/home/push/CODe/ros2_ws/jazzy_default_ws/src/install/minimum_service_client/share/colcon-core/packages/minimum_service_client)
