[0.213s] DEBUG:colcon:Command line arguments: ['/usr/bin/colcon', 'build']
[0.213s] DEBUG:colcon:Parsed command line arguments: Namespace(log_base=None, log_level=None, verb_name='build', build_base='build', install_base='install', merge_install=False, symlink_install=False, test_result_base=None, continue_on_error=False, executor='parallel', parallel_workers=4, event_handlers=None, ignore_user_meta=False, metas=['./colcon.meta'], base_paths=['.'], packages_ignore=None, packages_ignore_regex=None, paths=None, packages_up_to=None, packages_up_to_regex=None, packages_above=None, packages_above_and_dependencies=None, packages_above_depth=None, packages_select_by_dep=None, packages_skip_by_dep=None, packages_skip_up_to=None, packages_select_build_failed=False, packages_skip_build_finished=False, packages_select_test_failures=False, packages_skip_test_passed=False, packages_select=None, packages_skip=None, packages_select_regex=None, packages_skip_regex=None, packages_start=None, packages_end=None, allow_overriding=[], cmake_args=None, cmake_target=None, cmake_target_skip_unavailable=False, cmake_clean_cache=False, cmake_clean_first=False, cmake_force_configure=False, ament_cmake_args=None, catkin_cmake_args=None, catkin_skip_building_tests=False, verb_parser=<colcon_defaults.argument_parser.defaults.DefaultArgumentsDecorator object at 0x7c4d62d99970>, verb_extension=<colcon_core.verb.build.BuildVerb object at 0x7c4d62d997f0>, main=<bound method BuildVerb.main of <colcon_core.verb.build.BuildVerb object at 0x7c4d62d997f0>>)
[0.279s] Level 1:colcon.colcon_core.package_discovery:discover_packages(colcon_meta) check parameters
[0.279s] Level 1:colcon.colcon_core.package_discovery:discover_packages(recursive) check parameters
[0.279s] Level 1:colcon.colcon_core.package_discovery:discover_packages(ignore) check parameters
[0.279s] Level 1:colcon.colcon_core.package_discovery:discover_packages(path) check parameters
[0.279s] Level 1:colcon.colcon_core.package_discovery:discover_packages(colcon_meta) discover
[0.279s] Level 1:colcon.colcon_core.package_discovery:discover_packages(recursive) discover
[0.279s] INFO:colcon.colcon_core.package_discovery:Crawling recursively for packages in '/home/push/CODe/ros2_ws/jazzy_default_ws/src/minimum_plugins'
[0.280s] Level 1:colcon.colcon_core.package_identification:_identify(.) by extensions ['ignore', 'ignore_ament_install']
[0.280s] Level 1:colcon.colcon_core.package_identification:_identify(.) by extension 'ignore'
[0.280s] Level 1:colcon.colcon_core.package_identification:_identify(.) by extension 'ignore_ament_install'
[0.280s] Level 1:colcon.colcon_core.package_identification:_identify(.) by extensions ['colcon_pkg']
[0.280s] Level 1:colcon.colcon_core.package_identification:_identify(.) by extension 'colcon_pkg'
[0.280s] Level 1:colcon.colcon_core.package_identification:_identify(.) by extensions ['colcon_meta']
[0.280s] Level 1:colcon.colcon_core.package_identification:_identify(.) by extension 'colcon_meta'
[0.280s] Level 1:colcon.colcon_core.package_identification:_identify(.) by extensions ['ros']
[0.280s] Level 1:colcon.colcon_core.package_identification:_identify(.) by extension 'ros'
[0.348s] Level 1:colcon.colcon_core.package_identification:_identify(.) by extensions ['cmake', 'python']
[0.348s] Level 1:colcon.colcon_core.package_identification:_identify(.) by extension 'cmake'
[0.349s] Level 1:colcon.colcon_core.package_identification:_identify(.) by extension 'python'
[0.349s] Level 1:colcon.colcon_core.package_identification:_identify(.) by extensions ['python_setup_py']
[0.349s] Level 1:colcon.colcon_core.package_identification:_identify(.) by extension 'python_setup_py'
[0.349s] Level 1:colcon.colcon_core.package_identification:_identify(build) by extensions ['ignore', 'ignore_ament_install']
[0.349s] Level 1:colcon.colcon_core.package_identification:_identify(build) by extension 'ignore'
[0.349s] Level 1:colcon.colcon_core.package_identification:_identify(build) ignored
[0.350s] Level 1:colcon.colcon_core.package_identification:_identify(install) by extensions ['ignore', 'ignore_ament_install']
[0.350s] Level 1:colcon.colcon_core.package_identification:_identify(install) by extension 'ignore'
[0.350s] Level 1:colcon.colcon_core.package_identification:_identify(install) ignored
[0.350s] Level 1:colcon.colcon_core.package_identification:_identify(log) by extensions ['ignore', 'ignore_ament_install']
[0.350s] Level 1:colcon.colcon_core.package_identification:_identify(log) by extension 'ignore'
[0.351s] Level 1:colcon.colcon_core.package_identification:_identify(log) ignored
[0.351s] Level 1:colcon.colcon_core.package_identification:_identify(src) by extensions ['ignore', 'ignore_ament_install']
[0.351s] Level 1:colcon.colcon_core.package_identification:_identify(src) by extension 'ignore'
[0.351s] Level 1:colcon.colcon_core.package_identification:_identify(src) by extension 'ignore_ament_install'
[0.351s] Level 1:colcon.colcon_core.package_identification:_identify(src) by extensions ['colcon_pkg']
[0.351s] Level 1:colcon.colcon_core.package_identification:_identify(src) by extension 'colcon_pkg'
[0.351s] Level 1:colcon.colcon_core.package_identification:_identify(src) by extensions ['colcon_meta']
[0.351s] Level 1:colcon.colcon_core.package_identification:_identify(src) by extension 'colcon_meta'
[0.351s] Level 1:colcon.colcon_core.package_identification:_identify(src) by extensions ['ros']
[0.351s] Level 1:colcon.colcon_core.package_identification:_identify(src) by extension 'ros'
[0.352s] Level 1:colcon.colcon_core.package_identification:_identify(src) by extensions ['cmake', 'python']
[0.352s] Level 1:colcon.colcon_core.package_identification:_identify(src) by extension 'cmake'
[0.352s] Level 1:colcon.colcon_core.package_identification:_identify(src) by extension 'python'
[0.352s] Level 1:colcon.colcon_core.package_identification:_identify(src) by extensions ['python_setup_py']
[0.352s] Level 1:colcon.colcon_core.package_identification:_identify(src) by extension 'python_setup_py'
[0.352s] Level 1:colcon.colcon_core.package_identification:_identify(src/polygon_base) by extensions ['ignore', 'ignore_ament_install']
[0.352s] Level 1:colcon.colcon_core.package_identification:_identify(src/polygon_base) by extension 'ignore'
[0.353s] Level 1:colcon.colcon_core.package_identification:_identify(src/polygon_base) by extension 'ignore_ament_install'
[0.353s] Level 1:colcon.colcon_core.package_identification:_identify(src/polygon_base) by extensions ['colcon_pkg']
[0.353s] Level 1:colcon.colcon_core.package_identification:_identify(src/polygon_base) by extension 'colcon_pkg'
[0.353s] Level 1:colcon.colcon_core.package_identification:_identify(src/polygon_base) by extensions ['colcon_meta']
[0.353s] Level 1:colcon.colcon_core.package_identification:_identify(src/polygon_base) by extension 'colcon_meta'
[0.353s] Level 1:colcon.colcon_core.package_identification:_identify(src/polygon_base) by extensions ['ros']
[0.353s] Level 1:colcon.colcon_core.package_identification:_identify(src/polygon_base) by extension 'ros'
[0.358s] DEBUG:colcon.colcon_core.package_identification:Package 'src/polygon_base' with type 'ros.ament_cmake' and name 'polygon_base'
[0.358s] Level 1:colcon.colcon_core.package_identification:_identify(src/polygon_plugins) by extensions ['ignore', 'ignore_ament_install']
[0.358s] Level 1:colcon.colcon_core.package_identification:_identify(src/polygon_plugins) by extension 'ignore'
[0.359s] Level 1:colcon.colcon_core.package_identification:_identify(src/polygon_plugins) by extension 'ignore_ament_install'
[0.359s] Level 1:colcon.colcon_core.package_identification:_identify(src/polygon_plugins) by extensions ['colcon_pkg']
[0.359s] Level 1:colcon.colcon_core.package_identification:_identify(src/polygon_plugins) by extension 'colcon_pkg'
[0.359s] Level 1:colcon.colcon_core.package_identification:_identify(src/polygon_plugins) by extensions ['colcon_meta']
[0.359s] Level 1:colcon.colcon_core.package_identification:_identify(src/polygon_plugins) by extension 'colcon_meta'
[0.359s] Level 1:colcon.colcon_core.package_identification:_identify(src/polygon_plugins) by extensions ['ros']
[0.359s] Level 1:colcon.colcon_core.package_identification:_identify(src/polygon_plugins) by extension 'ros'
[0.361s] DEBUG:colcon.colcon_core.package_identification:Package 'src/polygon_plugins' with type 'ros.ament_cmake' and name 'polygon_plugins'
[0.361s] Level 1:colcon.colcon_core.package_identification:_identify(src/use_plugins) by extensions ['ignore', 'ignore_ament_install']
[0.361s] Level 1:colcon.colcon_core.package_identification:_identify(src/use_plugins) by extension 'ignore'
[0.361s] Level 1:colcon.colcon_core.package_identification:_identify(src/use_plugins) by extension 'ignore_ament_install'
[0.362s] Level 1:colcon.colcon_core.package_identification:_identify(src/use_plugins) by extensions ['colcon_pkg']
[0.362s] Level 1:colcon.colcon_core.package_identification:_identify(src/use_plugins) by extension 'colcon_pkg'
[0.362s] Level 1:colcon.colcon_core.package_identification:_identify(src/use_plugins) by extensions ['colcon_meta']
[0.362s] Level 1:colcon.colcon_core.package_identification:_identify(src/use_plugins) by extension 'colcon_meta'
[0.362s] Level 1:colcon.colcon_core.package_identification:_identify(src/use_plugins) by extensions ['ros']
[0.362s] Level 1:colcon.colcon_core.package_identification:_identify(src/use_plugins) by extension 'ros'
[0.363s] DEBUG:colcon.colcon_core.package_identification:Package 'src/use_plugins' with type 'ros.ament_cmake' and name 'use_plugins'
[0.363s] Level 1:colcon.colcon_core.package_discovery:discover_packages(recursive) using defaults
[0.363s] Level 1:colcon.colcon_core.package_discovery:discover_packages(ignore) discover
[0.363s] Level 1:colcon.colcon_core.package_discovery:discover_packages(ignore) using defaults
[0.363s] Level 1:colcon.colcon_core.package_discovery:discover_packages(path) discover
[0.363s] Level 1:colcon.colcon_core.package_discovery:discover_packages(path) using defaults
[0.399s] Level 1:colcon.colcon_core.package_discovery:discover_packages(prefix_path) check parameters
[0.399s] Level 1:colcon.colcon_core.package_discovery:discover_packages(prefix_path) discover
[0.402s] DEBUG:colcon.colcon_installed_package_information.package_discovery:Found 3 installed packages in /home/push/CODe/ros2_ws/jazzy_default_ws/src/minimum_plugins/install
[0.406s] DEBUG:colcon.colcon_installed_package_information.package_discovery:Found 370 installed packages in /opt/ros/jazzy
[0.411s] Level 1:colcon.colcon_core.package_discovery:discover_packages(prefix_path) using defaults
[0.519s] Level 5:colcon.colcon_core.verb:set package 'polygon_base' build argument 'cmake_args' from command line to 'None'
[0.519s] Level 5:colcon.colcon_core.verb:set package 'polygon_base' build argument 'cmake_target' from command line to 'None'
[0.519s] Level 5:colcon.colcon_core.verb:set package 'polygon_base' build argument 'cmake_target_skip_unavailable' from command line to 'False'
[0.519s] Level 5:colcon.colcon_core.verb:set package 'polygon_base' build argument 'cmake_clean_cache' from command line to 'False'
[0.519s] Level 5:colcon.colcon_core.verb:set package 'polygon_base' build argument 'cmake_clean_first' from command line to 'False'
[0.519s] Level 5:colcon.colcon_core.verb:set package 'polygon_base' build argument 'cmake_force_configure' from command line to 'False'
[0.519s] Level 5:colcon.colcon_core.verb:set package 'polygon_base' build argument 'ament_cmake_args' from command line to 'None'
[0.519s] Level 5:colcon.colcon_core.verb:set package 'polygon_base' build argument 'catkin_cmake_args' from command line to 'None'
[0.519s] Level 5:colcon.colcon_core.verb:set package 'polygon_base' build argument 'catkin_skip_building_tests' from command line to 'False'
[0.519s] DEBUG:colcon.colcon_core.verb:Building package 'polygon_base' with the following arguments: {'ament_cmake_args': None, 'build_base': '/home/push/CODe/ros2_ws/jazzy_default_ws/src/minimum_plugins/build/polygon_base', 'catkin_cmake_args': None, 'catkin_skip_building_tests': False, 'cmake_args': None, 'cmake_clean_cache': False, 'cmake_clean_first': False, 'cmake_force_configure': False, 'cmake_target': None, 'cmake_target_skip_unavailable': False, 'install_base': '/home/push/CODe/ros2_ws/jazzy_default_ws/src/minimum_plugins/install/polygon_base', 'merge_install': False, 'path': '/home/push/CODe/ros2_ws/jazzy_default_ws/src/minimum_plugins/src/polygon_base', 'symlink_install': False, 'test_result_base': None}
[0.520s] Level 5:colcon.colcon_core.verb:set package 'polygon_plugins' build argument 'cmake_args' from command line to 'None'
[0.520s] Level 5:colcon.colcon_core.verb:set package 'polygon_plugins' build argument 'cmake_target' from command line to 'None'
[0.520s] Level 5:colcon.colcon_core.verb:set package 'polygon_plugins' build argument 'cmake_target_skip_unavailable' from command line to 'False'
[0.520s] Level 5:colcon.colcon_core.verb:set package 'polygon_plugins' build argument 'cmake_clean_cache' from command line to 'False'
[0.520s] Level 5:colcon.colcon_core.verb:set package 'polygon_plugins' build argument 'cmake_clean_first' from command line to 'False'
[0.520s] Level 5:colcon.colcon_core.verb:set package 'polygon_plugins' build argument 'cmake_force_configure' from command line to 'False'
[0.520s] Level 5:colcon.colcon_core.verb:set package 'polygon_plugins' build argument 'ament_cmake_args' from command line to 'None'
[0.520s] Level 5:colcon.colcon_core.verb:set package 'polygon_plugins' build argument 'catkin_cmake_args' from command line to 'None'
[0.520s] Level 5:colcon.colcon_core.verb:set package 'polygon_plugins' build argument 'catkin_skip_building_tests' from command line to 'False'
[0.521s] DEBUG:colcon.colcon_core.verb:Building package 'polygon_plugins' with the following arguments: {'ament_cmake_args': None, 'build_base': '/home/push/CODe/ros2_ws/jazzy_default_ws/src/minimum_plugins/build/polygon_plugins', 'catkin_cmake_args': None, 'catkin_skip_building_tests': False, 'cmake_args': None, 'cmake_clean_cache': False, 'cmake_clean_first': False, 'cmake_force_configure': False, 'cmake_target': None, 'cmake_target_skip_unavailable': False, 'install_base': '/home/push/CODe/ros2_ws/jazzy_default_ws/src/minimum_plugins/install/polygon_plugins', 'merge_install': False, 'path': '/home/push/CODe/ros2_ws/jazzy_default_ws/src/minimum_plugins/src/polygon_plugins', 'symlink_install': False, 'test_result_base': None}
[0.521s] Level 5:colcon.colcon_core.verb:set package 'use_plugins' build argument 'cmake_args' from command line to 'None'
[0.521s] Level 5:colcon.colcon_core.verb:set package 'use_plugins' build argument 'cmake_target' from command line to 'None'
[0.521s] Level 5:colcon.colcon_core.verb:set package 'use_plugins' build argument 'cmake_target_skip_unavailable' from command line to 'False'
[0.521s] Level 5:colcon.colcon_core.verb:set package 'use_plugins' build argument 'cmake_clean_cache' from command line to 'False'
[0.521s] Level 5:colcon.colcon_core.verb:set package 'use_plugins' build argument 'cmake_clean_first' from command line to 'False'
[0.521s] Level 5:colcon.colcon_core.verb:set package 'use_plugins' build argument 'cmake_force_configure' from command line to 'False'
[0.521s] Level 5:colcon.colcon_core.verb:set package 'use_plugins' build argument 'ament_cmake_args' from command line to 'None'
[0.521s] Level 5:colcon.colcon_core.verb:set package 'use_plugins' build argument 'catkin_cmake_args' from command line to 'None'
[0.521s] Level 5:colcon.colcon_core.verb:set package 'use_plugins' build argument 'catkin_skip_building_tests' from command line to 'False'
[0.522s] DEBUG:colcon.colcon_core.verb:Building package 'use_plugins' with the following arguments: {'ament_cmake_args': None, 'build_base': '/home/push/CODe/ros2_ws/jazzy_default_ws/src/minimum_plugins/build/use_plugins', 'catkin_cmake_args': None, 'catkin_skip_building_tests': False, 'cmake_args': None, 'cmake_clean_cache': False, 'cmake_clean_first': False, 'cmake_force_configure': False, 'cmake_target': None, 'cmake_target_skip_unavailable': False, 'install_base': '/home/push/CODe/ros2_ws/jazzy_default_ws/src/minimum_plugins/install/use_plugins', 'merge_install': False, 'path': '/home/push/CODe/ros2_ws/jazzy_default_ws/src/minimum_plugins/src/use_plugins', 'symlink_install': False, 'test_result_base': None}
[0.522s] INFO:colcon.colcon_core.executor:Executing jobs using 'parallel' executor
[0.524s] DEBUG:colcon.colcon_parallel_executor.executor.parallel:run_until_complete
[0.524s] INFO:colcon.colcon_ros.task.ament_cmake.build:Building ROS package in '/home/push/CODe/ros2_ws/jazzy_default_ws/src/minimum_plugins/src/polygon_base' with build type 'ament_cmake'
[0.525s] INFO:colcon.colcon_cmake.task.cmake.build:Building CMake package in '/home/push/CODe/ros2_ws/jazzy_default_ws/src/minimum_plugins/src/polygon_base'
[0.530s] INFO:colcon.colcon_core.plugin_system:Skipping extension 'colcon_core.shell.bat': Not used on non-Windows systems
[0.530s] INFO:colcon.colcon_core.shell:Skip shell extension 'powershell' for command environment: Not usable outside of PowerShell
[0.530s] DEBUG:colcon.colcon_core.shell:Skip shell extension 'dsv' for command environment
[0.539s] INFO:colcon.colcon_ros.task.ament_cmake.build:Building ROS package in '/home/push/CODe/ros2_ws/jazzy_default_ws/src/minimum_plugins/src/polygon_plugins' with build type 'ament_cmake'
[0.540s] INFO:colcon.colcon_cmake.task.cmake.build:Building CMake package in '/home/push/CODe/ros2_ws/jazzy_default_ws/src/minimum_plugins/src/polygon_plugins'
[0.540s] INFO:colcon.colcon_core.shell:Skip shell extension 'powershell' for command environment: Not usable outside of PowerShell
[0.540s] DEBUG:colcon.colcon_core.shell:Skip shell extension 'dsv' for command environment
[0.549s] INFO:colcon.colcon_ros.task.ament_cmake.build:Building ROS package in '/home/push/CODe/ros2_ws/jazzy_default_ws/src/minimum_plugins/src/use_plugins' with build type 'ament_cmake'
[0.550s] INFO:colcon.colcon_cmake.task.cmake.build:Building CMake package in '/home/push/CODe/ros2_ws/jazzy_default_ws/src/minimum_plugins/src/use_plugins'
[0.550s] INFO:colcon.colcon_core.shell:Skip shell extension 'powershell' for command environment: Not usable outside of PowerShell
[0.550s] DEBUG:colcon.colcon_core.shell:Skip shell extension 'dsv' for command environment
[0.575s] DEBUG:colcon.colcon_core.event_handler.log_command:Invoking command in '/home/push/CODe/ros2_ws/jazzy_default_ws/src/minimum_plugins/build/polygon_base': CMAKE_PREFIX_PATH=${CMAKE_PREFIX_PATH}:/opt/ros/jazzy DEBUGINFOD_URLS=https://debuginfod.ubuntu.com /usr/bin/cmake --build /home/push/CODe/ros2_ws/jazzy_default_ws/src/minimum_plugins/build/polygon_base -- -j4 -l4
[0.582s] DEBUG:colcon.colcon_core.event_handler.log_command:Invoking command in '/home/push/CODe/ros2_ws/jazzy_default_ws/src/minimum_plugins/build/polygon_plugins': CMAKE_PREFIX_PATH=${CMAKE_PREFIX_PATH}:/opt/ros/jazzy DEBUGINFOD_URLS=https://debuginfod.ubuntu.com /usr/bin/cmake --build /home/push/CODe/ros2_ws/jazzy_default_ws/src/minimum_plugins/build/polygon_plugins -- -j4 -l4
[0.603s] DEBUG:colcon.colcon_core.event_handler.log_command:Invoking command in '/home/push/CODe/ros2_ws/jazzy_default_ws/src/minimum_plugins/build/use_plugins': CMAKE_PREFIX_PATH=${CMAKE_PREFIX_PATH}:/opt/ros/jazzy DEBUGINFOD_URLS=https://debuginfod.ubuntu.com /usr/bin/cmake --build /home/push/CODe/ros2_ws/jazzy_default_ws/src/minimum_plugins/build/use_plugins -- -j4 -l4
[0.727s] DEBUG:colcon.colcon_core.event_handler.log_command:Invoked command in '/home/push/CODe/ros2_ws/jazzy_default_ws/src/minimum_plugins/build/polygon_base' returned '0': CMAKE_PREFIX_PATH=${CMAKE_PREFIX_PATH}:/opt/ros/jazzy DEBUGINFOD_URLS=https://debuginfod.ubuntu.com /usr/bin/cmake --build /home/push/CODe/ros2_ws/jazzy_default_ws/src/minimum_plugins/build/polygon_base -- -j4 -l4
[0.918s] DEBUG:colcon.colcon_core.event_handler.log_command:Invoking command in '/home/push/CODe/ros2_ws/jazzy_default_ws/src/minimum_plugins/build/polygon_base': CMAKE_PREFIX_PATH=${CMAKE_PREFIX_PATH}:/opt/ros/jazzy DEBUGINFOD_URLS=https://debuginfod.ubuntu.com /usr/bin/cmake --install /home/push/CODe/ros2_ws/jazzy_default_ws/src/minimum_plugins/build/polygon_base
[0.939s] DEBUG:colcon.colcon_core.event_handler.log_command:Invoked command in '/home/push/CODe/ros2_ws/jazzy_default_ws/src/minimum_plugins/build/polygon_plugins' returned '0': CMAKE_PREFIX_PATH=${CMAKE_PREFIX_PATH}:/opt/ros/jazzy DEBUGINFOD_URLS=https://debuginfod.ubuntu.com /usr/bin/cmake --build /home/push/CODe/ros2_ws/jazzy_default_ws/src/minimum_plugins/build/polygon_plugins -- -j4 -l4
[0.949s] DEBUG:colcon.colcon_core.event_handler.log_command:Invoked command in '/home/push/CODe/ros2_ws/jazzy_default_ws/src/minimum_plugins/build/use_plugins' returned '0': CMAKE_PREFIX_PATH=${CMAKE_PREFIX_PATH}:/opt/ros/jazzy DEBUGINFOD_URLS=https://debuginfod.ubuntu.com /usr/bin/cmake --build /home/push/CODe/ros2_ws/jazzy_default_ws/src/minimum_plugins/build/use_plugins -- -j4 -l4
[0.989s] Level 1:colcon.colcon_core.environment:create_environment_scripts_only(polygon_base)
[1.010s] DEBUG:colcon.colcon_core.event_handler.log_command:Invoked command in '/home/push/CODe/ros2_ws/jazzy_default_ws/src/minimum_plugins/build/polygon_base' returned '0': CMAKE_PREFIX_PATH=${CMAKE_PREFIX_PATH}:/opt/ros/jazzy DEBUGINFOD_URLS=https://debuginfod.ubuntu.com /usr/bin/cmake --install /home/push/CODe/ros2_ws/jazzy_default_ws/src/minimum_plugins/build/polygon_base
[1.012s] Level 1:colcon.colcon_core.environment:checking '/home/push/CODe/ros2_ws/jazzy_default_ws/src/minimum_plugins/install/polygon_base' for CMake module files
[1.021s] Level 1:colcon.colcon_core.environment:checking '/home/push/CODe/ros2_ws/jazzy_default_ws/src/minimum_plugins/install/polygon_base' for CMake config files
[1.024s] Level 1:colcon.colcon_core.shell:create_environment_hook('polygon_base', 'cmake_prefix_path')
[1.031s] INFO:colcon.colcon_core.shell:Creating environment hook '/home/push/CODe/ros2_ws/jazzy_default_ws/src/minimum_plugins/install/polygon_base/share/polygon_base/hook/cmake_prefix_path.ps1'
[1.033s] INFO:colcon.colcon_core.shell:Creating environment descriptor '/home/push/CODe/ros2_ws/jazzy_default_ws/src/minimum_plugins/install/polygon_base/share/polygon_base/hook/cmake_prefix_path.dsv'
[1.046s] INFO:colcon.colcon_core.shell:Creating environment hook '/home/push/CODe/ros2_ws/jazzy_default_ws/src/minimum_plugins/install/polygon_base/share/polygon_base/hook/cmake_prefix_path.sh'
[1.052s] Level 1:colcon.colcon_core.environment:checking '/home/push/CODe/ros2_ws/jazzy_default_ws/src/minimum_plugins/install/polygon_base/bin'
[1.054s] Level 1:colcon.colcon_core.environment:checking '/home/push/CODe/ros2_ws/jazzy_default_ws/src/minimum_plugins/install/polygon_base/lib/pkgconfig/polygon_base.pc'
[1.057s] Level 1:colcon.colcon_core.environment:checking '/home/push/CODe/ros2_ws/jazzy_default_ws/src/minimum_plugins/install/polygon_base/lib/python3.12/site-packages'
[1.058s] Level 1:colcon.colcon_core.environment:checking '/home/push/CODe/ros2_ws/jazzy_default_ws/src/minimum_plugins/install/polygon_base/bin'
[1.059s] INFO:colcon.colcon_core.shell:Creating package script '/home/push/CODe/ros2_ws/jazzy_default_ws/src/minimum_plugins/install/polygon_base/share/polygon_base/package.ps1'
[1.063s] INFO:colcon.colcon_core.shell:Creating package descriptor '/home/push/CODe/ros2_ws/jazzy_default_ws/src/minimum_plugins/install/polygon_base/share/polygon_base/package.dsv'
[1.066s] INFO:colcon.colcon_core.shell:Creating package script '/home/push/CODe/ros2_ws/jazzy_default_ws/src/minimum_plugins/install/polygon_base/share/polygon_base/package.sh'
[1.071s] INFO:colcon.colcon_core.shell:Creating package script '/home/push/CODe/ros2_ws/jazzy_default_ws/src/minimum_plugins/install/polygon_base/share/polygon_base/package.bash'
[1.074s] INFO:colcon.colcon_core.shell:Creating package script '/home/push/CODe/ros2_ws/jazzy_default_ws/src/minimum_plugins/install/polygon_base/share/polygon_base/package.zsh'
[1.077s] Level 1:colcon.colcon_core.environment:create_file_with_runtime_dependencies(/home/push/CODe/ros2_ws/jazzy_default_ws/src/minimum_plugins/install/polygon_base/share/colcon-core/packages/polygon_base)
[1.154s] DEBUG:colcon.colcon_core.event_handler.log_command:Invoking command in '/home/push/CODe/ros2_ws/jazzy_default_ws/src/minimum_plugins/build/use_plugins': CMAKE_PREFIX_PATH=${CMAKE_PREFIX_PATH}:/opt/ros/jazzy DEBUGINFOD_URLS=https://debuginfod.ubuntu.com /usr/bin/cmake --install /home/push/CODe/ros2_ws/jazzy_default_ws/src/minimum_plugins/build/use_plugins
[1.208s] DEBUG:colcon.colcon_core.event_handler.log_command:Invoking command in '/home/push/CODe/ros2_ws/jazzy_default_ws/src/minimum_plugins/build/polygon_plugins': CMAKE_PREFIX_PATH=${CMAKE_PREFIX_PATH}:/opt/ros/jazzy DEBUGINFOD_URLS=https://debuginfod.ubuntu.com /usr/bin/cmake --install /home/push/CODe/ros2_ws/jazzy_default_ws/src/minimum_plugins/build/polygon_plugins
[1.236s] Level 1:colcon.colcon_core.environment:create_environment_scripts_only(use_plugins)
[1.237s] Level 1:colcon.colcon_core.environment:checking '/home/push/CODe/ros2_ws/jazzy_default_ws/src/minimum_plugins/install/use_plugins' for CMake module files
[1.246s] Level 1:colcon.colcon_core.environment:checking '/home/push/CODe/ros2_ws/jazzy_default_ws/src/minimum_plugins/install/use_plugins' for CMake config files
[1.249s] Level 1:colcon.colcon_core.shell:create_environment_hook('use_plugins', 'cmake_prefix_path')
[1.252s] INFO:colcon.colcon_core.shell:Creating environment hook '/home/push/CODe/ros2_ws/jazzy_default_ws/src/minimum_plugins/install/use_plugins/share/use_plugins/hook/cmake_prefix_path.ps1'
[1.248s] DEBUG:colcon.colcon_core.event_handler.log_command:Invoked command in '/home/push/CODe/ros2_ws/jazzy_default_ws/src/minimum_plugins/build/use_plugins' returned '0': CMAKE_PREFIX_PATH=${CMAKE_PREFIX_PATH}:/opt/ros/jazzy DEBUGINFOD_URLS=https://debuginfod.ubuntu.com /usr/bin/cmake --install /home/push/CODe/ros2_ws/jazzy_default_ws/src/minimum_plugins/build/use_plugins
[1.259s] INFO:colcon.colcon_core.shell:Creating environment descriptor '/home/push/CODe/ros2_ws/jazzy_default_ws/src/minimum_plugins/install/use_plugins/share/use_plugins/hook/cmake_prefix_path.dsv'
[1.268s] INFO:colcon.colcon_core.shell:Creating environment hook '/home/push/CODe/ros2_ws/jazzy_default_ws/src/minimum_plugins/install/use_plugins/share/use_plugins/hook/cmake_prefix_path.sh'
[1.280s] Level 1:colcon.colcon_core.environment:checking '/home/push/CODe/ros2_ws/jazzy_default_ws/src/minimum_plugins/install/use_plugins/lib'
[1.281s] Level 1:colcon.colcon_core.environment:checking '/home/push/CODe/ros2_ws/jazzy_default_ws/src/minimum_plugins/install/use_plugins/bin'
[1.281s] Level 1:colcon.colcon_core.environment:checking '/home/push/CODe/ros2_ws/jazzy_default_ws/src/minimum_plugins/install/use_plugins/lib/pkgconfig/use_plugins.pc'
[1.282s] Level 1:colcon.colcon_core.environment:checking '/home/push/CODe/ros2_ws/jazzy_default_ws/src/minimum_plugins/install/use_plugins/lib/python3.12/site-packages'
[1.289s] Level 1:colcon.colcon_core.environment:checking '/home/push/CODe/ros2_ws/jazzy_default_ws/src/minimum_plugins/install/use_plugins/bin'
[1.290s] INFO:colcon.colcon_core.shell:Creating package script '/home/push/CODe/ros2_ws/jazzy_default_ws/src/minimum_plugins/install/use_plugins/share/use_plugins/package.ps1'
[1.298s] INFO:colcon.colcon_core.shell:Creating package descriptor '/home/push/CODe/ros2_ws/jazzy_default_ws/src/minimum_plugins/install/use_plugins/share/use_plugins/package.dsv'
[1.303s] INFO:colcon.colcon_core.shell:Creating package script '/home/push/CODe/ros2_ws/jazzy_default_ws/src/minimum_plugins/install/use_plugins/share/use_plugins/package.sh'
[1.311s] INFO:colcon.colcon_core.shell:Creating package script '/home/push/CODe/ros2_ws/jazzy_default_ws/src/minimum_plugins/install/use_plugins/share/use_plugins/package.bash'
[1.319s] INFO:colcon.colcon_core.shell:Creating package script '/home/push/CODe/ros2_ws/jazzy_default_ws/src/minimum_plugins/install/use_plugins/share/use_plugins/package.zsh'
[1.320s] Level 1:colcon.colcon_core.environment:create_file_with_runtime_dependencies(/home/push/CODe/ros2_ws/jazzy_default_ws/src/minimum_plugins/install/use_plugins/share/colcon-core/packages/use_plugins)
[1.343s] Level 1:colcon.colcon_core.environment:create_environment_scripts_only(polygon_base)
[1.344s] Level 1:colcon.colcon_core.environment:checking '/home/push/CODe/ros2_ws/jazzy_default_ws/src/minimum_plugins/install/polygon_base' for CMake module files
[1.352s] Level 1:colcon.colcon_core.environment:checking '/home/push/CODe/ros2_ws/jazzy_default_ws/src/minimum_plugins/install/polygon_base' for CMake config files
[1.353s] Level 1:colcon.colcon_core.shell:create_environment_hook('polygon_base', 'cmake_prefix_path')
[1.354s] INFO:colcon.colcon_core.shell:Creating environment hook '/home/push/CODe/ros2_ws/jazzy_default_ws/src/minimum_plugins/install/polygon_base/share/polygon_base/hook/cmake_prefix_path.ps1'
[1.360s] INFO:colcon.colcon_core.shell:Creating environment descriptor '/home/push/CODe/ros2_ws/jazzy_default_ws/src/minimum_plugins/install/polygon_base/share/polygon_base/hook/cmake_prefix_path.dsv'
[1.361s] INFO:colcon.colcon_core.shell:Creating environment hook '/home/push/CODe/ros2_ws/jazzy_default_ws/src/minimum_plugins/install/polygon_base/share/polygon_base/hook/cmake_prefix_path.sh'
[1.368s] Level 1:colcon.colcon_core.environment:checking '/home/push/CODe/ros2_ws/jazzy_default_ws/src/minimum_plugins/install/polygon_base/bin'
[1.369s] Level 1:colcon.colcon_core.environment:checking '/home/push/CODe/ros2_ws/jazzy_default_ws/src/minimum_plugins/install/polygon_base/lib/pkgconfig/polygon_base.pc'
[1.369s] Level 1:colcon.colcon_core.environment:checking '/home/push/CODe/ros2_ws/jazzy_default_ws/src/minimum_plugins/install/polygon_base/lib/python3.12/site-packages'
[1.370s] Level 1:colcon.colcon_core.environment:checking '/home/push/CODe/ros2_ws/jazzy_default_ws/src/minimum_plugins/install/polygon_base/bin'
[1.371s] INFO:colcon.colcon_core.shell:Creating package script '/home/push/CODe/ros2_ws/jazzy_default_ws/src/minimum_plugins/install/polygon_base/share/polygon_base/package.ps1'
[1.372s] INFO:colcon.colcon_core.shell:Creating package descriptor '/home/push/CODe/ros2_ws/jazzy_default_ws/src/minimum_plugins/install/polygon_base/share/polygon_base/package.dsv'
[1.373s] INFO:colcon.colcon_core.shell:Creating package script '/home/push/CODe/ros2_ws/jazzy_default_ws/src/minimum_plugins/install/polygon_base/share/polygon_base/package.sh'
[1.375s] INFO:colcon.colcon_core.shell:Creating package script '/home/push/CODe/ros2_ws/jazzy_default_ws/src/minimum_plugins/install/polygon_base/share/polygon_base/package.bash'
[1.378s] INFO:colcon.colcon_core.shell:Creating package script '/home/push/CODe/ros2_ws/jazzy_default_ws/src/minimum_plugins/install/polygon_base/share/polygon_base/package.zsh'
[1.379s] Level 1:colcon.colcon_core.environment:create_file_with_runtime_dependencies(/home/push/CODe/ros2_ws/jazzy_default_ws/src/minimum_plugins/install/polygon_base/share/colcon-core/packages/polygon_base)
[1.385s] Level 1:colcon.colcon_core.environment:create_environment_scripts_only(polygon_plugins)
[1.385s] Level 1:colcon.colcon_core.environment:checking '/home/push/CODe/ros2_ws/jazzy_default_ws/src/minimum_plugins/install/polygon_plugins' for CMake module files
[1.387s] DEBUG:colcon.colcon_core.event_handler.log_command:Invoked command in '/home/push/CODe/ros2_ws/jazzy_default_ws/src/minimum_plugins/build/polygon_plugins' returned '0': CMAKE_PREFIX_PATH=${CMAKE_PREFIX_PATH}:/opt/ros/jazzy DEBUGINFOD_URLS=https://debuginfod.ubuntu.com /usr/bin/cmake --install /home/push/CODe/ros2_ws/jazzy_default_ws/src/minimum_plugins/build/polygon_plugins
[1.388s] Level 1:colcon.colcon_core.environment:checking '/home/push/CODe/ros2_ws/jazzy_default_ws/src/minimum_plugins/install/polygon_plugins' for CMake config files
[1.389s] Level 1:colcon.colcon_core.shell:create_environment_hook('polygon_plugins', 'cmake_prefix_path')
[1.389s] INFO:colcon.colcon_core.shell:Creating environment hook '/home/push/CODe/ros2_ws/jazzy_default_ws/src/minimum_plugins/install/polygon_plugins/share/polygon_plugins/hook/cmake_prefix_path.ps1'
[1.390s] INFO:colcon.colcon_core.shell:Creating environment descriptor '/home/push/CODe/ros2_ws/jazzy_default_ws/src/minimum_plugins/install/polygon_plugins/share/polygon_plugins/hook/cmake_prefix_path.dsv'
[1.395s] INFO:colcon.colcon_core.shell:Creating environment hook '/home/push/CODe/ros2_ws/jazzy_default_ws/src/minimum_plugins/install/polygon_plugins/share/polygon_plugins/hook/cmake_prefix_path.sh'
[1.400s] Level 1:colcon.colcon_core.environment:checking '/home/push/CODe/ros2_ws/jazzy_default_ws/src/minimum_plugins/install/polygon_plugins/lib'
[1.400s] Level 1:colcon.colcon_core.shell:create_environment_hook('polygon_plugins', 'ld_library_path_lib')
[1.400s] INFO:colcon.colcon_core.shell:Creating environment hook '/home/push/CODe/ros2_ws/jazzy_default_ws/src/minimum_plugins/install/polygon_plugins/share/polygon_plugins/hook/ld_library_path_lib.ps1'
[1.402s] INFO:colcon.colcon_core.shell:Creating environment descriptor '/home/push/CODe/ros2_ws/jazzy_default_ws/src/minimum_plugins/install/polygon_plugins/share/polygon_plugins/hook/ld_library_path_lib.dsv'
[1.402s] INFO:colcon.colcon_core.shell:Creating environment hook '/home/push/CODe/ros2_ws/jazzy_default_ws/src/minimum_plugins/install/polygon_plugins/share/polygon_plugins/hook/ld_library_path_lib.sh'
[1.403s] Level 1:colcon.colcon_core.environment:checking '/home/push/CODe/ros2_ws/jazzy_default_ws/src/minimum_plugins/install/polygon_plugins/bin'
[1.404s] Level 1:colcon.colcon_core.environment:checking '/home/push/CODe/ros2_ws/jazzy_default_ws/src/minimum_plugins/install/polygon_plugins/lib/pkgconfig/polygon_plugins.pc'
[1.404s] Level 1:colcon.colcon_core.environment:checking '/home/push/CODe/ros2_ws/jazzy_default_ws/src/minimum_plugins/install/polygon_plugins/lib/python3.12/site-packages'
[1.405s] Level 1:colcon.colcon_core.environment:checking '/home/push/CODe/ros2_ws/jazzy_default_ws/src/minimum_plugins/install/polygon_plugins/bin'
[1.406s] INFO:colcon.colcon_core.shell:Creating package script '/home/push/CODe/ros2_ws/jazzy_default_ws/src/minimum_plugins/install/polygon_plugins/share/polygon_plugins/package.ps1'
[1.407s] INFO:colcon.colcon_core.shell:Creating package descriptor '/home/push/CODe/ros2_ws/jazzy_default_ws/src/minimum_plugins/install/polygon_plugins/share/polygon_plugins/package.dsv'
[1.408s] INFO:colcon.colcon_core.shell:Creating package script '/home/push/CODe/ros2_ws/jazzy_default_ws/src/minimum_plugins/install/polygon_plugins/share/polygon_plugins/package.sh'
[1.414s] INFO:colcon.colcon_core.shell:Creating package script '/home/push/CODe/ros2_ws/jazzy_default_ws/src/minimum_plugins/install/polygon_plugins/share/polygon_plugins/package.bash'
[1.417s] INFO:colcon.colcon_core.shell:Creating package script '/home/push/CODe/ros2_ws/jazzy_default_ws/src/minimum_plugins/install/polygon_plugins/share/polygon_plugins/package.zsh'
[1.418s] Level 1:colcon.colcon_core.environment:create_file_with_runtime_dependencies(/home/push/CODe/ros2_ws/jazzy_default_ws/src/minimum_plugins/install/polygon_plugins/share/colcon-core/packages/polygon_plugins)
[1.540s] Level 1:colcon.colcon_core.environment:create_environment_scripts_only(use_plugins)
[1.541s] Level 1:colcon.colcon_core.environment:checking '/home/push/CODe/ros2_ws/jazzy_default_ws/src/minimum_plugins/install/use_plugins' for CMake module files
[1.543s] Level 1:colcon.colcon_core.environment:checking '/home/push/CODe/ros2_ws/jazzy_default_ws/src/minimum_plugins/install/use_plugins' for CMake config files
[1.547s] Level 1:colcon.colcon_core.shell:create_environment_hook('use_plugins', 'cmake_prefix_path')
[1.548s] INFO:colcon.colcon_core.shell:Creating environment hook '/home/push/CODe/ros2_ws/jazzy_default_ws/src/minimum_plugins/install/use_plugins/share/use_plugins/hook/cmake_prefix_path.ps1'
[1.557s] INFO:colcon.colcon_core.shell:Creating environment descriptor '/home/push/CODe/ros2_ws/jazzy_default_ws/src/minimum_plugins/install/use_plugins/share/use_plugins/hook/cmake_prefix_path.dsv'
[1.562s] INFO:colcon.colcon_core.shell:Creating environment hook '/home/push/CODe/ros2_ws/jazzy_default_ws/src/minimum_plugins/install/use_plugins/share/use_plugins/hook/cmake_prefix_path.sh'
[1.565s] Level 1:colcon.colcon_core.environment:checking '/home/push/CODe/ros2_ws/jazzy_default_ws/src/minimum_plugins/install/use_plugins/lib'
[1.566s] Level 1:colcon.colcon_core.environment:checking '/home/push/CODe/ros2_ws/jazzy_default_ws/src/minimum_plugins/install/use_plugins/bin'
[1.566s] Level 1:colcon.colcon_core.environment:checking '/home/push/CODe/ros2_ws/jazzy_default_ws/src/minimum_plugins/install/use_plugins/lib/pkgconfig/use_plugins.pc'
[1.566s] Level 1:colcon.colcon_core.environment:checking '/home/push/CODe/ros2_ws/jazzy_default_ws/src/minimum_plugins/install/use_plugins/lib/python3.12/site-packages'
[1.567s] Level 1:colcon.colcon_core.environment:checking '/home/push/CODe/ros2_ws/jazzy_default_ws/src/minimum_plugins/install/use_plugins/bin'
[1.568s] INFO:colcon.colcon_core.shell:Creating package script '/home/push/CODe/ros2_ws/jazzy_default_ws/src/minimum_plugins/install/use_plugins/share/use_plugins/package.ps1'
[1.570s] INFO:colcon.colcon_core.shell:Creating package descriptor '/home/push/CODe/ros2_ws/jazzy_default_ws/src/minimum_plugins/install/use_plugins/share/use_plugins/package.dsv'
[1.574s] INFO:colcon.colcon_core.shell:Creating package script '/home/push/CODe/ros2_ws/jazzy_default_ws/src/minimum_plugins/install/use_plugins/share/use_plugins/package.sh'
[1.577s] INFO:colcon.colcon_core.shell:Creating package script '/home/push/CODe/ros2_ws/jazzy_default_ws/src/minimum_plugins/install/use_plugins/share/use_plugins/package.bash'
[1.579s] INFO:colcon.colcon_core.shell:Creating package script '/home/push/CODe/ros2_ws/jazzy_default_ws/src/minimum_plugins/install/use_plugins/share/use_plugins/package.zsh'
[1.581s] Level 1:colcon.colcon_core.environment:create_file_with_runtime_dependencies(/home/push/CODe/ros2_ws/jazzy_default_ws/src/minimum_plugins/install/use_plugins/share/colcon-core/packages/use_plugins)
[1.590s] Level 1:colcon.colcon_core.environment:create_environment_scripts_only(polygon_plugins)
[1.591s] Level 1:colcon.colcon_core.environment:checking '/home/push/CODe/ros2_ws/jazzy_default_ws/src/minimum_plugins/install/polygon_plugins' for CMake module files
[1.593s] Level 1:colcon.colcon_core.environment:checking '/home/push/CODe/ros2_ws/jazzy_default_ws/src/minimum_plugins/install/polygon_plugins' for CMake config files
[1.596s] Level 1:colcon.colcon_core.shell:create_environment_hook('polygon_plugins', 'cmake_prefix_path')
[1.597s] INFO:colcon.colcon_core.shell:Creating environment hook '/home/push/CODe/ros2_ws/jazzy_default_ws/src/minimum_plugins/install/polygon_plugins/share/polygon_plugins/hook/cmake_prefix_path.ps1'
[1.600s] INFO:colcon.colcon_core.shell:Creating environment descriptor '/home/push/CODe/ros2_ws/jazzy_default_ws/src/minimum_plugins/install/polygon_plugins/share/polygon_plugins/hook/cmake_prefix_path.dsv'
[1.602s] INFO:colcon.colcon_core.shell:Creating environment hook '/home/push/CODe/ros2_ws/jazzy_default_ws/src/minimum_plugins/install/polygon_plugins/share/polygon_plugins/hook/cmake_prefix_path.sh'
[1.604s] Level 1:colcon.colcon_core.environment:checking '/home/push/CODe/ros2_ws/jazzy_default_ws/src/minimum_plugins/install/polygon_plugins/lib'
[1.605s] Level 1:colcon.colcon_core.shell:create_environment_hook('polygon_plugins', 'ld_library_path_lib')
[1.606s] INFO:colcon.colcon_core.shell:Creating environment hook '/home/push/CODe/ros2_ws/jazzy_default_ws/src/minimum_plugins/install/polygon_plugins/share/polygon_plugins/hook/ld_library_path_lib.ps1'
[1.608s] INFO:colcon.colcon_core.shell:Creating environment descriptor '/home/push/CODe/ros2_ws/jazzy_default_ws/src/minimum_plugins/install/polygon_plugins/share/polygon_plugins/hook/ld_library_path_lib.dsv'
[1.610s] INFO:colcon.colcon_core.shell:Creating environment hook '/home/push/CODe/ros2_ws/jazzy_default_ws/src/minimum_plugins/install/polygon_plugins/share/polygon_plugins/hook/ld_library_path_lib.sh'
[1.619s] Level 1:colcon.colcon_core.environment:checking '/home/push/CODe/ros2_ws/jazzy_default_ws/src/minimum_plugins/install/polygon_plugins/bin'
[1.619s] Level 1:colcon.colcon_core.environment:checking '/home/push/CODe/ros2_ws/jazzy_default_ws/src/minimum_plugins/install/polygon_plugins/lib/pkgconfig/polygon_plugins.pc'
[1.620s] Level 1:colcon.colcon_core.environment:checking '/home/push/CODe/ros2_ws/jazzy_default_ws/src/minimum_plugins/install/polygon_plugins/lib/python3.12/site-packages'
[1.620s] Level 1:colcon.colcon_core.environment:checking '/home/push/CODe/ros2_ws/jazzy_default_ws/src/minimum_plugins/install/polygon_plugins/bin'
[1.623s] INFO:colcon.colcon_core.shell:Creating package script '/home/push/CODe/ros2_ws/jazzy_default_ws/src/minimum_plugins/install/polygon_plugins/share/polygon_plugins/package.ps1'
[1.626s] INFO:colcon.colcon_core.shell:Creating package descriptor '/home/push/CODe/ros2_ws/jazzy_default_ws/src/minimum_plugins/install/polygon_plugins/share/polygon_plugins/package.dsv'
[1.628s] INFO:colcon.colcon_core.shell:Creating package script '/home/push/CODe/ros2_ws/jazzy_default_ws/src/minimum_plugins/install/polygon_plugins/share/polygon_plugins/package.sh'
[1.632s] INFO:colcon.colcon_core.shell:Creating package script '/home/push/CODe/ros2_ws/jazzy_default_ws/src/minimum_plugins/install/polygon_plugins/share/polygon_plugins/package.bash'
[1.634s] INFO:colcon.colcon_core.shell:Creating package script '/home/push/CODe/ros2_ws/jazzy_default_ws/src/minimum_plugins/install/polygon_plugins/share/polygon_plugins/package.zsh'
[1.636s] Level 1:colcon.colcon_core.environment:create_file_with_runtime_dependencies(/home/push/CODe/ros2_ws/jazzy_default_ws/src/minimum_plugins/install/polygon_plugins/share/colcon-core/packages/polygon_plugins)
[1.637s] DEBUG:colcon.colcon_parallel_executor.executor.parallel:closing loop
[1.638s] DEBUG:colcon.colcon_parallel_executor.executor.parallel:loop closed
[1.638s] DEBUG:colcon.colcon_parallel_executor.executor.parallel:run_until_complete finished with '0'
[1.638s] DEBUG:colcon.colcon_core.event_reactor:joining thread
[1.658s] INFO:colcon.colcon_core.plugin_system:Skipping extension 'colcon_notification.desktop_notification.terminal_notifier': Not used on non-Darwin systems
[1.658s] INFO:colcon.colcon_core.plugin_system:Skipping extension 'colcon_notification.desktop_notification.win32': Not used on non-Windows systems
[1.659s] INFO:colcon.colcon_notification.desktop_notification:Sending desktop notification using 'notify2'
[1.714s] DEBUG:colcon.colcon_core.event_reactor:joined thread
[1.714s] INFO:colcon.colcon_core.shell:Creating prefix script '/home/push/CODe/ros2_ws/jazzy_default_ws/src/minimum_plugins/install/local_setup.ps1'
[1.718s] INFO:colcon.colcon_core.shell:Creating prefix util module '/home/push/CODe/ros2_ws/jazzy_default_ws/src/minimum_plugins/install/_local_setup_util_ps1.py'
[1.725s] INFO:colcon.colcon_core.shell:Creating prefix chain script '/home/push/CODe/ros2_ws/jazzy_default_ws/src/minimum_plugins/install/setup.ps1'
[1.733s] INFO:colcon.colcon_core.shell:Creating prefix script '/home/push/CODe/ros2_ws/jazzy_default_ws/src/minimum_plugins/install/local_setup.sh'
[1.736s] INFO:colcon.colcon_core.shell:Creating prefix util module '/home/push/CODe/ros2_ws/jazzy_default_ws/src/minimum_plugins/install/_local_setup_util_sh.py'
[1.739s] INFO:colcon.colcon_core.shell:Creating prefix chain script '/home/push/CODe/ros2_ws/jazzy_default_ws/src/minimum_plugins/install/setup.sh'
[1.744s] INFO:colcon.colcon_core.shell:Creating prefix script '/home/push/CODe/ros2_ws/jazzy_default_ws/src/minimum_plugins/install/local_setup.bash'
[1.747s] INFO:colcon.colcon_core.shell:Creating prefix chain script '/home/push/CODe/ros2_ws/jazzy_default_ws/src/minimum_plugins/install/setup.bash'
[1.753s] INFO:colcon.colcon_core.shell:Creating prefix script '/home/push/CODe/ros2_ws/jazzy_default_ws/src/minimum_plugins/install/local_setup.zsh'
[1.757s] INFO:colcon.colcon_core.shell:Creating prefix chain script '/home/push/CODe/ros2_ws/jazzy_default_ws/src/minimum_plugins/install/setup.zsh'
